21:06:54.996 Gauge Install ID: c2df18fd-009c-47d7-a7c5-41270e8387d0
21:06:55.254 Gauge daemon initialized and listening on port: 60774
21:16:09.389 Gauge Install ID: c2df18fd-009c-47d7-a7c5-41270e8387d0
21:16:11.059 Checking updates...
21:16:13.305 [ValidationError] /Users/apreeti/IdeaProjects/GaugeWithMaven/specs/search.spec:12 Step implementation not found => 'Navigate to "http://localhost:3000/"'
21:16:13.305 [ValidationError] /Users/apreeti/IdeaProjects/GaugeWithMaven/specs/search.spec:13 Step implementation not found => 'Enter log in details "x@x.com" and password "Test@123"'
21:16:13.305 [ValidationError] /Users/apreeti/IdeaProjects/GaugeWithMaven/specs/search.spec:14 Step implementation not found => 'Submit the form'
21:16:13.305 [ValidationError] /Users/apreeti/IdeaProjects/GaugeWithMaven/specs/search.spec:15 Step implementation not found => 'User should be logged in with message "MY ACCOUNT"'
21:16:13.892 Plugin [Html Report] with pid [4928] has exited
21:16:13.992 Specifications:	0 executed	0 passed	0 failed	1 skipped
21:16:13.992 Scenarios:	0 executed	0 passed	0 failed	1 skipped
21:16:13.992 
Total time taken: 81ms
21:16:13.992 Updates are available. Run `gauge update -c` for more info.
21:16:53.907 Gauge Install ID: c2df18fd-009c-47d7-a7c5-41270e8387d0
21:16:55.479 Checking updates...
21:16:59.728 Unable to connect to plugin Html Report 2.1.1. [Warning] Failed to send message to plugin: html-report  write tcp [::1]:60935->[::1]:60938: write: broken pipe
21:16:59.728 Killing Plugin Html Report 2.1.1
21:16:59.728 Failed to kill plugin Html Report 2.1.1. os: process already finished
21:17:01.239 Specifications:	1 executed	1 passed	0 failed	0 skipped
21:17:01.239 Scenarios:	1 executed	1 passed	0 failed	0 skipped
21:17:01.239 
Total time taken: 3.778s
21:17:01.239 Updates are available. Run `gauge update -c` for more info.
21:46:23.047 Gauge Install ID: c2df18fd-009c-47d7-a7c5-41270e8387d0
21:46:24.586 Checking updates...
21:46:28.528 Unable to connect to plugin Html Report 2.1.1. [Warning] Failed to send message to plugin: html-report  write tcp [::1]:64816->[::1]:64819: write: broken pipe
21:46:28.528 Killing Plugin Html Report 2.1.1
21:46:28.528 Failed to kill plugin Html Report 2.1.1. os: process already finished
21:46:30.498 Specifications:	1 executed	0 passed	1 failed	0 skipped
21:46:30.498 Scenarios:	1 executed	0 passed	1 failed	0 skipped
21:46:30.498 
Total time taken: 3.529s
21:46:30.498 Updates are available. Run `gauge update -c` for more info.
22:17:43.526 Gauge Install ID: c2df18fd-009c-47d7-a7c5-41270e8387d0
22:17:45.044 Checking updates...
22:17:48.972 Unable to connect to plugin Html Report 2.1.1. [Warning] Failed to send message to plugin: html-report  write tcp [::1]:53791->[::1]:53794: write: broken pipe
22:17:48.972 Killing Plugin Html Report 2.1.1
22:17:48.972 Failed to kill plugin Html Report 2.1.1. os: process already finished
22:17:50.649 Specifications:	1 executed	0 passed	1 failed	0 skipped
22:17:50.649 Scenarios:	1 executed	0 passed	1 failed	0 skipped
22:17:50.649 
Total time taken: 3.311s
22:17:50.649 Updates are available. Run `gauge update -c` for more info.
22:20:53.139 Gauge Install ID: c2df18fd-009c-47d7-a7c5-41270e8387d0
22:20:53.139 Executing => gauge run --machine-readable --hide-suggestion --simple-console specs/search.spec:16
22:20:53.140 Gauge Install ID: c2df18fd-009c-47d7-a7c5-41270e8387d0
22:20:54.359 Runner connection error: Runner with pid 5148 quit unexpectedly(exit status 1).
22:20:54.359 Error while killing runner: os: process already finished
22:20:54.359 Failed to start gauge API: Runner with pid 5148 quit unexpectedly(exit status 1).
22:21:10.360 Gauge Install ID: c2df18fd-009c-47d7-a7c5-41270e8387d0
22:21:11.759 Checking updates...
22:22:49.222 Unable to connect to plugin Html Report 2.1.1. [Warning] Failed to send message to plugin: html-report  write tcp [::1]:54620->[::1]:54623: write: broken pipe
22:22:49.222 Killing Plugin Html Report 2.1.1
22:22:49.222 Failed to kill plugin Html Report 2.1.1. os: process already finished
22:22:49.729 Specifications:	1 executed	0 passed	1 failed	0 skipped
22:22:49.729 Scenarios:	1 executed	0 passed	1 failed	0 skipped
22:22:49.729 
Total time taken: 1m30.162s
22:22:49.730 Updates are available. Run `gauge update -c` for more info.
22:22:56.500 Gauge Install ID: c2df18fd-009c-47d7-a7c5-41270e8387d0
22:22:58.100 Checking updates...
22:23:06.331 Unable to connect to plugin Html Report 2.1.1. [Warning] Failed to send message to plugin: html-report  write tcp [::1]:55102->[::1]:55105: write: broken pipe
22:23:06.331 Killing Plugin Html Report 2.1.1
22:23:06.331 Failed to kill plugin Html Report 2.1.1. os: process already finished
22:25:41.126 Killing runner with PID:5182 forcefully
22:25:41.126 Specifications:	1 executed	0 passed	1 failed	0 skipped
22:25:41.126 Scenarios:	1 executed	0 passed	1 failed	0 skipped
22:25:41.126 
Total time taken: 2m32.622s
22:25:41.126 Updates are available. Run `gauge update -c` for more info.
22:27:47.419 Gauge Install ID: c2df18fd-009c-47d7-a7c5-41270e8387d0
22:27:49.012 Checking updates...
22:27:55.361 Unable to connect to plugin Html Report 2.1.1. [Warning] Failed to send message to plugin: html-report  write tcp [::1]:56267->[::1]:56270: write: broken pipe
22:27:55.361 Killing Plugin Html Report 2.1.1
22:27:55.361 Failed to kill plugin Html Report 2.1.1. os: process already finished
22:27:56.727 Specifications:	1 executed	0 passed	1 failed	0 skipped
22:27:56.727 Scenarios:	1 executed	0 passed	1 failed	0 skipped
22:27:56.727 
Total time taken: 5.388s
22:27:56.727 Updates are available. Run `gauge update -c` for more info.
22:30:05.861 Gauge Install ID: c2df18fd-009c-47d7-a7c5-41270e8387d0
22:30:07.562 Checking updates...
22:30:11.963 Unable to connect to plugin Html Report 2.1.1. [Warning] Failed to send message to plugin: html-report  write tcp [::1]:56706->[::1]:56709: write: broken pipe
22:30:11.963 Killing Plugin Html Report 2.1.1
22:30:11.963 Failed to kill plugin Html Report 2.1.1. os: process already finished
22:30:13.315 Specifications:	1 executed	0 passed	1 failed	0 skipped
22:30:13.315 Scenarios:	1 executed	0 passed	1 failed	0 skipped
22:30:13.315 
Total time taken: 3.842s
22:30:13.315 Updates are available. Run `gauge update -c` for more info.
22:31:31.666 Gauge Install ID: c2df18fd-009c-47d7-a7c5-41270e8387d0
22:31:33.175 Checking updates...
22:34:26.213 Gauge Install ID: c2df18fd-009c-47d7-a7c5-41270e8387d0
22:34:27.745 Checking updates...
22:35:32.724 Gauge Install ID: c2df18fd-009c-47d7-a7c5-41270e8387d0
22:35:34.296 Checking updates...
22:36:06.402 Gauge Install ID: c2df18fd-009c-47d7-a7c5-41270e8387d0
22:36:07.787 Checking updates...
22:36:11.163 Unable to connect to plugin Html Report 2.1.1. [Warning] Failed to send message to plugin: html-report  write tcp [::1]:58408->[::1]:58412: write: broken pipe
22:36:11.163 Killing Plugin Html Report 2.1.1
22:36:11.163 Failed to kill plugin Html Report 2.1.1. os: process already finished
22:36:13.140 Specifications:	1 executed	0 passed	1 failed	0 skipped
22:36:13.140 Scenarios:	1 executed	0 passed	1 failed	0 skipped
22:36:13.140 
Total time taken: 3.109s
22:36:13.140 Updates are available. Run `gauge update -c` for more info.
22:39:57.470 Gauge Install ID: c2df18fd-009c-47d7-a7c5-41270e8387d0
22:39:58.922 Checking updates...
22:40:02.821 Unable to connect to plugin Html Report 2.1.1. [Warning] Failed to send message to plugin: html-report  write tcp [::1]:59241->[::1]:59244: write: broken pipe
22:40:02.821 Killing Plugin Html Report 2.1.1
22:40:02.821 Failed to kill plugin Html Report 2.1.1. os: process already finished
22:40:04.140 Specifications:	1 executed	1 passed	0 failed	0 skipped
22:40:04.140 Scenarios:	1 executed	1 passed	0 failed	0 skipped
22:40:04.140 
Total time taken: 3.041s
22:40:04.140 Updates are available. Run `gauge update -c` for more info.
22:46:54.972 Gauge Install ID: c2df18fd-009c-47d7-a7c5-41270e8387d0
22:46:56.511 Checking updates...
22:46:59.633 Unable to connect to plugin Html Report 2.1.1. [Warning] Failed to send message to plugin: html-report  write tcp [::1]:60720->[::1]:60723: write: broken pipe
22:46:59.633 Killing Plugin Html Report 2.1.1
22:46:59.633 Failed to kill plugin Html Report 2.1.1. os: process already finished
22:47:01.368 Specifications:	1 executed	1 passed	0 failed	0 skipped
22:47:01.368 Scenarios:	1 executed	1 passed	0 failed	0 skipped
22:47:01.368 
Total time taken: 2.813s
22:47:01.368 Updates are available. Run `gauge update -c` for more info.
22:49:09.009 Gauge Install ID: c2df18fd-009c-47d7-a7c5-41270e8387d0
22:49:10.538 Checking updates...
22:49:13.832 Unable to connect to plugin Html Report 2.1.1. [Warning] Failed to send message to plugin: html-report  write tcp [::1]:61114->[::1]:61117: write: broken pipe
22:49:13.832 Killing Plugin Html Report 2.1.1
22:49:13.832 Failed to kill plugin Html Report 2.1.1. os: process already finished
22:49:18.027 Specifications:	1 executed	1 passed	0 failed	0 skipped
22:49:18.027 Scenarios:	2 executed	2 passed	0 failed	0 skipped
22:49:18.027 
Total time taken: 5.313s
22:49:18.027 Updates are available. Run `gauge update -c` for more info.
22:50:38.706 Gauge Install ID: c2df18fd-009c-47d7-a7c5-41270e8387d0
22:50:40.192 Checking updates...
22:50:43.498 Unable to connect to plugin Html Report 2.1.1. [Warning] Failed to send message to plugin: html-report  write tcp [::1]:61455->[::1]:61458: write: broken pipe
22:50:43.498 Killing Plugin Html Report 2.1.1
22:50:43.498 Failed to kill plugin Html Report 2.1.1. os: process already finished
22:50:47.830 Specifications:	1 executed	1 passed	0 failed	0 skipped
22:50:47.832 Scenarios:	2 executed	2 passed	0 failed	0 skipped
22:50:47.832 
Total time taken: 5.505s
22:50:47.832 Updates are available. Run `gauge update -c` for more info.
22:52:32.299 Gauge Install ID: c2df18fd-009c-47d7-a7c5-41270e8387d0
22:52:33.761 Checking updates...
22:52:37.519 Unable to connect to plugin Html Report 2.1.1. [Warning] Failed to send message to plugin: html-report  write tcp [::1]:61841->[::1]:61844: write: broken pipe
22:52:37.519 Killing Plugin Html Report 2.1.1
22:52:37.519 Failed to kill plugin Html Report 2.1.1. os: process already finished
22:52:38.516 Specifications:	1 executed	1 passed	0 failed	0 skipped
22:52:38.516 Scenarios:	1 executed	1 passed	0 failed	0 skipped
22:52:38.516 
Total time taken: 2.915s
22:52:38.516 Updates are available. Run `gauge update -c` for more info.
22:52:57.036 Gauge Install ID: c2df18fd-009c-47d7-a7c5-41270e8387d0
22:52:58.599 Checking updates...
22:53:00.894 Unable to connect to plugin Html Report 2.1.1. [Warning] Failed to send message to plugin: html-report  write tcp [::1]:62006->[::1]:62009: write: broken pipe
22:53:00.894 Killing Plugin Html Report 2.1.1
22:53:00.894 Failed to kill plugin Html Report 2.1.1. os: process already finished
22:53:01.096 Specifications:	1 executed	0 passed	1 failed	0 skipped
22:53:01.096 Scenarios:	1 executed	0 passed	1 failed	0 skipped
22:53:01.096 
Total time taken: 741ms
22:53:01.096 Updates are available. Run `gauge update -c` for more info.
22:53:07.526 Gauge Install ID: c2df18fd-009c-47d7-a7c5-41270e8387d0
22:53:09.059 Checking updates...
22:53:12.679 Unable to connect to plugin Html Report 2.1.1. [Warning] Failed to send message to plugin: html-report  write tcp [::1]:62044->[::1]:62047: write: broken pipe
22:53:12.679 Killing Plugin Html Report 2.1.1
22:53:12.679 Failed to kill plugin Html Report 2.1.1. os: process already finished
22:53:14.472 Specifications:	1 executed	1 passed	0 failed	0 skipped
22:53:14.472 Scenarios:	3 executed	3 passed	0 failed	0 skipped
22:53:14.472 
Total time taken: 3.613s
22:53:14.472 Updates are available. Run `gauge update -c` for more info.
11:29:49.698 Gauge Install ID: c2df18fd-009c-47d7-a7c5-41270e8387d0
11:29:49.704 Unable to send analytics data, Post https://www.google-analytics.com/collect: dial tcp: lookup www.google-analytics.com on [::1]:53: read udp [::1]:56012->[::1]:53: read: connection refused
11:29:49.706 Unable to send analytics data, Post https://www.google-analytics.com/collect: dial tcp: lookup www.google-analytics.com on [::1]:53: read udp [::1]:61062->[::1]:53: read: connection refused
11:29:49.709 Checking updates...
11:29:49.711 Failed to download csharp-install.json file: Get https://downloads.getgauge.io/plugin/csharp?l=java&p=csharp,html-report,java,ruby,screenshot&o=darwin&a=amd64: dial tcp: lookup downloads.getgauge.io on [::1]:53: read udp [::1]:50162->[::1]:53: read: connection refused
11:29:49.713 Failed to download html-report-install.json file: Get https://downloads.getgauge.io/plugin/html-report?l=java&p=csharp,html-report,java,ruby,screenshot&o=darwin&a=amd64: dial tcp: lookup downloads.getgauge.io on [::1]:53: read udp [::1]:52794->[::1]:53: read: connection refused
11:29:49.715 Failed to download java-install.json file: Get https://downloads.getgauge.io/plugin/java?l=java&p=csharp,html-report,java,ruby,screenshot&o=darwin&a=amd64: dial tcp: lookup downloads.getgauge.io on [::1]:53: read udp [::1]:63064->[::1]:53: read: connection refused
11:29:49.717 Failed to download ruby-install.json file: Get https://downloads.getgauge.io/plugin/ruby?l=java&p=csharp,html-report,java,ruby,screenshot&o=darwin&a=amd64: dial tcp: lookup downloads.getgauge.io on [::1]:53: read udp [::1]:57759->[::1]:53: read: connection refused
11:29:49.719 Failed to download screenshot-install.json file: Get https://downloads.getgauge.io/plugin/screenshot?l=java&p=csharp,html-report,java,ruby,screenshot&o=darwin&a=amd64: dial tcp: lookup downloads.getgauge.io on [::1]:53: read udp [::1]:52448->[::1]:53: read: connection refused
11:29:53.950 Unable to connect to plugin Html Report 2.1.1. [Warning] Failed to send message to plugin: html-report  write tcp [::1]:55312->[::1]:55315: write: broken pipe
11:29:53.950 Killing Plugin Html Report 2.1.1
11:29:53.950 Failed to kill plugin Html Report 2.1.1. os: process already finished
11:29:54.468 Specifications:	1 executed	0 passed	1 failed	0 skipped
11:29:54.468 Scenarios:	2 executed	0 passed	2 failed	0 skipped
11:29:54.468 
Total time taken: 1.236s
11:30:01.180 Gauge Install ID: c2df18fd-009c-47d7-a7c5-41270e8387d0
11:30:01.182 Unable to send analytics data, Post https://www.google-analytics.com/collect: dial tcp: lookup www.google-analytics.com on [::1]:53: read udp [::1]:53060->[::1]:53: read: connection refused
11:30:01.183 Unable to send analytics data, Post https://www.google-analytics.com/collect: dial tcp: lookup www.google-analytics.com on [::1]:53: read udp [::1]:52601->[::1]:53: read: connection refused
11:30:01.185 Checking updates...
11:30:01.188 Failed to download csharp-install.json file: Get https://downloads.getgauge.io/plugin/csharp?l=java&p=csharp,html-report,java,ruby,screenshot&o=darwin&a=amd64: dial tcp: lookup downloads.getgauge.io on [::1]:53: read udp [::1]:57867->[::1]:53: read: connection refused
11:30:01.189 Failed to download html-report-install.json file: Get https://downloads.getgauge.io/plugin/html-report?l=java&p=csharp,html-report,java,ruby,screenshot&o=darwin&a=amd64: dial tcp: lookup downloads.getgauge.io on [::1]:53: read udp [::1]:57265->[::1]:53: read: connection refused
11:30:01.190 Failed to download java-install.json file: Get https://downloads.getgauge.io/plugin/java?l=java&p=csharp,html-report,java,ruby,screenshot&o=darwin&a=amd64: dial tcp: lookup downloads.getgauge.io on [::1]:53: read udp [::1]:53881->[::1]:53: read: connection refused
11:30:01.192 Failed to download ruby-install.json file: Get https://downloads.getgauge.io/plugin/ruby?l=java&p=csharp,html-report,java,ruby,screenshot&o=darwin&a=amd64: dial tcp: lookup downloads.getgauge.io on [::1]:53: read udp [::1]:64100->[::1]:53: read: connection refused
11:30:01.194 Failed to download screenshot-install.json file: Get https://downloads.getgauge.io/plugin/screenshot?l=java&p=csharp,html-report,java,ruby,screenshot&o=darwin&a=amd64: dial tcp: lookup downloads.getgauge.io on [::1]:53: read udp [::1]:58251->[::1]:53: read: connection refused
11:30:05.945 Unable to connect to plugin Html Report 2.1.1. [Warning] Failed to send message to plugin: html-report  write tcp [::1]:55463->[::1]:55466: write: broken pipe
11:30:05.945 Killing Plugin Html Report 2.1.1
11:30:05.945 Failed to kill plugin Html Report 2.1.1. os: process already finished
11:30:06.592 Specifications:	1 executed	0 passed	1 failed	0 skipped
11:30:06.593 Scenarios:	2 executed	0 passed	2 failed	0 skipped
11:30:06.593 
Total time taken: 1.397s
11:30:45.253 Gauge Install ID: c2df18fd-009c-47d7-a7c5-41270e8387d0
11:30:45.256 Unable to send analytics data, Post https://www.google-analytics.com/collect: dial tcp: lookup www.google-analytics.com on [::1]:53: read udp [::1]:55418->[::1]:53: read: connection refused
11:30:45.257 Unable to send analytics data, Post https://www.google-analytics.com/collect: dial tcp: lookup www.google-analytics.com on [::1]:53: read udp [::1]:51492->[::1]:53: read: connection refused
11:30:45.260 Checking updates...
11:30:45.263 Failed to download csharp-install.json file: Get https://downloads.getgauge.io/plugin/csharp?l=java&p=csharp,html-report,java,ruby,screenshot&o=darwin&a=amd64: dial tcp: lookup downloads.getgauge.io on [::1]:53: read udp [::1]:62465->[::1]:53: read: connection refused
11:30:45.264 Failed to download html-report-install.json file: Get https://downloads.getgauge.io/plugin/html-report?l=java&p=csharp,html-report,java,ruby,screenshot&o=darwin&a=amd64: dial tcp: lookup downloads.getgauge.io on [::1]:53: read udp [::1]:64032->[::1]:53: read: connection refused
11:30:45.266 Failed to download java-install.json file: Get https://downloads.getgauge.io/plugin/java?l=java&p=csharp,html-report,java,ruby,screenshot&o=darwin&a=amd64: dial tcp: lookup downloads.getgauge.io on [::1]:53: read udp [::1]:57547->[::1]:53: read: connection refused
11:30:45.270 Failed to download ruby-install.json file: Get https://downloads.getgauge.io/plugin/ruby?l=java&p=csharp,html-report,java,ruby,screenshot&o=darwin&a=amd64: dial tcp: lookup downloads.getgauge.io on [::1]:53: read udp [::1]:62232->[::1]:53: read: connection refused
11:30:45.272 Failed to download screenshot-install.json file: Get https://downloads.getgauge.io/plugin/screenshot?l=java&p=csharp,html-report,java,ruby,screenshot&o=darwin&a=amd64: dial tcp: lookup downloads.getgauge.io on [::1]:53: read udp [::1]:55657->[::1]:53: read: connection refused
11:30:58.473 Error starting plugin Html Report 2.1.1. Failed to connect to plugin. Timed out connecting to [::]:55898
11:31:03.805 Specifications:	1 executed	0 passed	1 failed	0 skipped
11:31:03.805 Scenarios:	2 executed	0 passed	2 failed	0 skipped
11:31:03.805 
Total time taken: 14.839s
11:31:16.505 Gauge Install ID: c2df18fd-009c-47d7-a7c5-41270e8387d0
11:31:16.508 Unable to send analytics data, Post https://www.google-analytics.com/collect: dial tcp: lookup www.google-analytics.com on [::1]:53: read udp [::1]:61395->[::1]:53: read: connection refused
11:31:16.509 Unable to send analytics data, Post https://www.google-analytics.com/collect: dial tcp: lookup www.google-analytics.com on [::1]:53: read udp [::1]:52573->[::1]:53: read: connection refused
11:31:16.512 Checking updates...
11:31:16.518 Failed to download csharp-install.json file: Get https://downloads.getgauge.io/plugin/csharp?l=java&p=csharp,html-report,java,ruby,screenshot&o=darwin&a=amd64: dial tcp: lookup downloads.getgauge.io on [::1]:53: read udp [::1]:60407->[::1]:53: read: connection refused
11:31:16.519 Failed to download html-report-install.json file: Get https://downloads.getgauge.io/plugin/html-report?l=java&p=csharp,html-report,java,ruby,screenshot&o=darwin&a=amd64: dial tcp: lookup downloads.getgauge.io on [::1]:53: read udp [::1]:52263->[::1]:53: read: connection refused
11:31:16.521 Failed to download java-install.json file: Get https://downloads.getgauge.io/plugin/java?l=java&p=csharp,html-report,java,ruby,screenshot&o=darwin&a=amd64: dial tcp: lookup downloads.getgauge.io on [::1]:53: read udp [::1]:53036->[::1]:53: read: connection refused
11:31:16.524 Failed to download ruby-install.json file: Get https://downloads.getgauge.io/plugin/ruby?l=java&p=csharp,html-report,java,ruby,screenshot&o=darwin&a=amd64: dial tcp: lookup downloads.getgauge.io on [::1]:53: read udp [::1]:53210->[::1]:53: read: connection refused
11:31:16.525 Failed to download screenshot-install.json file: Get https://downloads.getgauge.io/plugin/screenshot?l=java&p=csharp,html-report,java,ruby,screenshot&o=darwin&a=amd64: dial tcp: lookup downloads.getgauge.io on [::1]:53: read udp [::1]:59201->[::1]:53: read: connection refused
11:31:21.904 Unable to connect to plugin Html Report 2.1.1. [Warning] Failed to send message to plugin: html-report  write tcp [::1]:56236->[::1]:56239: write: broken pipe
11:31:21.904 Killing Plugin Html Report 2.1.1
11:31:21.904 Failed to kill plugin Html Report 2.1.1. os: process already finished
11:31:24.583 Specifications:	1 executed	0 passed	1 failed	0 skipped
11:31:24.583 Scenarios:	2 executed	0 passed	2 failed	0 skipped
11:31:24.584 
Total time taken: 4.11s
11:32:22.037 Gauge Install ID: c2df18fd-009c-47d7-a7c5-41270e8387d0
11:32:22.038 Unable to send analytics data, Post https://www.google-analytics.com/collect: dial tcp: lookup www.google-analytics.com on [::1]:53: read udp [::1]:62144->[::1]:53: read: connection refused
11:32:22.040 Unable to send analytics data, Post https://www.google-analytics.com/collect: dial tcp: lookup www.google-analytics.com on [::1]:53: read udp [::1]:53724->[::1]:53: read: connection refused
11:32:22.043 Checking updates...
11:32:22.048 Failed to download csharp-install.json file: Get https://downloads.getgauge.io/plugin/csharp?l=java&p=csharp,html-report,java,ruby,screenshot&o=darwin&a=amd64: dial tcp: lookup downloads.getgauge.io on [::1]:53: read udp [::1]:63479->[::1]:53: read: connection refused
11:32:22.050 Failed to download html-report-install.json file: Get https://downloads.getgauge.io/plugin/html-report?l=java&p=csharp,html-report,java,ruby,screenshot&o=darwin&a=amd64: dial tcp: lookup downloads.getgauge.io on [::1]:53: read udp [::1]:63216->[::1]:53: read: connection refused
11:32:22.052 Failed to download java-install.json file: Get https://downloads.getgauge.io/plugin/java?l=java&p=csharp,html-report,java,ruby,screenshot&o=darwin&a=amd64: dial tcp: lookup downloads.getgauge.io on [::1]:53: read udp [::1]:49662->[::1]:53: read: connection refused
11:32:22.054 Failed to download ruby-install.json file: Get https://downloads.getgauge.io/plugin/ruby?l=java&p=csharp,html-report,java,ruby,screenshot&o=darwin&a=amd64: dial tcp: lookup downloads.getgauge.io on [::1]:53: read udp [::1]:59802->[::1]:53: read: connection refused
11:32:22.055 Failed to download screenshot-install.json file: Get https://downloads.getgauge.io/plugin/screenshot?l=java&p=csharp,html-report,java,ruby,screenshot&o=darwin&a=amd64: dial tcp: lookup downloads.getgauge.io on [::1]:53: read udp [::1]:63652->[::1]:53: read: connection refused
11:32:27.510 Unable to connect to plugin Html Report 2.1.1. [Warning] Failed to send message to plugin: html-report  write tcp [::1]:56919->[::1]:56922: write: broken pipe
11:32:27.510 Killing Plugin Html Report 2.1.1
11:32:27.510 Failed to kill plugin Html Report 2.1.1. os: process already finished
11:32:32.042 Specifications:	1 executed	1 passed	0 failed	0 skipped
11:32:32.042 Scenarios:	2 executed	2 passed	0 failed	0 skipped
11:32:32.042 
Total time taken: 6.316s
11:33:00.202 Gauge Install ID: c2df18fd-009c-47d7-a7c5-41270e8387d0
11:33:00.204 Unable to send analytics data, Post https://www.google-analytics.com/collect: dial tcp: lookup www.google-analytics.com on [::1]:53: read udp [::1]:56449->[::1]:53: read: connection refused
11:33:00.205 Unable to send analytics data, Post https://www.google-analytics.com/collect: dial tcp: lookup www.google-analytics.com on [::1]:53: read udp [::1]:60411->[::1]:53: read: connection refused
11:33:00.209 Checking updates...
11:33:00.214 Failed to download csharp-install.json file: Get https://downloads.getgauge.io/plugin/csharp?l=java&p=csharp,html-report,java,ruby,screenshot&o=darwin&a=amd64: dial tcp: lookup downloads.getgauge.io on [::1]:53: read udp [::1]:61707->[::1]:53: read: connection refused
11:33:00.216 Failed to download html-report-install.json file: Get https://downloads.getgauge.io/plugin/html-report?l=java&p=csharp,html-report,java,ruby,screenshot&o=darwin&a=amd64: dial tcp: lookup downloads.getgauge.io on [::1]:53: read udp [::1]:56836->[::1]:53: read: connection refused
11:33:00.219 Failed to download java-install.json file: Get https://downloads.getgauge.io/plugin/java?l=java&p=csharp,html-report,java,ruby,screenshot&o=darwin&a=amd64: dial tcp: lookup downloads.getgauge.io on [::1]:53: read udp [::1]:63400->[::1]:53: read: connection refused
11:33:00.221 Failed to download ruby-install.json file: Get https://downloads.getgauge.io/plugin/ruby?l=java&p=csharp,html-report,java,ruby,screenshot&o=darwin&a=amd64: dial tcp: lookup downloads.getgauge.io on [::1]:53: read udp [::1]:53229->[::1]:53: read: connection refused
11:33:00.222 Failed to download screenshot-install.json file: Get https://downloads.getgauge.io/plugin/screenshot?l=java&p=csharp,html-report,java,ruby,screenshot&o=darwin&a=amd64: dial tcp: lookup downloads.getgauge.io on [::1]:53: read udp [::1]:52385->[::1]:53: read: connection refused
11:33:05.619 Unable to connect to plugin Html Report 2.1.1. [Warning] Failed to send message to plugin: html-report  write tcp [::1]:57266->[::1]:57269: write: broken pipe
11:33:05.619 Killing Plugin Html Report 2.1.1
11:33:05.619 Failed to kill plugin Html Report 2.1.1. os: process already finished
11:33:10.511 Specifications:	1 executed	1 passed	0 failed	0 skipped
11:33:10.511 Scenarios:	2 executed	2 passed	0 failed	0 skipped
11:33:10.511 
Total time taken: 6.46s
11:34:04.365 Gauge Install ID: c2df18fd-009c-47d7-a7c5-41270e8387d0
11:34:04.367 Unable to send analytics data, Post https://www.google-analytics.com/collect: dial tcp: lookup www.google-analytics.com on [::1]:53: read udp [::1]:58906->[::1]:53: read: connection refused
11:34:04.368 Unable to send analytics data, Post https://www.google-analytics.com/collect: dial tcp: lookup www.google-analytics.com on [::1]:53: read udp [::1]:58435->[::1]:53: read: connection refused
11:34:04.372 Checking updates...
11:34:04.378 Failed to download csharp-install.json file: Get https://downloads.getgauge.io/plugin/csharp?l=java&p=csharp,html-report,java,ruby,screenshot&o=darwin&a=amd64: dial tcp: lookup downloads.getgauge.io on [::1]:53: read udp [::1]:60250->[::1]:53: read: connection refused
11:34:04.380 Failed to download html-report-install.json file: Get https://downloads.getgauge.io/plugin/html-report?l=java&p=csharp,html-report,java,ruby,screenshot&o=darwin&a=amd64: dial tcp: lookup downloads.getgauge.io on [::1]:53: read udp [::1]:49185->[::1]:53: read: connection refused
11:34:04.381 Failed to download java-install.json file: Get https://downloads.getgauge.io/plugin/java?l=java&p=csharp,html-report,java,ruby,screenshot&o=darwin&a=amd64: dial tcp: lookup downloads.getgauge.io on [::1]:53: read udp [::1]:54664->[::1]:53: read: connection refused
11:34:04.382 Failed to download ruby-install.json file: Get https://downloads.getgauge.io/plugin/ruby?l=java&p=csharp,html-report,java,ruby,screenshot&o=darwin&a=amd64: dial tcp: lookup downloads.getgauge.io on [::1]:53: read udp [::1]:64997->[::1]:53: read: connection refused
11:34:04.384 Failed to download screenshot-install.json file: Get https://downloads.getgauge.io/plugin/screenshot?l=java&p=csharp,html-report,java,ruby,screenshot&o=darwin&a=amd64: dial tcp: lookup downloads.getgauge.io on [::1]:53: read udp [::1]:64684->[::1]:53: read: connection refused
11:34:09.462 Unable to connect to plugin Html Report 2.1.1. [Warning] Failed to send message to plugin: html-report  write tcp [::1]:57744->[::1]:57747: write: broken pipe
11:34:09.462 Killing Plugin Html Report 2.1.1
11:34:09.462 Failed to kill plugin Html Report 2.1.1. os: process already finished
11:34:11.056 Specifications:	1 executed	1 passed	0 failed	0 skipped
11:34:11.056 Scenarios:	2 executed	2 passed	0 failed	0 skipped
11:34:11.056 
Total time taken: 3.294s
16:50:25.565 Gauge Install ID: c2df18fd-009c-47d7-a7c5-41270e8387d0
16:50:25.841 Gauge daemon initialized and listening on port: 55171
16:53:13.288 Gauge Install ID: c2df18fd-009c-47d7-a7c5-41270e8387d0
16:53:15.019 Checking updates...
16:53:17.558 Unable to connect to plugin Html Report 2.1.1. [Warning] Failed to send message to plugin: html-report  write tcp [::1]:55263->[::1]:55266: write: broken pipe
16:53:17.558 Killing Plugin Html Report 2.1.1
16:53:17.558 Failed to kill plugin Html Report 2.1.1. os: process already finished
16:53:18.377 Specifications:	1 executed	0 passed	1 failed	0 skipped
16:53:18.377 Scenarios:	1 executed	0 passed	1 failed	0 skipped
16:53:18.377 
Total time taken: 1.187s
16:53:18.377 Updates are available. Run `gauge update -c` for more info.
16:53:24.060 Gauge Install ID: c2df18fd-009c-47d7-a7c5-41270e8387d0
16:53:25.608 Checking updates...
16:53:27.995 Unable to connect to plugin Html Report 2.1.1. [Warning] Failed to send message to plugin: html-report  write tcp [::1]:55282->[::1]:55285: write: broken pipe
16:53:27.995 Killing Plugin Html Report 2.1.1
16:53:27.995 Failed to kill plugin Html Report 2.1.1. os: process already finished
16:53:28.466 Specifications:	1 executed	0 passed	1 failed	0 skipped
16:53:28.466 Scenarios:	1 executed	0 passed	1 failed	0 skipped
16:53:28.466 
Total time taken: 1.153s
16:53:28.466 Updates are available. Run `gauge update -c` for more info.
17:15:51.027 Gauge Install ID: c2df18fd-009c-47d7-a7c5-41270e8387d0
17:15:53.211 Checking updates...
17:15:57.418 Unable to connect to plugin Html Report 2.1.1. [Warning] Failed to send message to plugin: html-report  write tcp [::1]:55883->[::1]:55886: write: broken pipe
17:15:57.418 Killing Plugin Html Report 2.1.1
17:15:57.418 Failed to kill plugin Html Report 2.1.1. os: process already finished
17:15:59.753 Specifications:	1 executed	0 passed	1 failed	0 skipped
17:15:59.753 Scenarios:	1 executed	0 passed	1 failed	0 skipped
17:15:59.753 
Total time taken: 4.753s
17:15:59.753 Updates are available. Run `gauge update -c` for more info.
17:23:54.137 Gauge Install ID: c2df18fd-009c-47d7-a7c5-41270e8387d0
17:23:56.089 Checking updates...
17:23:59.576 Unable to connect to plugin Html Report 2.1.1. [Warning] Failed to send message to plugin: html-report  write tcp [::1]:56230->[::1]:56233: write: broken pipe
17:23:59.576 Killing Plugin Html Report 2.1.1
17:23:59.576 Failed to kill plugin Html Report 2.1.1. os: process already finished
17:24:01.236 Specifications:	1 executed	0 passed	1 failed	0 skipped
17:24:01.238 Scenarios:	1 executed	0 passed	1 failed	0 skipped
17:24:01.238 
Total time taken: 3.102s
17:24:01.239 Updates are available. Run `gauge update -c` for more info.
17:26:05.344 Gauge Install ID: c2df18fd-009c-47d7-a7c5-41270e8387d0
17:26:06.800 Checking updates...
17:27:43.619 Unable to connect to plugin Html Report 2.1.1. [Warning] Failed to send message to plugin: html-report  write tcp [::1]:56418->[::1]:56421: write: broken pipe
17:27:43.621 Killing Plugin Html Report 2.1.1
17:27:43.621 Failed to kill plugin Html Report 2.1.1. os: process already finished
17:28:03.912 Failed to initialize scenario datastore. Error: proto: bad wiretype for field gauge_messages.Message.ExecuteStepRequest: got wiretype 6, want 2
17:28:30.905 Specifications:	1 executed	0 passed	1 failed	0 skipped
17:28:30.905 Scenarios:	0 executed	0 passed	1 failed	1 skipped
17:28:30.905 
Total time taken: 2m17.238s
17:28:30.905 Updates are available. Run `gauge update -c` for more info.
17:29:28.628 Gauge Install ID: c2df18fd-009c-47d7-a7c5-41270e8387d0
17:29:30.192 Checking updates...
17:29:39.094 Unable to connect to plugin Html Report 2.1.1. [Warning] Failed to send message to plugin: html-report  write tcp [::1]:56534->[::1]:56537: write: broken pipe
17:29:39.094 Killing Plugin Html Report 2.1.1
17:29:39.094 Failed to kill plugin Html Report 2.1.1. os: process already finished
17:29:41.637 Specifications:	1 executed	0 passed	1 failed	0 skipped
17:29:41.637 Scenarios:	1 executed	0 passed	1 failed	0 skipped
17:29:41.637 
Total time taken: 4.585s
17:29:41.637 Updates are available. Run `gauge update -c` for more info.
17:29:57.964 Gauge Install ID: c2df18fd-009c-47d7-a7c5-41270e8387d0
17:29:59.668 Checking updates...
17:30:08.448 Unable to connect to plugin Html Report 2.1.1. [Warning] Failed to send message to plugin: html-report  write tcp [::1]:56613->[::1]:56616: write: broken pipe
17:30:08.448 Killing Plugin Html Report 2.1.1
17:30:08.448 Failed to kill plugin Html Report 2.1.1. os: process already finished
17:30:11.081 Specifications:	1 executed	0 passed	1 failed	0 skipped
17:30:11.081 Scenarios:	1 executed	0 passed	1 failed	0 skipped
17:30:11.081 
Total time taken: 4.748s
17:30:11.081 Updates are available. Run `gauge update -c` for more info.
17:33:27.344 Gauge Install ID: c2df18fd-009c-47d7-a7c5-41270e8387d0
17:33:29.282 Checking updates...
17:33:33.080 Unable to connect to plugin Html Report 2.1.1. [Warning] Failed to send message to plugin: html-report  write tcp [::1]:56755->[::1]:56758: write: broken pipe
17:33:33.080 Killing Plugin Html Report 2.1.1
17:33:33.081 Failed to kill plugin Html Report 2.1.1. os: process already finished
17:33:37.731 Specifications:	1 executed	0 passed	1 failed	0 skipped
17:33:37.733 Scenarios:	1 executed	0 passed	1 failed	0 skipped
17:33:37.733 
Total time taken: 6.35s
17:33:37.733 Updates are available. Run `gauge update -c` for more info.
17:36:10.870 Gauge Install ID: c2df18fd-009c-47d7-a7c5-41270e8387d0
17:36:12.534 Checking updates...
17:36:16.547 Unable to connect to plugin Html Report 2.1.1. [Warning] Failed to send message to plugin: html-report  write tcp [::1]:56910->[::1]:56913: write: broken pipe
17:36:16.547 Killing Plugin Html Report 2.1.1
17:36:16.547 Failed to kill plugin Html Report 2.1.1. os: process already finished
17:36:21.241 Specifications:	1 executed	1 passed	0 failed	0 skipped
17:36:21.241 Scenarios:	1 executed	1 passed	0 failed	0 skipped
17:36:21.241 
Total time taken: 6.986s
17:36:21.242 Updates are available. Run `gauge update -c` for more info.
17:39:30.226 Gauge Install ID: c2df18fd-009c-47d7-a7c5-41270e8387d0
17:39:32.083 Checking updates...
17:39:35.114 Unable to connect to plugin Html Report 2.1.1. [Warning] Failed to send message to plugin: html-report  write tcp [::1]:57089->[::1]:57092: write: broken pipe
17:39:35.114 Killing Plugin Html Report 2.1.1
17:39:35.114 Failed to kill plugin Html Report 2.1.1. os: process already finished
17:39:36.551 Specifications:	1 executed	0 passed	1 failed	0 skipped
17:39:36.551 Scenarios:	1 executed	0 passed	1 failed	0 skipped
17:39:36.551 
Total time taken: 2.567s
17:39:36.551 Updates are available. Run `gauge update -c` for more info.
17:39:48.866 Gauge Install ID: c2df18fd-009c-47d7-a7c5-41270e8387d0
17:39:50.758 Checking updates...
17:39:53.892 Unable to connect to plugin Html Report 2.1.1. [Warning] Failed to send message to plugin: html-report  write tcp [::1]:57143->[::1]:57146: write: broken pipe
17:39:53.892 Killing Plugin Html Report 2.1.1
17:39:53.892 Failed to kill plugin Html Report 2.1.1. os: process already finished
17:39:55.319 Specifications:	1 executed	0 passed	1 failed	0 skipped
17:39:55.319 Scenarios:	1 executed	0 passed	1 failed	0 skipped
17:39:55.319 
Total time taken: 2.702s
17:39:55.319 Updates are available. Run `gauge update -c` for more info.
17:41:53.261 Gauge Install ID: c2df18fd-009c-47d7-a7c5-41270e8387d0
17:41:55.471 Checking updates...
17:41:58.421 Unable to connect to plugin Html Report 2.1.1. [Warning] Failed to send message to plugin: html-report  write tcp [::1]:57237->[::1]:57240: write: broken pipe
17:41:58.421 Killing Plugin Html Report 2.1.1
17:41:58.421 Failed to kill plugin Html Report 2.1.1. os: process already finished
17:41:59.825 Specifications:	1 executed	0 passed	1 failed	0 skipped
17:41:59.825 Scenarios:	1 executed	0 passed	1 failed	0 skipped
17:41:59.825 
Total time taken: 2.679s
17:41:59.826 Updates are available. Run `gauge update -c` for more info.
17:42:59.324 Gauge Install ID: c2df18fd-009c-47d7-a7c5-41270e8387d0
17:43:00.827 Checking updates...
17:43:04.809 Unable to connect to plugin Html Report 2.1.1. [Warning] Failed to send message to plugin: html-report  write tcp [::1]:57311->[::1]:57314: write: broken pipe
17:43:04.809 Killing Plugin Html Report 2.1.1
17:43:04.809 Failed to kill plugin Html Report 2.1.1. os: process already finished
17:43:12.282 Specifications:	1 executed	0 passed	1 failed	0 skipped
17:43:12.282 Scenarios:	1 executed	0 passed	1 failed	0 skipped
17:43:12.282 
Total time taken: 9.331s
17:43:12.282 Updates are available. Run `gauge update -c` for more info.
17:48:02.754 Gauge Install ID: c2df18fd-009c-47d7-a7c5-41270e8387d0
17:48:04.315 Checking updates...
17:48:08.714 Unable to connect to plugin Html Report 2.1.1. [Warning] Failed to send message to plugin: html-report  write tcp [::1]:58201->[::1]:58204: write: broken pipe
17:48:08.714 Killing Plugin Html Report 2.1.1
17:48:08.714 Failed to kill plugin Html Report 2.1.1. os: process already finished
17:48:15.632 Specifications:	1 executed	0 passed	1 failed	0 skipped
17:48:15.632 Scenarios:	1 executed	0 passed	1 failed	0 skipped
17:48:15.632 
Total time taken: 8.962s
17:48:15.632 Updates are available. Run `gauge update -c` for more info.
17:49:25.416 Gauge Install ID: c2df18fd-009c-47d7-a7c5-41270e8387d0
17:49:27.021 Checking updates...
17:49:31.346 Unable to connect to plugin Html Report 2.1.1. [Warning] Failed to send message to plugin: html-report  write tcp [::1]:58650->[::1]:58653: write: broken pipe
17:49:31.346 Killing Plugin Html Report 2.1.1
17:49:31.346 Failed to kill plugin Html Report 2.1.1. os: process already finished
17:49:39.921 Specifications:	1 executed	0 passed	1 failed	0 skipped
17:49:39.921 Scenarios:	1 executed	0 passed	1 failed	0 skipped
17:49:39.921 
Total time taken: 10.733s
17:49:39.921 Updates are available. Run `gauge update -c` for more info.
17:50:41.148 Gauge Install ID: c2df18fd-009c-47d7-a7c5-41270e8387d0
17:50:42.595 Checking updates...
17:50:51.475 Unable to connect to plugin Html Report 2.1.1. [Warning] Failed to send message to plugin: html-report  write tcp [::1]:59084->[::1]:59087: write: broken pipe
17:50:51.475 Killing Plugin Html Report 2.1.1
17:50:51.475 Failed to kill plugin Html Report 2.1.1. os: process already finished
17:50:58.489 Specifications:	1 executed	0 passed	1 failed	0 skipped
17:50:58.489 Scenarios:	1 executed	0 passed	1 failed	0 skipped
17:50:58.489 
Total time taken: 8.841s
17:50:58.490 Updates are available. Run `gauge update -c` for more info.
17:51:23.898 Gauge Install ID: c2df18fd-009c-47d7-a7c5-41270e8387d0
17:51:25.634 Checking updates...
17:51:34.936 Unable to connect to plugin Html Report 2.1.1. [Warning] Failed to send message to plugin: html-report  write tcp [::1]:59384->[::1]:59387: write: broken pipe
17:51:34.936 Killing Plugin Html Report 2.1.1
17:51:34.936 Failed to kill plugin Html Report 2.1.1. os: process already finished
17:51:41.821 Specifications:	1 executed	0 passed	1 failed	0 skipped
17:51:41.821 Scenarios:	1 executed	0 passed	1 failed	0 skipped
17:51:41.821 
Total time taken: 9.286s
17:51:41.821 Updates are available. Run `gauge update -c` for more info.
17:52:45.517 Gauge Install ID: c2df18fd-009c-47d7-a7c5-41270e8387d0
17:52:46.929 Checking updates...
17:52:55.301 Unable to connect to plugin Html Report 2.1.1. [Warning] Failed to send message to plugin: html-report  write tcp [::1]:59825->[::1]:59828: write: broken pipe
17:52:55.302 Killing Plugin Html Report 2.1.1
17:52:55.302 Failed to kill plugin Html Report 2.1.1. os: process already finished
17:53:02.579 Specifications:	1 executed	0 passed	1 failed	0 skipped
17:53:02.579 Scenarios:	1 executed	0 passed	1 failed	0 skipped
17:53:02.579 
Total time taken: 8.766s
17:53:02.579 Updates are available. Run `gauge update -c` for more info.
17:55:07.559 Gauge Install ID: c2df18fd-009c-47d7-a7c5-41270e8387d0
17:55:09.047 Checking updates...
17:55:15.376 [ValidationError] /Users/apreeti/IdeaProjects/GaugeWithMaven/specs/createUserAndLogin.spec:19 Duplicate step implementation => 'Log out'
17:55:15.914 Plugin [Html Report] with pid [9993] has exited
17:55:16.015 Specifications:	1 executed	1 passed	0 failed	0 skipped
17:55:16.015 Scenarios:	0 executed	0 passed	0 failed	1 skipped
17:55:16.015 
Total time taken: 34ms
17:55:16.015 Updates are available. Run `gauge update -c` for more info.
17:55:21.095 Gauge Install ID: c2df18fd-009c-47d7-a7c5-41270e8387d0
17:55:22.773 Checking updates...
17:55:29.029 [ValidationError] /Users/apreeti/IdeaProjects/GaugeWithMaven/specs/createUserAndLogin.spec:19 Duplicate step implementation => 'Log out'
17:55:29.557 Plugin [Html Report] with pid [10002] has exited
17:55:29.657 Specifications:	1 executed	1 passed	0 failed	0 skipped
17:55:29.658 Scenarios:	0 executed	0 passed	0 failed	1 skipped
17:55:29.658 
Total time taken: 22ms
17:55:29.658 Updates are available. Run `gauge update -c` for more info.
17:55:37.218 Gauge Install ID: c2df18fd-009c-47d7-a7c5-41270e8387d0
17:55:39.054 Checking updates...
17:55:45.035 [ValidationError] /Users/apreeti/IdeaProjects/GaugeWithMaven/specs/createUserAndLogin.spec:19 Duplicate step implementation => 'Log out'
17:55:45.262 Plugin [Html Report] with pid [10011] has exited
17:55:45.364 Specifications:	1 executed	1 passed	0 failed	0 skipped
17:55:45.364 Scenarios:	0 executed	0 passed	0 failed	1 skipped
17:55:45.364 
Total time taken: 25ms
17:55:45.364 Updates are available. Run `gauge update -c` for more info.
17:56:08.957 Gauge Install ID: c2df18fd-009c-47d7-a7c5-41270e8387d0
17:56:10.987 Checking updates...
17:56:16.804 [ValidationError] /Users/apreeti/IdeaProjects/GaugeWithMaven/specs/createUserAndLogin.spec:19 Duplicate step implementation => 'Log out'
17:56:17.636 Plugin [Html Report] with pid [10020] has exited
17:56:17.736 Specifications:	1 executed	1 passed	0 failed	0 skipped
17:56:17.736 Scenarios:	0 executed	0 passed	0 failed	1 skipped
17:56:17.736 
Total time taken: 26ms
17:56:17.737 Updates are available. Run `gauge update -c` for more info.
17:57:04.944 Gauge Install ID: c2df18fd-009c-47d7-a7c5-41270e8387d0
17:57:07.086 Checking updates...
17:57:12.787 [ValidationError] /Users/apreeti/IdeaProjects/GaugeWithMaven/specs/createUserAndLogin.spec:18 Duplicate step implementation => 'User should be logged in with message "MY ACCOUNT"'
17:57:12.787 [ValidationError] /Users/apreeti/IdeaProjects/GaugeWithMaven/specs/createUserAndLogin.spec:19 Duplicate step implementation => 'Log out'
17:57:12.910 Plugin [Html Report] with pid [10029] has exited
17:57:13.011 Specifications:	1 executed	1 passed	0 failed	0 skipped
17:57:13.011 Scenarios:	0 executed	0 passed	0 failed	1 skipped
17:57:13.011 
Total time taken: 22ms
17:57:13.011 Updates are available. Run `gauge update -c` for more info.
17:57:20.923 Gauge Install ID: c2df18fd-009c-47d7-a7c5-41270e8387d0
17:57:23.055 Checking updates...
17:57:24.132 [ValidationError] /Users/apreeti/IdeaProjects/GaugeWithMaven/specs/createUserAndLogin.spec:18 Duplicate step implementation => 'User should be logged in with message "MY ACCOUNT"'
17:57:24.132 [ValidationError] /Users/apreeti/IdeaProjects/GaugeWithMaven/specs/createUserAndLogin.spec:19 Duplicate step implementation => 'Log out'
17:57:24.459 Plugin [Html Report] with pid [10038] has exited
17:57:24.560 Specifications:	1 executed	1 passed	0 failed	0 skipped
17:57:24.560 Scenarios:	0 executed	0 passed	0 failed	1 skipped
17:57:24.560 
Total time taken: 24ms
17:57:44.921 Gauge Install ID: c2df18fd-009c-47d7-a7c5-41270e8387d0
17:57:46.808 Checking updates...
17:57:48.417 [ValidationError] /Users/apreeti/IdeaProjects/GaugeWithMaven/specs/createUserAndLogin.spec:18 Duplicate step implementation => 'User should be logged in with message "MY ACCOUNT"'
17:57:48.417 [ValidationError] /Users/apreeti/IdeaProjects/GaugeWithMaven/specs/createUserAndLogin.spec:19 Duplicate step implementation => 'Log out'
17:57:48.438 Unable to connect to plugin Html Report 2.1.1. [Warning] Failed to send message to plugin: html-report  write tcp [::1]:61112->[::1]:61115: write: broken pipe
17:57:48.438 Killing Plugin Html Report 2.1.1
17:57:48.438 Failed to kill plugin Html Report 2.1.1. os: process already finished
17:57:48.538 Specifications:	1 executed	1 passed	0 failed	0 skipped
17:57:48.538 Scenarios:	0 executed	0 passed	0 failed	1 skipped
17:57:48.538 
Total time taken: 20ms
17:57:48.538 Updates are available. Run `gauge update -c` for more info.
17:58:17.303 Gauge Install ID: c2df18fd-009c-47d7-a7c5-41270e8387d0
17:58:19.144 Checking updates...
17:58:20.445 [ValidationError] /Users/apreeti/IdeaProjects/GaugeWithMaven/specs/createUserAndLogin.spec:18 Duplicate step implementation => 'User should be logged in with message "MY ACCOUNT"'
17:58:20.445 [ValidationError] /Users/apreeti/IdeaProjects/GaugeWithMaven/specs/createUserAndLogin.spec:19 Duplicate step implementation => 'Log out'
17:58:20.665 Plugin [Html Report] with pid [10056] has exited
17:58:20.766 Specifications:	1 executed	1 passed	0 failed	0 skipped
17:58:20.766 Scenarios:	0 executed	0 passed	0 failed	1 skipped
17:58:20.766 
Total time taken: 18ms
17:58:56.014 Gauge Install ID: c2df18fd-009c-47d7-a7c5-41270e8387d0
17:58:56.266 Gauge daemon initialized and listening on port: 61413
17:59:08.309 Gauge Install ID: c2df18fd-009c-47d7-a7c5-41270e8387d0
17:59:10.117 Checking updates...
17:59:12.334 [ValidationError] /Users/apreeti/IdeaProjects/GaugeWithMaven/specs/createUserAndLogin.spec:18 Duplicate step implementation => 'User should be logged in with message "MY ACCOUNT"'
17:59:12.334 [ValidationError] /Users/apreeti/IdeaProjects/GaugeWithMaven/specs/createUserAndLogin.spec:19 Duplicate step implementation => 'Log out'
17:59:12.415 Unable to connect to plugin Html Report 2.1.1. [Warning] Failed to send message to plugin: html-report  write tcp [::1]:61522->[::1]:61525: write: broken pipe
17:59:12.415 Killing Plugin Html Report 2.1.1
17:59:12.415 Failed to kill plugin Html Report 2.1.1. os: process already finished
17:59:12.517 Specifications:	1 executed	1 passed	0 failed	0 skipped
17:59:12.517 Scenarios:	0 executed	0 passed	0 failed	1 skipped
17:59:12.517 
Total time taken: 81ms
17:59:12.517 Updates are available. Run `gauge update -c` for more info.
18:00:29.195 Gauge Install ID: c2df18fd-009c-47d7-a7c5-41270e8387d0
18:00:30.726 Checking updates...
18:00:35.650 Unable to connect to plugin Html Report 2.1.1. [Warning] Failed to send message to plugin: html-report  write tcp [::1]:61810->[::1]:61813: write: broken pipe
18:00:35.652 Killing Plugin Html Report 2.1.1
18:00:35.652 Failed to kill plugin Html Report 2.1.1. os: process already finished
18:00:42.632 Specifications:	1 executed	0 passed	1 failed	0 skipped
18:00:42.633 Scenarios:	1 executed	0 passed	1 failed	0 skipped
18:00:42.633 
Total time taken: 9.514s
18:00:42.633 Updates are available. Run `gauge update -c` for more info.
18:02:35.302 Gauge Install ID: c2df18fd-009c-47d7-a7c5-41270e8387d0
18:02:36.827 Checking updates...
18:02:40.712 Unable to connect to plugin Html Report 2.1.1. [Warning] Failed to send message to plugin: html-report  write tcp [::1]:62422->[::1]:62425: write: broken pipe
18:02:40.712 Killing Plugin Html Report 2.1.1
18:02:40.712 Failed to kill plugin Html Report 2.1.1. os: process already finished
18:02:45.701 Specifications:	1 executed	0 passed	1 failed	0 skipped
18:02:45.701 Scenarios:	1 executed	0 passed	1 failed	0 skipped
18:02:45.702 
Total time taken: 6.698s
18:02:45.702 Updates are available. Run `gauge update -c` for more info.
18:28:45.616 Gauge Install ID: c2df18fd-009c-47d7-a7c5-41270e8387d0
18:28:45.852 Gauge daemon initialized and listening on port: 63210
18:31:10.872 Gauge Install ID: c2df18fd-009c-47d7-a7c5-41270e8387d0
18:31:11.211 [ParseError] /Users/apreeti/IdeaProjects/GaugeWithMaven/specs/createUserAndLoginWithSpecialParams.spec:9 Could not resolve table from table:/src/test/data/data.csv => 'table:/src/test/data/data.csv'
18:31:11.211 [ParseError] /Users/apreeti/IdeaProjects/GaugeWithMaven/specs/createUserAndLoginWithSpecialParams.spec:16 Dynamic parameter <username> could not be resolved => 'Enter user details <username> and <password>'
18:31:11.211 [ParseError] /Users/apreeti/IdeaProjects/GaugeWithMaven/specs/createUserAndLoginWithSpecialParams.spec:16 Dynamic parameter <password> could not be resolved => 'Enter user details <username> and <password>'
18:31:12.599 Checking updates...
18:31:15.282 Plugin [Html Report] with pid [10307] has exited
18:31:15.383 Specifications:	1 executed	0 passed	1 failed	0 skipped
18:31:15.383 Scenarios:	0 executed	0 passed	0 failed	0 skipped
18:31:15.383 
Total time taken: 47ms
18:31:15.383 Updates are available. Run `gauge update -c` for more info.
18:33:57.315 Gauge Install ID: c2df18fd-009c-47d7-a7c5-41270e8387d0
18:33:57.664 [ParseError] /Users/apreeti/IdeaProjects/GaugeWithMaven/specs/createUserAndLoginWithSpecialParams.spec:9 Could not resolve table from table:/src/test/data/data.csv => 'table:/src/test/data/data.csv'
18:33:57.664 [ParseError] /Users/apreeti/IdeaProjects/GaugeWithMaven/specs/createUserAndLoginWithSpecialParams.spec:16 Dynamic parameter <username> could not be resolved => 'Enter user details <username> and <password>'
18:33:57.664 [ParseError] /Users/apreeti/IdeaProjects/GaugeWithMaven/specs/createUserAndLoginWithSpecialParams.spec:16 Dynamic parameter <password> could not be resolved => 'Enter user details <username> and <password>'
18:33:58.897 Checking updates...
18:34:01.464 Plugin [Html Report] with pid [10316] has exited
18:34:01.568 Specifications:	1 executed	0 passed	1 failed	0 skipped
18:34:01.568 Scenarios:	0 executed	0 passed	0 failed	0 skipped
18:34:01.568 
Total time taken: 47ms
18:34:01.568 Updates are available. Run `gauge update -c` for more info.
18:34:13.631 Gauge Install ID: c2df18fd-009c-47d7-a7c5-41270e8387d0
18:34:13.952 [ParseError] /Users/apreeti/IdeaProjects/GaugeWithMaven/specs/createUserAndLoginWithSpecialParams.spec:9 Could not resolve table from table:/src/test/data/data.csv => 'table:/src/test/data/data.csv'
18:34:13.952 [ParseError] /Users/apreeti/IdeaProjects/GaugeWithMaven/specs/createUserAndLoginWithSpecialParams.spec:16 Dynamic parameter <username> could not be resolved => 'Enter user details <username> and <password>'
18:34:13.952 [ParseError] /Users/apreeti/IdeaProjects/GaugeWithMaven/specs/createUserAndLoginWithSpecialParams.spec:16 Dynamic parameter <password> could not be resolved => 'Enter user details <username> and <password>'
18:34:15.595 Checking updates...
18:34:16.984 Plugin [Html Report] with pid [10325] has exited
18:34:17.085 Specifications:	1 executed	0 passed	1 failed	0 skipped
18:34:17.085 Scenarios:	0 executed	0 passed	0 failed	0 skipped
18:34:17.085 
Total time taken: 18ms
18:34:21.890 Gauge Install ID: c2df18fd-009c-47d7-a7c5-41270e8387d0
18:34:22.214 [ParseError] /Users/apreeti/IdeaProjects/GaugeWithMaven/specs/createUserAndLoginWithSpecialParams.spec:9 Could not resolve table from table:/src/test/data/data.csv => 'table:/src/test/data/data.csv'
18:34:22.214 [ParseError] /Users/apreeti/IdeaProjects/GaugeWithMaven/specs/createUserAndLoginWithSpecialParams.spec:16 Dynamic parameter <username> could not be resolved => 'Enter user details <username> and <password>'
18:34:22.214 [ParseError] /Users/apreeti/IdeaProjects/GaugeWithMaven/specs/createUserAndLoginWithSpecialParams.spec:16 Dynamic parameter <password> could not be resolved => 'Enter user details <username> and <password>'
18:34:23.744 Checking updates...
18:34:26.521 Plugin [Html Report] with pid [10334] has exited
18:34:26.626 Specifications:	1 executed	0 passed	1 failed	0 skipped
18:34:26.626 Scenarios:	0 executed	0 passed	0 failed	0 skipped
18:34:26.626 
Total time taken: 18ms
18:34:26.626 Updates are available. Run `gauge update -c` for more info.
18:35:18.392 Gauge Install ID: c2df18fd-009c-47d7-a7c5-41270e8387d0
18:35:19.759 Checking updates...
18:35:23.880 Unable to connect to plugin Html Report 2.1.1. [Warning] Failed to send message to plugin: html-report  write tcp [::1]:63380->[::1]:63383: write: broken pipe
18:35:23.880 Killing Plugin Html Report 2.1.1
18:35:23.880 Failed to kill plugin Html Report 2.1.1. os: process already finished
18:35:25.347 Specifications:	1 executed	1 passed	0 failed	0 skipped
18:35:25.348 Scenarios:	1 executed	1 passed	0 failed	0 skipped
18:35:25.348 
Total time taken: 3.65s
18:35:25.348 Updates are available. Run `gauge update -c` for more info.
18:52:10.575 Gauge Install ID: c2df18fd-009c-47d7-a7c5-41270e8387d0
18:52:11.145 No specifications found in /Users/apreeti/IdeaProjects/GaugeWithMaven/specs/createUserAndLoginWithSpecialParams.spec:12.
18:52:12.212 Checking updates...
18:52:14.165 Updates are available. Run `gauge update -c` for more info.
18:53:00.888 Gauge Install ID: c2df18fd-009c-47d7-a7c5-41270e8387d0
18:53:02.769 Checking updates...
18:53:04.165 Unable to start plugin html-report 2.1.1. Plugin html-report 2.1.1 is not installed. To install, run `gauge install html-report 2.1.1`.
18:53:07.667 Specifications:	1 executed	1 passed	0 failed	0 skipped
18:53:07.667 Scenarios:	1 executed	1 passed	0 failed	0 skipped
18:53:07.667 
Total time taken: 3.403s
18:53:07.667 Updates are available. Run `gauge update -c` for more info.
18:54:33.419 Gauge Install ID: c2df18fd-009c-47d7-a7c5-41270e8387d0
18:54:35.173 Checking updates...
18:54:40.960 Plugin [Html Report] with pid [10476] has exited
18:54:41.065 Specifications:	1 executed	1 passed	0 failed	0 skipped
18:54:41.065 Scenarios:	1 executed	1 passed	0 failed	0 skipped
18:54:41.065 
Total time taken: 3.071s
18:54:41.065 Updates are available. Run `gauge update -c` for more info.
21:30:33.105 Gauge Install ID: c2df18fd-009c-47d7-a7c5-41270e8387d0
21:30:35.683 Checking updates...
21:30:43.601 Plugin [Html Report] with pid [10708] has exited
21:30:43.703 Specifications:	1 executed	1 passed	0 failed	0 skipped
21:30:43.703 Scenarios:	1 executed	1 passed	0 failed	0 skipped
21:30:43.703 
Total time taken: 6.144s
21:30:43.703 Updates are available. Run `gauge update -c` for more info.
21:33:25.271 Gauge Install ID: c2df18fd-009c-47d7-a7c5-41270e8387d0
21:33:26.905 Checking updates...
21:33:36.989 Plugin [Html Report] with pid [10761] has exited
21:33:37.493 Specifications:	1 executed	1 passed	0 failed	0 skipped
21:33:37.493 Scenarios:	2 executed	2 passed	0 failed	0 skipped
21:33:37.493 
Total time taken: 8.076s
21:33:37.493 Updates are available. Run `gauge update -c` for more info.
21:40:15.349 Gauge Install ID: c2df18fd-009c-47d7-a7c5-41270e8387d0
21:40:16.919 Checking updates...
21:40:27.287 Plugin [Html Report] with pid [10817] has exited
21:40:27.792 Specifications:	1 executed	1 passed	0 failed	0 skipped
21:40:27.792 Scenarios:	2 executed	2 passed	0 failed	0 skipped
21:40:27.792 
Total time taken: 8.418s
21:40:27.792 Updates are available. Run `gauge update -c` for more info.
21:41:00.152 Gauge Install ID: c2df18fd-009c-47d7-a7c5-41270e8387d0
21:41:01.874 Checking updates...
21:41:08.421 Plugin [Html Report] with pid [10871] has exited
21:41:08.926 Specifications:	1 executed	1 passed	0 failed	0 skipped
21:41:08.926 Scenarios:	2 executed	2 passed	0 failed	0 skipped
21:41:08.926 
Total time taken: 4.897s
21:41:08.926 Updates are available. Run `gauge update -c` for more info.
21:53:42.005 Gauge Install ID: c2df18fd-009c-47d7-a7c5-41270e8387d0
21:53:43.639 Checking updates...
21:53:47.933 Plugin [Html Report] with pid [10929] has exited
21:53:48.436 Specifications:	1 executed	1 passed	0 failed	0 skipped
21:53:48.436 Scenarios:	1 executed	1 passed	0 failed	0 skipped
21:53:48.436 
Total time taken: 2.641s
21:53:48.436 Updates are available. Run `gauge update -c` for more info.
21:55:02.611 Gauge Install ID: c2df18fd-009c-47d7-a7c5-41270e8387d0
21:55:05.794 Checking updates...
21:55:08.352 Plugin [Html Report] with pid [10954] has exited
21:55:08.453 Specifications:	1 executed	1 passed	0 failed	0 skipped
21:55:08.453 Scenarios:	1 executed	1 passed	0 failed	0 skipped
21:55:08.453 
Total time taken: 2.571s
21:55:08.453 Updates are available. Run `gauge update -c` for more info.
21:56:52.133 Gauge Install ID: c2df18fd-009c-47d7-a7c5-41270e8387d0
21:56:53.695 Checking updates...
21:57:00.895 Plugin [Html Report] with pid [10978] has exited
21:57:01.411 Specifications:	1 executed	1 passed	0 failed	0 skipped
21:57:01.411 Scenarios:	2 executed	2 passed	0 failed	0 skipped
21:57:01.411 
Total time taken: 5.487s
21:57:01.411 Updates are available. Run `gauge update -c` for more info.
21:57:45.653 Gauge Install ID: c2df18fd-009c-47d7-a7c5-41270e8387d0
21:57:47.251 Checking updates...
21:57:53.470 Plugin [Html Report] with pid [11017] has exited
21:57:53.975 Specifications:	1 executed	1 passed	0 failed	0 skipped
21:57:53.975 Scenarios:	2 executed	2 passed	0 failed	0 skipped
21:57:53.975 
Total time taken: 4.597s
21:57:53.975 Updates are available. Run `gauge update -c` for more info.
21:58:43.799 Gauge Install ID: c2df18fd-009c-47d7-a7c5-41270e8387d0
21:58:45.308 Checking updates...
21:58:52.260 Plugin [Html Report] with pid [11056] has exited
21:58:52.777 Specifications:	1 executed	1 passed	0 failed	0 skipped
21:58:52.777 Scenarios:	2 executed	2 passed	0 failed	0 skipped
21:58:52.777 
Total time taken: 5.19s
21:58:52.777 Updates are available. Run `gauge update -c` for more info.
21:59:35.023 Gauge Install ID: c2df18fd-009c-47d7-a7c5-41270e8387d0
21:59:37.169 Checking updates...
21:59:41.756 Plugin [Html Report] with pid [11097] has exited
21:59:42.261 Specifications:	1 executed	1 passed	0 failed	0 skipped
21:59:42.262 Scenarios:	1 executed	1 passed	0 failed	0 skipped
21:59:42.262 
Total time taken: 3.158s
21:59:42.262 Updates are available. Run `gauge update -c` for more info.
22:00:15.668 Gauge Install ID: c2df18fd-009c-47d7-a7c5-41270e8387d0
22:00:17.371 Checking updates...
22:00:25.151 Plugin [Html Report] with pid [11123] has exited
22:00:25.653 Specifications:	1 executed	1 passed	0 failed	0 skipped
22:00:25.653 Scenarios:	2 executed	2 passed	0 failed	0 skipped
22:00:25.653 
Total time taken: 6.234s
22:00:25.653 Updates are available. Run `gauge update -c` for more info.
10:41:53.554 Gauge Install ID: c2df18fd-009c-47d7-a7c5-41270e8387d0
10:41:55.478 Checking updates...
10:42:04.687 Plugin [Html Report] with pid [11654] has exited
10:42:05.192 Specifications:	1 executed	0 passed	1 failed	0 skipped
10:42:05.192 Scenarios:	2 executed	1 passed	1 failed	0 skipped
10:42:05.192 
Total time taken: 7.504s
10:42:05.192 Updates are available. Run `gauge update -c` for more info.
10:44:04.125 Gauge Install ID: c2df18fd-009c-47d7-a7c5-41270e8387d0
10:44:05.726 Checking updates...
10:44:10.969 Plugin [Html Report] with pid [11725] has exited
10:44:11.473 Specifications:	1 executed	1 passed	0 failed	0 skipped
10:44:11.473 Scenarios:	1 executed	1 passed	0 failed	0 skipped
10:44:11.473 
Total time taken: 3.625s
10:44:11.473 Updates are available. Run `gauge update -c` for more info.
10:44:19.092 Gauge Install ID: c2df18fd-009c-47d7-a7c5-41270e8387d0
10:44:20.463 Checking updates...
10:46:58.277 Plugin [Html Report] with pid [11765] has exited
10:46:58.782 Specifications:	1 executed	0 passed	1 failed	0 skipped
10:46:58.782 Scenarios:	1 executed	0 passed	1 failed	0 skipped
10:46:58.782 
Total time taken: 2m30.034s
10:46:58.782 Updates are available. Run `gauge update -c` for more info.
10:47:24.764 Gauge Install ID: c2df18fd-009c-47d7-a7c5-41270e8387d0
10:47:26.690 Checking updates...
10:47:36.359 Plugin [Html Report] with pid [11789] has exited
10:47:36.862 Specifications:	1 executed	1 passed	0 failed	0 skipped
10:47:36.862 Scenarios:	1 executed	1 passed	0 failed	0 skipped
10:47:36.862 
Total time taken: 3.639s
10:47:36.862 Updates are available. Run `gauge update -c` for more info.
10:48:08.539 Gauge Install ID: c2df18fd-009c-47d7-a7c5-41270e8387d0
10:48:10.244 Checking updates...
10:48:19.213 Plugin [Html Report] with pid [11830] has exited
10:48:19.716 Specifications:	1 executed	1 passed	0 failed	0 skipped
10:48:19.716 Scenarios:	1 executed	1 passed	0 failed	0 skipped
10:48:19.716 
Total time taken: 2.785s
10:48:19.716 Updates are available. Run `gauge update -c` for more info.
10:49:39.279 Gauge Install ID: c2df18fd-009c-47d7-a7c5-41270e8387d0
10:49:40.699 Checking updates...
10:49:50.501 Plugin [Html Report] with pid [11855] has exited
10:49:51.004 Specifications:	1 executed	1 passed	0 failed	0 skipped
10:49:51.004 Scenarios:	1 executed	1 passed	0 failed	0 skipped
10:49:51.004 
Total time taken: 3.305s
10:49:51.004 Updates are available. Run `gauge update -c` for more info.
10:50:16.999 Gauge Install ID: c2df18fd-009c-47d7-a7c5-41270e8387d0
10:50:18.934 Checking updates...
10:50:27.049 Plugin [Html Report] with pid [11895] has exited
10:50:27.150 Specifications:	1 executed	1 passed	0 failed	0 skipped
10:50:27.150 Scenarios:	1 executed	1 passed	0 failed	0 skipped
10:50:27.150 
Total time taken: 2.145s
10:50:27.150 Updates are available. Run `gauge update -c` for more info.
10:50:44.792 Gauge Install ID: c2df18fd-009c-47d7-a7c5-41270e8387d0
10:50:46.616 Checking updates...
10:50:54.823 Plugin [Html Report] with pid [11919] has exited
10:50:54.924 Specifications:	1 executed	1 passed	0 failed	0 skipped
10:50:54.924 Scenarios:	1 executed	1 passed	0 failed	0 skipped
10:50:54.924 
Total time taken: 2.077s
10:50:54.924 Updates are available. Run `gauge update -c` for more info.
10:51:13.229 Gauge Install ID: c2df18fd-009c-47d7-a7c5-41270e8387d0
10:51:14.742 Checking updates...
10:51:24.088 Plugin [Html Report] with pid [11943] has exited
10:51:24.189 Specifications:	1 executed	1 passed	0 failed	0 skipped
10:51:24.189 Scenarios:	1 executed	1 passed	0 failed	0 skipped
10:51:24.189 
Total time taken: 2.994s
10:51:24.190 Updates are available. Run `gauge update -c` for more info.
10:52:35.329 Gauge Install ID: c2df18fd-009c-47d7-a7c5-41270e8387d0
10:52:37.325 Checking updates...
10:53:21.507 Plugin [Html Report] with pid [11969] has exited
10:53:22.011 Specifications:	1 executed	0 passed	1 failed	0 skipped
10:53:22.011 Scenarios:	1 executed	0 passed	1 failed	0 skipped
10:53:22.011 
Total time taken: 38.368s
10:53:22.011 Updates are available. Run `gauge update -c` for more info.
10:54:06.191 Gauge Install ID: c2df18fd-009c-47d7-a7c5-41270e8387d0
10:54:08.087 Checking updates...
10:54:12.724 Plugin [Html Report] with pid [12009] has exited
10:54:13.229 Specifications:	1 executed	1 passed	0 failed	0 skipped
10:54:13.229 Scenarios:	1 executed	1 passed	0 failed	0 skipped
10:54:13.229 
Total time taken: 3.302s
10:54:13.229 Updates are available. Run `gauge update -c` for more info.
10:54:44.653 Gauge Install ID: c2df18fd-009c-47d7-a7c5-41270e8387d0
10:54:46.373 Checking updates...
10:54:51.228 Plugin [Html Report] with pid [12049] has exited
10:54:51.732 Specifications:	1 executed	1 passed	0 failed	0 skipped
10:54:51.732 Scenarios:	1 executed	1 passed	0 failed	0 skipped
10:54:51.732 
Total time taken: 3.31s
10:54:51.732 Updates are available. Run `gauge update -c` for more info.
10:55:32.569 Gauge Install ID: c2df18fd-009c-47d7-a7c5-41270e8387d0
10:55:34.068 Checking updates...
10:55:39.241 Plugin [Html Report] with pid [12090] has exited
10:55:39.746 Specifications:	1 executed	1 passed	0 failed	0 skipped
10:55:39.746 Scenarios:	1 executed	1 passed	0 failed	0 skipped
10:55:39.746 
Total time taken: 3.428s
10:55:39.746 Updates are available. Run `gauge update -c` for more info.
10:56:22.507 Gauge Install ID: c2df18fd-009c-47d7-a7c5-41270e8387d0
10:56:24.125 Checking updates...
10:56:31.242 Plugin [Html Report] with pid [12130] has exited
10:56:31.747 Specifications:	1 executed	1 passed	0 failed	0 skipped
10:56:31.748 Scenarios:	2 executed	2 passed	0 failed	0 skipped
10:56:31.748 
Total time taken: 5.432s
10:56:31.748 Updates are available. Run `gauge update -c` for more info.
10:57:48.825 Gauge Install ID: c2df18fd-009c-47d7-a7c5-41270e8387d0
10:57:50.521 Checking updates...
10:57:56.241 Plugin [Html Report] with pid [12185] has exited
10:57:56.745 Specifications:	1 executed	1 passed	0 failed	0 skipped
10:57:56.745 Scenarios:	2 executed	2 passed	0 failed	0 skipped
10:57:56.745 
Total time taken: 4.207s
10:57:56.745 Updates are available. Run `gauge update -c` for more info.
10:58:35.459 Gauge Install ID: c2df18fd-009c-47d7-a7c5-41270e8387d0
10:58:36.886 Checking updates...
10:58:43.301 Plugin [Html Report] with pid [12225] has exited
10:58:43.806 Specifications:	1 executed	0 passed	1 failed	0 skipped
10:58:43.806 Scenarios:	2 executed	1 passed	1 failed	0 skipped
10:58:43.806 
Total time taken: 4.619s
10:58:43.806 Updates are available. Run `gauge update -c` for more info.
10:59:18.355 Gauge Install ID: c2df18fd-009c-47d7-a7c5-41270e8387d0
10:59:20.125 Checking updates...
10:59:25.877 Plugin [Html Report] with pid [12265] has exited
10:59:26.379 Specifications:	1 executed	1 passed	0 failed	0 skipped
10:59:26.379 Scenarios:	2 executed	2 passed	0 failed	0 skipped
10:59:26.379 
Total time taken: 4.29s
10:59:26.379 Updates are available. Run `gauge update -c` for more info.
11:00:30.875 Gauge Install ID: c2df18fd-009c-47d7-a7c5-41270e8387d0
11:00:32.526 Checking updates...
11:00:37.029 Plugin [Html Report] with pid [12306] has exited
11:00:37.533 Specifications:	1 executed	0 passed	1 failed	0 skipped
11:00:37.533 Scenarios:	1 executed	0 passed	1 failed	0 skipped
11:00:37.533 
Total time taken: 2.873s
11:00:37.533 Updates are available. Run `gauge update -c` for more info.
11:40:06.554 Gauge Install ID: c2df18fd-009c-47d7-a7c5-41270e8387d0
11:40:08.200 Checking updates...
11:40:12.944 Plugin [Html Report] with pid [12463] has exited
11:40:13.447 Specifications:	1 executed	1 passed	0 failed	0 skipped
11:40:13.447 Scenarios:	1 executed	1 passed	0 failed	0 skipped
11:40:13.447 
Total time taken: 2.831s
11:40:13.447 Updates are available. Run `gauge update -c` for more info.
11:45:12.916 Gauge Install ID: c2df18fd-009c-47d7-a7c5-41270e8387d0
11:45:15.318 Checking updates...
11:45:21.537 Plugin [Html Report] with pid [12542] has exited
11:45:22.040 Specifications:	1 executed	0 passed	1 failed	0 skipped
11:45:22.040 Scenarios:	2 executed	1 passed	1 failed	0 skipped
11:45:22.040 
Total time taken: 4.955s
11:45:22.040 Updates are available. Run `gauge update -c` for more info.
11:46:14.730 Gauge Install ID: c2df18fd-009c-47d7-a7c5-41270e8387d0
11:46:16.805 Checking updates...
11:46:21.281 Plugin [Html Report] with pid [12586] has exited
11:46:21.788 Specifications:	1 executed	0 passed	1 failed	0 skipped
11:46:21.788 Scenarios:	1 executed	0 passed	1 failed	0 skipped
11:46:21.788 
Total time taken: 3.018s
11:46:21.788 Updates are available. Run `gauge update -c` for more info.
11:57:46.454 Gauge Install ID: c2df18fd-009c-47d7-a7c5-41270e8387d0
11:57:47.883 Checking updates...
11:57:52.527 Plugin [Html Report] with pid [12713] has exited
11:57:53.032 Specifications:	1 executed	0 passed	1 failed	0 skipped
11:57:53.032 Scenarios:	1 executed	0 passed	1 failed	0 skipped
11:57:53.032 
Total time taken: 2.44s
11:57:53.032 Updates are available. Run `gauge update -c` for more info.
13:29:41.909 Gauge Install ID: c2df18fd-009c-47d7-a7c5-41270e8387d0
13:29:42.834 Gauge daemon initialized and listening on port: 54734
13:59:28.439 Gauge Install ID: c2df18fd-009c-47d7-a7c5-41270e8387d0
13:59:29.904 Checking updates...
13:59:37.309 Plugin [Html Report] with pid [14023] has exited
13:59:37.812 Specifications:	1 executed	0 passed	1 failed	0 skipped
13:59:37.812 Scenarios:	1 executed	0 passed	1 failed	0 skipped
13:59:37.812 
Total time taken: 4.864s
13:59:37.812 Updates are available. Run `gauge update -c` for more info.
14:00:02.427 Gauge Install ID: c2df18fd-009c-47d7-a7c5-41270e8387d0
14:00:03.960 Checking updates...
14:00:09.126 Plugin [Html Report] with pid [14050] has exited
14:00:09.636 Specifications:	1 executed	0 passed	1 failed	0 skipped
14:00:09.636 Scenarios:	1 executed	0 passed	1 failed	0 skipped
14:00:09.636 
Total time taken: 3.34s
14:00:09.636 Updates are available. Run `gauge update -c` for more info.
14:00:24.006 Gauge Install ID: c2df18fd-009c-47d7-a7c5-41270e8387d0
14:00:25.686 Checking updates...
14:00:30.227 Plugin [Html Report] with pid [14075] has exited
14:00:30.328 Specifications:	1 executed	1 passed	0 failed	0 skipped
14:00:30.328 Scenarios:	1 executed	1 passed	0 failed	0 skipped
14:00:30.328 
Total time taken: 2.941s
14:00:30.328 Updates are available. Run `gauge update -c` for more info.
14:00:38.258 Gauge Install ID: c2df18fd-009c-47d7-a7c5-41270e8387d0
14:00:39.784 Checking updates...
14:00:44.331 Plugin [Html Report] with pid [14099] has exited
14:00:44.836 Specifications:	1 executed	0 passed	1 failed	0 skipped
14:00:44.836 Scenarios:	1 executed	0 passed	1 failed	0 skipped
14:00:44.836 
Total time taken: 2.898s
14:00:44.836 Updates are available. Run `gauge update -c` for more info.
14:01:06.916 Gauge Install ID: c2df18fd-009c-47d7-a7c5-41270e8387d0
14:01:09.557 Checking updates...
14:01:14.644 Plugin [Html Report] with pid [14124] has exited
14:01:15.148 Specifications:	1 executed	1 passed	0 failed	0 skipped
14:01:15.148 Scenarios:	1 executed	1 passed	0 failed	0 skipped
14:01:15.148 
Total time taken: 4.481s
14:01:15.148 Updates are available. Run `gauge update -c` for more info.
14:01:28.876 Gauge Install ID: c2df18fd-009c-47d7-a7c5-41270e8387d0
14:01:30.803 Checking updates...
14:01:36.628 Plugin [Html Report] with pid [14164] has exited
14:01:37.133 Specifications:	1 executed	1 passed	0 failed	0 skipped
14:01:37.133 Scenarios:	1 executed	1 passed	0 failed	0 skipped
14:01:37.133 
Total time taken: 4.48s
14:01:37.133 Updates are available. Run `gauge update -c` for more info.
14:06:23.055 Gauge Install ID: c2df18fd-009c-47d7-a7c5-41270e8387d0
14:06:24.986 Checking updates...
14:06:28.709 Plugin [Html Report] with pid [14207] has exited
14:06:29.212 Specifications:	1 executed	0 passed	1 failed	0 skipped
14:06:29.212 Scenarios:	1 executed	0 passed	1 failed	0 skipped
14:06:29.212 
Total time taken: 2.341s
14:06:29.212 Updates are available. Run `gauge update -c` for more info.
14:10:39.808 Gauge Install ID: c2df18fd-009c-47d7-a7c5-41270e8387d0
14:10:41.590 Checking updates...
14:10:47.417 Plugin [Html Report] with pid [14237] has exited
14:10:47.930 Specifications:	1 executed	1 passed	0 failed	0 skipped
14:10:47.930 Scenarios:	1 executed	1 passed	0 failed	0 skipped
14:10:47.930 
Total time taken: 4.43s
14:10:47.930 Updates are available. Run `gauge update -c` for more info.
14:12:26.349 Gauge Install ID: c2df18fd-009c-47d7-a7c5-41270e8387d0
14:12:27.950 Checking updates...
14:14:04.788 Plugin [Html Report] with pid [14279] has exited
14:14:05.290 Specifications:	1 executed	0 passed	1 failed	0 skipped
14:14:05.290 Scenarios:	1 executed	0 passed	1 failed	0 skipped
14:14:05.290 
Total time taken: 1m30.038s
14:14:05.290 Updates are available. Run `gauge update -c` for more info.
14:14:22.800 Gauge Install ID: c2df18fd-009c-47d7-a7c5-41270e8387d0
14:14:24.614 Checking updates...
14:14:30.348 Plugin [Html Report] with pid [14304] has exited
14:14:30.856 Specifications:	1 executed	1 passed	0 failed	0 skipped
14:14:30.856 Scenarios:	1 executed	1 passed	0 failed	0 skipped
14:14:30.856 
Total time taken: 4.251s
14:14:30.856 Updates are available. Run `gauge update -c` for more info.
14:17:21.401 Gauge Install ID: c2df18fd-009c-47d7-a7c5-41270e8387d0
14:17:21.817 [ParseError] /Users/apreeti/IdeaProjects/GaugeWithMaven/specs/searchWithContextAndTearDown.spec:20 Scenario heading should have at least one character => '
'
14:17:23.324 Checking updates...
14:17:24.693 Plugin [Html Report] with pid [14345] has exited
14:17:24.795 Specifications:	1 executed	0 passed	1 failed	0 skipped
14:17:24.795 Scenarios:	0 executed	0 passed	0 failed	0 skipped
14:17:24.795 
Total time taken: 23ms
14:17:36.150 Gauge Install ID: c2df18fd-009c-47d7-a7c5-41270e8387d0
14:17:36.413 [ParseError] /Users/apreeti/IdeaProjects/GaugeWithMaven/specs/searchWithContextAndTearDown.spec:20 Scenario heading should have at least one character => '
'
14:17:38.051 Checking updates...
14:17:39.420 Plugin [Html Report] with pid [14354] has exited
14:17:39.523 Specifications:	1 executed	0 passed	1 failed	0 skipped
14:17:39.523 Scenarios:	0 executed	0 passed	0 failed	0 skipped
14:17:39.523 
Total time taken: 24ms
14:18:09.525 Gauge Install ID: c2df18fd-009c-47d7-a7c5-41270e8387d0
14:18:09.834 [ParseError] /Users/apreeti/IdeaProjects/GaugeWithMaven/specs/searchWithContextAndTearDown.spec:20 Scenario heading should have at least one character => '
'
14:18:11.275 Checking updates...
14:18:12.704 Plugin [Html Report] with pid [14363] has exited
14:18:12.805 Specifications:	1 executed	0 passed	1 failed	0 skipped
14:18:12.805 Scenarios:	0 executed	0 passed	0 failed	0 skipped
14:18:12.805 
Total time taken: 20ms
14:18:12.805 Updates are available. Run `gauge update -c` for more info.
14:18:30.026 Gauge Install ID: c2df18fd-009c-47d7-a7c5-41270e8387d0
14:18:30.320 [ParseError] /Users/apreeti/IdeaProjects/GaugeWithMaven/specs/searchWithContextAndTearDown.spec:21 Scenario heading should have at least one character => '
'
14:18:31.740 Checking updates...
14:18:33.089 Plugin [Html Report] with pid [14372] has exited
14:18:33.190 Specifications:	1 executed	0 passed	1 failed	0 skipped
14:18:33.190 Scenarios:	0 executed	0 passed	0 failed	0 skipped
14:18:33.190 
Total time taken: 21ms
14:18:46.786 Gauge Install ID: c2df18fd-009c-47d7-a7c5-41270e8387d0
14:18:47.082 [ParseError] /Users/apreeti/IdeaProjects/GaugeWithMaven/specs/searchWithContextAndTearDown.spec:21 Scenario heading should have at least one character => '
'
14:18:48.187 Checking updates...
14:18:50.046 Plugin [Html Report] with pid [14381] has exited
14:18:50.151 Specifications:	1 executed	0 passed	1 failed	0 skipped
14:18:50.151 Scenarios:	0 executed	0 passed	0 failed	0 skipped
14:18:50.151 
Total time taken: 22ms
14:19:07.015 Gauge Install ID: c2df18fd-009c-47d7-a7c5-41270e8387d0
14:19:07.328 [ParseError] /Users/apreeti/IdeaProjects/GaugeWithMaven/specs/searchWithContextAndTearDown.spec:20 Scenario heading should have at least one character => '
'
14:19:08.972 Checking updates...
14:19:10.210 Plugin [Html Report] with pid [14390] has exited
14:19:10.311 Specifications:	1 executed	0 passed	1 failed	0 skipped
14:19:10.311 Scenarios:	0 executed	0 passed	0 failed	0 skipped
14:19:10.311 
Total time taken: 55ms
14:19:22.706 Gauge Install ID: c2df18fd-009c-47d7-a7c5-41270e8387d0
14:19:22.996 [ParseError] /Users/apreeti/IdeaProjects/GaugeWithMaven/specs/searchWithContextAndTearDown.spec:20 Scenario heading should have at least one character => '
'
14:19:24.130 Checking updates...
14:19:26.000 Plugin [Html Report] with pid [14399] has exited
14:19:26.102 Specifications:	1 executed	0 passed	1 failed	0 skipped
14:19:26.102 Scenarios:	0 executed	0 passed	0 failed	0 skipped
14:19:26.102 
Total time taken: 18ms
14:19:51.774 Gauge Install ID: c2df18fd-009c-47d7-a7c5-41270e8387d0
14:19:53.271 Checking updates...
14:19:59.474 Plugin [Html Report] with pid [14408] has exited
14:19:59.977 Specifications:	1 executed	1 passed	0 failed	0 skipped
14:19:59.977 Scenarios:	1 executed	1 passed	0 failed	0 skipped
14:19:59.977 
Total time taken: 4.52s
14:19:59.977 Updates are available. Run `gauge update -c` for more info.
14:20:34.426 Gauge Install ID: c2df18fd-009c-47d7-a7c5-41270e8387d0
14:20:36.142 Checking updates...
14:20:42.066 Plugin [Html Report] with pid [14450] has exited
14:20:42.570 Specifications:	1 executed	1 passed	0 failed	0 skipped
14:20:42.570 Scenarios:	1 executed	1 passed	0 failed	0 skipped
14:20:42.570 
Total time taken: 4.466s
14:20:42.570 Updates are available. Run `gauge update -c` for more info.
14:29:44.112 Gauge Install ID: c2df18fd-009c-47d7-a7c5-41270e8387d0
14:29:45.625 Checking updates...
14:29:51.422 Plugin [Html Report] with pid [14493] has exited
14:29:51.823 Specifications:	1 executed	1 passed	0 failed	0 skipped
14:29:51.823 Scenarios:	1 executed	1 passed	0 failed	0 skipped
14:29:51.823 
Total time taken: 4.195s
14:29:51.823 Updates are available. Run `gauge update -c` for more info.
14:35:31.588 Gauge Install ID: c2df18fd-009c-47d7-a7c5-41270e8387d0
14:35:33.137 Checking updates...
14:35:35.436 Plugin [Html Report] with pid [14540] has exited
14:35:35.737 Specifications:	1 executed	0 passed	1 failed	0 skipped
14:35:35.737 Scenarios:	1 executed	0 passed	1 failed	0 skipped
14:35:35.737 
Total time taken: 586ms
14:35:35.737 Updates are available. Run `gauge update -c` for more info.
14:36:18.109 Gauge Install ID: c2df18fd-009c-47d7-a7c5-41270e8387d0
14:36:19.617 Checking updates...
14:36:21.875 Plugin [Html Report] with pid [14549] has exited
14:36:22.083 Specifications:	1 executed	0 passed	1 failed	0 skipped
14:36:22.083 Scenarios:	1 executed	0 passed	1 failed	0 skipped
14:36:22.083 
Total time taken: 632ms
14:36:22.083 Updates are available. Run `gauge update -c` for more info.
14:39:19.234 Gauge Install ID: c2df18fd-009c-47d7-a7c5-41270e8387d0
14:39:21.017 Checking updates...
14:39:23.188 Plugin [Html Report] with pid [14560] has exited
14:39:23.389 Specifications:	1 executed	0 passed	1 failed	0 skipped
14:39:23.389 Scenarios:	1 executed	0 passed	1 failed	0 skipped
14:39:23.389 
Total time taken: 636ms
14:39:23.389 Updates are available. Run `gauge update -c` for more info.
14:41:05.556 Gauge Install ID: c2df18fd-009c-47d7-a7c5-41270e8387d0
14:41:07.251 Checking updates...
14:41:12.033 Plugin [Html Report] with pid [14571] has exited
14:41:12.134 Specifications:	1 executed	1 passed	0 failed	0 skipped
14:41:12.134 Scenarios:	1 executed	1 passed	0 failed	0 skipped
14:41:12.134 
Total time taken: 3.255s
14:41:12.134 Updates are available. Run `gauge update -c` for more info.
14:41:28.800 Gauge Install ID: c2df18fd-009c-47d7-a7c5-41270e8387d0
14:41:30.481 Checking updates...
14:41:35.204 Plugin [Html Report] with pid [14596] has exited
14:41:35.304 Specifications:	1 executed	1 passed	0 failed	0 skipped
14:41:35.304 Scenarios:	1 executed	1 passed	0 failed	0 skipped
14:41:35.304 
Total time taken: 3.212s
14:41:35.304 Updates are available. Run `gauge update -c` for more info.
14:56:59.540 Gauge Install ID: c2df18fd-009c-47d7-a7c5-41270e8387d0
14:57:01.300 Checking updates...
14:57:03.346 Plugin [Html Report] with pid [14630] has exited
14:57:03.548 Specifications:	1 executed	0 passed	1 failed	0 skipped
14:57:03.548 Scenarios:	1 executed	0 passed	1 failed	0 skipped
14:57:03.548 
Total time taken: 637ms
14:57:03.548 Updates are available. Run `gauge update -c` for more info.
14:57:30.311 Gauge Install ID: c2df18fd-009c-47d7-a7c5-41270e8387d0
14:57:32.306 Checking updates...
14:57:34.138 Plugin [Html Report] with pid [14639] has exited
14:57:34.339 Specifications:	1 executed	0 passed	1 failed	0 skipped
14:57:34.339 Scenarios:	1 executed	0 passed	1 failed	0 skipped
14:57:34.339 
Total time taken: 600ms
14:57:34.339 Updates are available. Run `gauge update -c` for more info.
14:58:26.969 Gauge Install ID: c2df18fd-009c-47d7-a7c5-41270e8387d0
14:58:28.833 Checking updates...
14:58:35.826 Plugin [Html Report] with pid [14648] has exited
14:58:36.331 Specifications:	1 executed	0 passed	1 failed	0 skipped
14:58:36.331 Scenarios:	1 executed	0 passed	1 failed	0 skipped
14:58:36.331 
Total time taken: 875ms
14:58:36.331 Updates are available. Run `gauge update -c` for more info.
14:59:22.387 Gauge Install ID: c2df18fd-009c-47d7-a7c5-41270e8387d0
14:59:23.924 Checking updates...
15:00:23.732 Gauge Install ID: c2df18fd-009c-47d7-a7c5-41270e8387d0
15:00:25.289 Checking updates...
15:00:30.486 Plugin [Html Report] with pid [14685] has exited
15:00:30.587 Specifications:	1 executed	1 passed	0 failed	0 skipped
15:00:30.587 Scenarios:	1 executed	1 passed	0 failed	0 skipped
15:00:30.587 
Total time taken: 3.416s
15:00:30.587 Updates are available. Run `gauge update -c` for more info.
15:44:15.970 Gauge Install ID: c2df18fd-009c-47d7-a7c5-41270e8387d0
15:44:16.249 Gathering metadata for java
15:44:18.028 Downloading gauge-java-0.6.6-darwin.x86_64.zip
15:44:28.270 Installing plugin java 0.6.6
15:44:28.319 Successfully installed plugin 'java'.
15:48:17.685 Gauge Install ID: c2df18fd-009c-47d7-a7c5-41270e8387d0
15:48:19.133 Checking updates...
15:48:24.444 Plugin [Html Report] with pid [14844] has exited
15:48:24.545 Specifications:	1 executed	1 passed	0 failed	0 skipped
15:48:24.546 Scenarios:	1 executed	1 passed	0 failed	0 skipped
15:48:24.546 
Total time taken: 3.144s
15:49:05.527 Gauge Install ID: c2df18fd-009c-47d7-a7c5-41270e8387d0
15:49:07.058 Checking updates...
15:49:12.482 Plugin [Html Report] with pid [14872] has exited
15:49:12.986 Specifications:	1 executed	0 passed	1 failed	0 skipped
15:49:12.986 Scenarios:	1 executed	0 passed	1 failed	0 skipped
15:49:12.986 
Total time taken: 3.754s
15:49:46.787 Gauge Install ID: c2df18fd-009c-47d7-a7c5-41270e8387d0
15:49:54.976 Gauge Install ID: c2df18fd-009c-47d7-a7c5-41270e8387d0
15:49:55.897 Runner connection error: Runner with pid 14899 quit unexpectedly(exit status 1).
15:49:55.897 Error while killing runner: os: process already finished
15:49:55.897 Failed to start gauge API: Runner with pid 14899 quit unexpectedly(exit status 1).
15:50:16.919 Gauge Install ID: c2df18fd-009c-47d7-a7c5-41270e8387d0
15:50:17.669 Runner connection error: Runner with pid 14910 quit unexpectedly(exit status 1).
15:50:17.669 Error while killing runner: os: process already finished
15:50:17.669 Failed to start gauge API: Runner with pid 14910 quit unexpectedly(exit status 1).
15:59:15.313 Gauge Install ID: c2df18fd-009c-47d7-a7c5-41270e8387d0
15:59:15.313 Unable to set working directory : mkdir /Users/apreeti/.m2/repository/org/seleniumhq/selenium/selenium-api/3.6.0/selenium-api-3.6.0.jar: file exists
17:48:32.925 Gauge Install ID: c2df18fd-009c-47d7-a7c5-41270e8387d0
17:48:33.873 Runner connection error: Runner with pid 15129 quit unexpectedly(exit status 1).
17:48:33.873 Error while killing runner: os: process already finished
17:48:33.873 Failed to start gauge API: Runner with pid 15129 quit unexpectedly(exit status 1).
17:58:03.178 Gauge Install ID: c2df18fd-009c-47d7-a7c5-41270e8387d0
17:58:04.179 Runner connection error: Runner with pid 15210 quit unexpectedly(exit status 1).
17:58:04.179 Error while killing runner: os: process already finished
17:58:04.179 Failed to start gauge API: Runner with pid 15210 quit unexpectedly(exit status 1).
17:59:38.790 Gauge Install ID: c2df18fd-009c-47d7-a7c5-41270e8387d0
17:59:39.648 Runner connection error: Runner with pid 15237 quit unexpectedly(exit status 1).
17:59:39.648 Error while killing runner: os: process already finished
17:59:39.648 Failed to start gauge API: Runner with pid 15237 quit unexpectedly(exit status 1).
18:01:03.715 Gauge Install ID: c2df18fd-009c-47d7-a7c5-41270e8387d0
18:01:03.715 Failed to load env. java.properties environment does not exist
18:01:22.554 Gauge Install ID: c2df18fd-009c-47d7-a7c5-41270e8387d0
18:01:22.555 Failed to load env. env/default/java.properties environment does not exist
18:03:49.746 Gauge Install ID: c2df18fd-009c-47d7-a7c5-41270e8387d0
18:03:50.661 Runner connection error: Runner with pid 15290 quit unexpectedly(exit status 1).
18:03:50.661 Error while killing runner: os: process already finished
18:03:50.661 Failed to start gauge API: Runner with pid 15290 quit unexpectedly(exit status 1).
18:06:58.158 Gauge Install ID: c2df18fd-009c-47d7-a7c5-41270e8387d0
18:06:59.021 Runner connection error: Runner with pid 15329 quit unexpectedly(exit status 1).
18:06:59.021 Error while killing runner: os: process already finished
18:06:59.021 Failed to start gauge API: Runner with pid 15329 quit unexpectedly(exit status 1).
18:07:40.974 Gauge Install ID: c2df18fd-009c-47d7-a7c5-41270e8387d0
18:07:40.975 Failed to load env. env/default/java.properties environment does not exist
18:08:01.868 Gauge Install ID: c2df18fd-009c-47d7-a7c5-41270e8387d0
18:08:01.868 Failed to load env. /env/default/java.properties environment does not exist
18:08:11.624 Gauge Install ID: c2df18fd-009c-47d7-a7c5-41270e8387d0
18:08:11.624 Failed to load env. env/default/java.properties environment does not exist
18:09:52.148 Gauge Install ID: c2df18fd-009c-47d7-a7c5-41270e8387d0
18:09:52.148 Failed to load env. /Users/apreeti/IdeaProjects/GaugeWithMaven/env/default/java.properties environment does not exist
18:10:03.328 Gauge Install ID: c2df18fd-009c-47d7-a7c5-41270e8387d0
18:10:03.328 Failed to load env. /Users/apreeti/IdeaProjects/GaugeWithMaven/env/default/java.properties environment does not exist
18:11:40.110 Gauge Install ID: c2df18fd-009c-47d7-a7c5-41270e8387d0
18:11:40.982 Runner connection error: Runner with pid 15368 quit unexpectedly(exit status 1).
18:11:40.982 Error while killing runner: os: process already finished
18:11:40.982 Failed to start gauge API: Runner with pid 15368 quit unexpectedly(exit status 1).
18:16:20.661 Gauge Install ID: c2df18fd-009c-47d7-a7c5-41270e8387d0
18:16:21.420 Runner connection error: Runner with pid 15416 quit unexpectedly(exit status 1).
18:16:21.420 Error while killing runner: os: process already finished
18:16:21.420 Failed to start gauge API: Runner with pid 15416 quit unexpectedly(exit status 1).
18:16:53.902 Gauge Install ID: c2df18fd-009c-47d7-a7c5-41270e8387d0
18:16:54.167 Gauge daemon initialized and listening on port: 59234
18:17:30.433 Gauge Install ID: c2df18fd-009c-47d7-a7c5-41270e8387d0
18:17:30.434 Failed to load env. default/java.properties environment does not exist
18:17:37.566 Gauge Install ID: c2df18fd-009c-47d7-a7c5-41270e8387d0
18:17:37.566 Failed to load env. default/java.properties environment does not exist
18:17:44.357 Gauge Install ID: c2df18fd-009c-47d7-a7c5-41270e8387d0
18:17:45.204 Runner connection error: Runner with pid 15451 quit unexpectedly(exit status 1).
18:17:45.204 Error while killing runner: os: process already finished
18:17:45.204 Failed to start gauge API: Runner with pid 15451 quit unexpectedly(exit status 1).
18:19:04.957 Gauge Install ID: c2df18fd-009c-47d7-a7c5-41270e8387d0
18:19:05.715 Runner connection error: Runner with pid 15462 quit unexpectedly(exit status 1).
18:19:05.715 Error while killing runner: os: process already finished
18:19:05.715 Failed to start gauge API: Runner with pid 15462 quit unexpectedly(exit status 1).
18:28:59.802 Gauge Install ID: c2df18fd-009c-47d7-a7c5-41270e8387d0
18:29:00.793 Runner connection error: Runner with pid 15492 quit unexpectedly(exit status 1).
18:29:00.793 Error while killing runner: os: process already finished
18:29:00.793 Failed to start gauge API: Runner with pid 15492 quit unexpectedly(exit status 1).
18:29:27.053 Gauge Install ID: c2df18fd-009c-47d7-a7c5-41270e8387d0
18:29:27.870 Runner connection error: Runner with pid 15516 quit unexpectedly(exit status 1).
18:29:27.870 Error while killing runner: os: process already finished
18:29:27.870 Failed to start gauge API: Runner with pid 15516 quit unexpectedly(exit status 1).
18:36:49.242 Gauge Install ID: c2df18fd-009c-47d7-a7c5-41270e8387d0
18:36:50.915 Checking updates...
18:36:56.037 Plugin [Html Report] with pid [15543] has exited
18:36:56.138 Specifications:	1 executed	1 passed	0 failed	0 skipped
18:36:56.138 Scenarios:	1 executed	1 passed	0 failed	0 skipped
18:36:56.138 
Total time taken: 3.294s
19:06:47.642 Gauge Install ID: c2df18fd-009c-47d7-a7c5-41270e8387d0
19:06:47.921 Gauge daemon initialized and listening on port: 60533
19:08:30.555 Gauge Install ID: c2df18fd-009c-47d7-a7c5-41270e8387d0
19:08:31.964 Checking updates...
19:08:37.444 Plugin [Html Report] with pid [15762] has exited
19:08:37.545 Specifications:	1 executed	1 passed	0 failed	0 skipped
19:08:37.545 Scenarios:	1 executed	1 passed	0 failed	0 skipped
19:08:37.545 
Total time taken: 3.487s
19:45:07.542 Gauge Install ID: c2df18fd-009c-47d7-a7c5-41270e8387d0
19:45:07.822 Gauge daemon initialized and listening on port: 61940
20:46:41.377 Gauge Install ID: c2df18fd-009c-47d7-a7c5-41270e8387d0
20:46:41.378 Unable to send analytics data, Post https://www.google-analytics.com/collect: dial tcp: lookup www.google-analytics.com on [::1]:53: read udp [::1]:56706->[::1]:53: read: connection refused
20:46:41.379 This is already a Gauge Project. Please try to initialize a Gauge project in a different location.
20:46:56.541 Gauge Install ID: c2df18fd-009c-47d7-a7c5-41270e8387d0
20:46:56.543 Unable to send analytics data, Post https://www.google-analytics.com/collect: dial tcp: lookup www.google-analytics.com on [::1]:53: read udp [::1]:50907->[::1]:53: read: connection refused
20:46:56.544 Unable to send analytics data, Post https://www.google-analytics.com/collect: dial tcp: lookup www.google-analytics.com on [::1]:53: read udp [::1]:62507->[::1]:53: read: connection refused
20:46:56.547 Checking updates...
20:46:56.549 Failed to download csharp-install.json file: Get https://downloads.getgauge.io/plugin/csharp?l=java&p=csharp,html-report,java,ruby,screenshot&o=darwin&a=amd64: dial tcp: lookup downloads.getgauge.io on [::1]:53: read udp [::1]:55271->[::1]:53: read: connection refused
20:46:56.552 Failed to download html-report-install.json file: Get https://downloads.getgauge.io/plugin/html-report?l=java&p=csharp,html-report,java,ruby,screenshot&o=darwin&a=amd64: dial tcp: lookup downloads.getgauge.io on [::1]:53: read udp [::1]:55152->[::1]:53: read: connection refused
20:46:56.555 Failed to download java-install.json file: Get https://downloads.getgauge.io/plugin/java?l=java&p=csharp,html-report,java,ruby,screenshot&o=darwin&a=amd64: dial tcp: lookup downloads.getgauge.io on [::1]:53: read udp [::1]:60753->[::1]:53: read: connection refused
20:46:56.556 Failed to download ruby-install.json file: Get https://downloads.getgauge.io/plugin/ruby?l=java&p=csharp,html-report,java,ruby,screenshot&o=darwin&a=amd64: dial tcp: lookup downloads.getgauge.io on [::1]:53: read udp [::1]:63141->[::1]:53: read: connection refused
20:46:56.560 Failed to download screenshot-install.json file: Get https://downloads.getgauge.io/plugin/screenshot?l=java&p=csharp,html-report,java,ruby,screenshot&o=darwin&a=amd64: dial tcp: lookup downloads.getgauge.io on [::1]:53: read udp [::1]:63815->[::1]:53: read: connection refused
20:46:57.087 Runner connection error: Runner with pid 16367 quit unexpectedly(exit status 1).
20:46:57.087 Error while killing runner: os: process already finished
20:46:57.087 Failed to start gauge API: Runner with pid 16367 quit unexpectedly(exit status 1).
20:58:52.290 Gauge Install ID: c2df18fd-009c-47d7-a7c5-41270e8387d0
20:58:53.163 Runner connection error: Runner with pid 18437 quit unexpectedly(exit status 1).
20:58:53.163 Error while killing runner: os: process already finished
20:58:53.163 Failed to start gauge API: Runner with pid 18437 quit unexpectedly(exit status 1).
22:35:37.962 Gauge Install ID: c2df18fd-009c-47d7-a7c5-41270e8387d0
22:35:41.831 Checking updates...
22:35:41.910 # Login Specification
22:35:41.911 ## Successful search
22:35:41.912 * Enter log in details "kl@ki.com" and password "Test@1234"
22:35:43.723 * Submit the form
22:35:44.050 * User should be logged in with message "MY ACCOUNT"

22:35:44.104 * Search for product "Mug"
22:35:44.448 * Search results should have the products with the text "Mug" in their names

22:35:44.476 * Log out
22:35:44.786 * Close the browser
22:35:44.859 * Quit the browser
22:35:44.987 Plugin [Html Report] with pid [18952] has exited
22:35:45.089 Specifications:	1 executed	1 passed	0 failed	0 skipped
22:35:45.089 Scenarios:	1 executed	1 passed	0 failed	0 skipped
22:35:45.089 
Total time taken: 3.017s
22:40:02.674 Gauge Install ID: c2df18fd-009c-47d7-a7c5-41270e8387d0
22:40:05.095 Checking updates...
22:40:06.886 # Login Specification
22:40:06.888 ## Successful search
22:40:06.889 * Enter log in details "kl@ki.com" and password "Test@1234"
22:40:09.667 * Submit the form
22:40:09.990 * User should be logged in with message "MY ACCOUNT"

22:40:10.044 * Search for product "Mug"
22:40:10.411 * Search results should have the products with the text "Mug" in their names

22:40:10.444 * Log out
22:40:10.887 * Close the browser
22:40:10.990 * Quit the browser
22:40:11.119 Plugin [Html Report] with pid [18983] has exited
22:40:11.220 Specifications:	1 executed	1 passed	0 failed	0 skipped
22:40:11.221 Scenarios:	1 executed	1 passed	0 failed	0 skipped
22:40:11.221 
Total time taken: 4.149s
22:41:03.941 Gauge Install ID: c2df18fd-009c-47d7-a7c5-41270e8387d0
22:41:04.942 Unable to send analytics data, timed out
22:41:04.949 Gauge daemon initialized and listening on port: 64033
22:48:11.430 Gauge Install ID: c2df18fd-009c-47d7-a7c5-41270e8387d0
22:48:12.432 Unable to send analytics data, timed out
22:48:16.360 [ValidationError] /Users/apreeti/IdeaProjects/GaugeWithMaven/specs/searchWithContextAndTearDown.spec:16 Duplicate step implementation => 'Search for product "Mug"'
22:48:16.360 [ValidationError] /Users/apreeti/IdeaProjects/GaugeWithMaven/specs/searchWithContextAndTearDown.spec:17 Duplicate step implementation => 'Search results should have the products with the text "Mug" in their names'
22:48:16.360 [ValidationError] /Users/apreeti/IdeaProjects/GaugeWithMaven/specs/searchWithContextAndTearDown.spec:21 Duplicate step implementation => 'Log out'
22:48:16.360 [ValidationError] /Users/apreeti/IdeaProjects/GaugeWithMaven/specs/searchWithContextAndTearDown.spec:22 Duplicate step implementation => 'Close the browser'
22:48:16.360 [ValidationError] /Users/apreeti/IdeaProjects/GaugeWithMaven/specs/searchWithContextAndTearDown.spec:23 Duplicate step implementation => 'Quit the browser'
22:48:16.513 Plugin [Html Report] with pid [19076] has exited
22:48:16.585 Checking updates...
22:48:16.614 Specifications:	0 executed	0 passed	0 failed	1 skipped
22:48:16.615 Scenarios:	0 executed	0 passed	0 failed	1 skipped
22:48:16.615 
Total time taken: 52ms
22:48:30.168 Gauge Install ID: c2df18fd-009c-47d7-a7c5-41270e8387d0
22:48:31.169 Unable to send analytics data, timed out
22:48:32.169 Unable to send analytics data, timed out
22:48:33.514 Checking updates...
22:48:35.430 [ValidationError] /Users/apreeti/IdeaProjects/GaugeWithMaven/specs/searchWithContextAndTearDown.spec:16 Duplicate step implementation => 'Search for product "Mug"'
22:48:35.430 [ValidationError] /Users/apreeti/IdeaProjects/GaugeWithMaven/specs/searchWithContextAndTearDown.spec:17 Duplicate step implementation => 'Search results should have the products with the text "Mug" in their names'
22:48:35.430 [ValidationError] /Users/apreeti/IdeaProjects/GaugeWithMaven/specs/searchWithContextAndTearDown.spec:21 Duplicate step implementation => 'Log out'
22:48:35.430 [ValidationError] /Users/apreeti/IdeaProjects/GaugeWithMaven/specs/searchWithContextAndTearDown.spec:22 Duplicate step implementation => 'Close the browser'
22:48:35.430 [ValidationError] /Users/apreeti/IdeaProjects/GaugeWithMaven/specs/searchWithContextAndTearDown.spec:23 Duplicate step implementation => 'Quit the browser'
22:48:35.551 Plugin [Html Report] with pid [19089] has exited
22:48:35.652 Specifications:	0 executed	0 passed	0 failed	1 skipped
22:48:35.653 Scenarios:	0 executed	0 passed	0 failed	1 skipped
22:48:35.653 
Total time taken: 18ms
22:49:19.452 Gauge Install ID: c2df18fd-009c-47d7-a7c5-41270e8387d0
22:49:21.294 Checking updates...
22:49:23.245 [ValidationError] /Users/apreeti/IdeaProjects/GaugeWithMaven/specs/searchWithContextAndTearDown.spec:16 Duplicate step implementation => 'Search for product "Mug"'
22:49:23.245 [ValidationError] /Users/apreeti/IdeaProjects/GaugeWithMaven/specs/searchWithContextAndTearDown.spec:17 Duplicate step implementation => 'Search results should have the products with the text "Mug" in their names'
22:49:23.245 [ValidationError] /Users/apreeti/IdeaProjects/GaugeWithMaven/specs/searchWithContextAndTearDown.spec:21 Duplicate step implementation => 'Log out'
22:49:23.245 [ValidationError] /Users/apreeti/IdeaProjects/GaugeWithMaven/specs/searchWithContextAndTearDown.spec:22 Duplicate step implementation => 'Close the browser'
22:49:23.245 [ValidationError] /Users/apreeti/IdeaProjects/GaugeWithMaven/specs/searchWithContextAndTearDown.spec:23 Duplicate step implementation => 'Quit the browser'
22:49:23.387 Plugin [Html Report] with pid [19106] has exited
22:49:23.488 Specifications:	0 executed	0 passed	0 failed	1 skipped
22:49:23.488 Scenarios:	0 executed	0 passed	0 failed	1 skipped
22:49:23.488 
Total time taken: 41ms
22:52:22.275 Gauge Install ID: c2df18fd-009c-47d7-a7c5-41270e8387d0
22:52:24.177 Runner connection error: Runner with pid 19117 quit unexpectedly(exit status 1).
22:52:24.177 Error while killing runner: os: process already finished
22:52:24.177 Failed to start gauge API: Runner with pid 19117 quit unexpectedly(exit status 1).
22:53:09.468 Gauge Install ID: c2df18fd-009c-47d7-a7c5-41270e8387d0
22:53:11.121 Checking updates...
22:53:13.332 # Login Specification
22:53:13.333 ## Successful search
22:53:13.335 * Enter log in details "kl@ki.com" and password "Test@1234"
22:53:15.231 * Submit the form
22:53:15.556 * User should be logged in with message "MY ACCOUNT"

22:53:15.611 * Search for product "Mug"
22:53:15.944 * Search results should have the products with the text "Mug" in their names

22:53:15.972 * Log out
22:53:16.318 * Close the browser
22:53:16.430 * Quit the browser
22:53:16.557 Plugin [Html Report] with pid [19132] has exited
22:53:16.657 Specifications:	1 executed	1 passed	0 failed	0 skipped
22:53:16.657 Scenarios:	1 executed	1 passed	0 failed	0 skipped
22:53:16.657 
Total time taken: 3.167s
22:56:10.611 Gauge Install ID: c2df18fd-009c-47d7-a7c5-41270e8387d0
22:56:11.612 Unable to send analytics data, timed out
22:56:12.612 Unable to send analytics data, timed out
22:56:40.613 Unable to send analytics data, Post https://www.google-analytics.com/collect: dial tcp: i/o timeout
22:56:40.613 Unable to send analytics data, Post https://www.google-analytics.com/collect: dial tcp: lookup www.google-analytics.com on 202.88.174.8:53: read udp 192.168.0.18:65053->202.88.174.8:53: i/o timeout
22:56:42.615 Checking updates...
22:57:12.617 Failed to download csharp-install.json file: Get https://downloads.getgauge.io/plugin/csharp?l=java&p=csharp,html-report,java,ruby,screenshot&o=darwin&a=amd64: dial tcp: i/o timeout
22:57:14.371 Plugin [Html Report] with pid [19159] has exited
22:57:14.371 Specifications:	1 executed	0 passed	1 failed	0 skipped
22:57:14.371 Scenarios:	1 executed	0 passed	1 failed	0 skipped
22:57:14.371 
Total time taken: 58.894s
22:57:22.649 Gauge Install ID: c2df18fd-009c-47d7-a7c5-41270e8387d0
22:57:23.652 Unable to send analytics data, timed out
22:57:24.653 Unable to send analytics data, timed out
22:57:31.804 Plugin [Html Report] with pid [19181] has exited
22:57:31.904 Specifications:	1 executed	1 passed	0 failed	0 skipped
22:57:31.904 Scenarios:	1 executed	1 passed	0 failed	0 skipped
22:57:31.904 
Total time taken: 4.285s
22:57:50.669 Gauge Install ID: c2df18fd-009c-47d7-a7c5-41270e8387d0
22:57:51.670 Unable to send analytics data, timed out
22:57:52.670 Unable to send analytics data, timed out
22:57:54.328 Checking updates...
22:57:59.902 Plugin [Html Report] with pid [19205] has exited
22:58:00.406 Specifications:	1 executed	1 passed	0 failed	0 skipped
22:58:00.406 Scenarios:	1 executed	1 passed	0 failed	0 skipped
22:58:00.406 
Total time taken: 4.128s
22:58:21.901 Gauge Install ID: c2df18fd-009c-47d7-a7c5-41270e8387d0
22:58:24.158 Checking updates...
22:58:28.791 Plugin [Html Report] with pid [19229] has exited
22:58:29.296 Specifications:	1 executed	0 passed	1 failed	0 skipped
22:58:29.296 Scenarios:	2 executed	1 passed	1 failed	0 skipped
22:58:29.296 
Total time taken: 3.348s
22:59:01.273 Gauge Install ID: c2df18fd-009c-47d7-a7c5-41270e8387d0
22:59:03.166 Checking updates...
22:59:07.998 Plugin [Html Report] with pid [19254] has exited
22:59:08.502 Specifications:	1 executed	0 passed	1 failed	0 skipped
22:59:08.502 Scenarios:	2 executed	1 passed	1 failed	0 skipped
22:59:08.502 
Total time taken: 3.369s
22:59:22.966 Gauge Install ID: c2df18fd-009c-47d7-a7c5-41270e8387d0
22:59:24.987 Checking updates...
22:59:29.946 Plugin [Html Report] with pid [19282] has exited
22:59:30.450 Specifications:	1 executed	0 passed	1 failed	0 skipped
22:59:30.450 Scenarios:	2 executed	1 passed	1 failed	0 skipped
22:59:30.451 
Total time taken: 3.423s
23:01:27.562 Gauge Install ID: c2df18fd-009c-47d7-a7c5-41270e8387d0
23:01:29.606 Checking updates...
23:01:39.700 Plugin [Html Report] with pid [19307] has exited
23:01:40.218 Specifications:	1 executed	0 passed	1 failed	0 skipped
23:01:40.218 Scenarios:	2 executed	1 passed	1 failed	0 skipped
23:01:40.218 
Total time taken: 3.397s
23:02:03.003 Gauge Install ID: c2df18fd-009c-47d7-a7c5-41270e8387d0
23:02:08.490 Gauge Install ID: c2df18fd-009c-47d7-a7c5-41270e8387d0
23:02:10.259 Checking updates...
23:02:19.410 Plugin [Html Report] with pid [19342] has exited
23:02:19.913 Specifications:	1 executed	1 passed	0 failed	0 skipped
23:02:19.913 Scenarios:	1 executed	1 passed	0 failed	0 skipped
23:02:19.913 
Total time taken: 2.733s
23:03:26.293 Gauge Install ID: c2df18fd-009c-47d7-a7c5-41270e8387d0
23:03:27.295 Unable to send analytics data, timed out
23:03:28.295 Unable to send analytics data, timed out
23:03:34.062 Plugin [Html Report] with pid [19363] has exited
23:03:34.567 Specifications:	1 executed	1 passed	0 failed	0 skipped
23:03:34.567 Scenarios:	1 executed	1 passed	0 failed	0 skipped
23:03:34.567 
Total time taken: 3.018s
23:04:15.379 Gauge Install ID: c2df18fd-009c-47d7-a7c5-41270e8387d0
23:04:17.235 Checking updates...
23:04:22.174 Plugin [Html Report] with pid [19390] has exited
23:04:22.274 Specifications:	1 executed	1 passed	0 failed	0 skipped
23:04:22.274 Scenarios:	1 executed	1 passed	0 failed	0 skipped
23:04:22.274 
Total time taken: 3.513s
23:10:45.225 Gauge Install ID: c2df18fd-009c-47d7-a7c5-41270e8387d0
23:10:46.227 Unable to send analytics data, timed out
23:10:47.227 Unable to send analytics data, timed out
23:10:51.691 Gauge Install ID: c2df18fd-009c-47d7-a7c5-41270e8387d0
23:10:52.693 Unable to send analytics data, timed out
23:10:53.694 Unable to send analytics data, timed out
23:10:54.958 Checking updates...
23:10:59.067 Plugin [Html Report] with pid [19428] has exited
23:10:59.168 Specifications:	1 executed	1 passed	0 failed	0 skipped
23:10:59.168 Scenarios:	2 executed	2 passed	0 failed	0 skipped
23:10:59.168 
Total time taken: 2.495s
23:11:02.397 Gauge Install ID: c2df18fd-009c-47d7-a7c5-41270e8387d0
23:11:04.005 Checking updates...
23:11:08.335 Plugin [Html Report] with pid [19452] has exited
23:11:08.436 Specifications:	1 executed	1 passed	0 failed	0 skipped
23:11:08.436 Scenarios:	2 executed	2 passed	0 failed	0 skipped
23:11:08.436 
Total time taken: 2.583s
23:12:51.950 Gauge Install ID: c2df18fd-009c-47d7-a7c5-41270e8387d0
23:12:53.537 Checking updates...
23:12:58.715 Plugin [Html Report] with pid [19476] has exited
23:12:59.220 Specifications:	1 executed	0 passed	1 failed	0 skipped
23:12:59.220 Scenarios:	2 executed	1 passed	1 failed	0 skipped
23:12:59.220 
Total time taken: 3.47s
23:13:58.113 Gauge Install ID: c2df18fd-009c-47d7-a7c5-41270e8387d0
23:13:59.894 Checking updates...
23:14:04.079 Plugin [Html Report] with pid [19501] has exited
23:14:04.180 Specifications:	1 executed	1 passed	0 failed	0 skipped
23:14:04.180 Scenarios:	2 executed	2 passed	0 failed	0 skipped
23:14:04.180 
Total time taken: 2.62s
23:16:33.076 Gauge Install ID: c2df18fd-009c-47d7-a7c5-41270e8387d0
23:16:34.603 Checking updates...
23:16:36.993 # Context and Tear Down Specification
23:16:37.097 Plugin [Html Report] with pid [19530] has exited
23:16:37.198 Specifications:	0 executed	0 passed	0 failed	1 skipped
23:16:37.198 Scenarios:	0 executed	0 passed	0 failed	0 skipped
23:16:37.198 
Total time taken: 23ms
23:17:09.122 Gauge Install ID: c2df18fd-009c-47d7-a7c5-41270e8387d0
23:17:10.767 Checking updates...
23:17:12.880 # Context and Tear Down Specification
23:17:12.984 Plugin [Html Report] with pid [19543] has exited
23:17:13.085 Specifications:	0 executed	0 passed	0 failed	1 skipped
23:17:13.085 Scenarios:	0 executed	0 passed	0 failed	0 skipped
23:17:13.085 
Total time taken: 23ms
23:17:24.061 Gauge Install ID: c2df18fd-009c-47d7-a7c5-41270e8387d0
23:17:25.719 Checking updates...
23:17:27.667 # Context and Tear Down Specification
23:17:27.770 Plugin [Html Report] with pid [19557] has exited
23:17:27.871 Specifications:	0 executed	0 passed	0 failed	1 skipped
23:17:27.872 Scenarios:	0 executed	0 passed	0 failed	0 skipped
23:17:27.872 
Total time taken: 21ms
23:19:35.891 Gauge Install ID: c2df18fd-009c-47d7-a7c5-41270e8387d0
23:19:37.452 Checking updates...
23:19:39.607 # Search Specification
23:19:39.711 Plugin [Html Report] with pid [19576] has exited
23:19:39.812 Specifications:	0 executed	0 passed	0 failed	1 skipped
23:19:39.812 Scenarios:	0 executed	0 passed	0 failed	0 skipped
23:19:39.812 
Total time taken: 1.434s
23:20:02.883 Gauge Install ID: c2df18fd-009c-47d7-a7c5-41270e8387d0
23:20:04.542 Checking updates...
23:20:06.582 # Search Specification
23:20:06.688 Plugin [Html Report] with pid [19593] has exited
23:20:06.789 Specifications:	0 executed	0 passed	0 failed	1 skipped
23:20:06.789 Scenarios:	0 executed	0 passed	0 failed	0 skipped
23:20:06.789 
Total time taken: 1.466s
23:22:16.133 Gauge Install ID: c2df18fd-009c-47d7-a7c5-41270e8387d0
23:22:17.742 Checking updates...
23:22:19.897 # Create a user and login Specification
23:22:19.899 
   |username |password |
   |---------|---------|
   |kj@um.com|Test@1234|
23:22:19.899 ## Create new users
23:22:19.900 * Click on Login
23:22:21.576 * Click on Create New User link
23:22:21.786 * Enter user details <username> and <password>
23:22:22.315 * User should be logged in with "MY ACCOUNT"

23:22:22.363 * Log out of the app
23:22:22.719 * Close the browser
23:22:22.808 * Quit the browser
23:22:22.933 Plugin [Html Report] with pid [19607] has exited
23:22:23.034 Specifications:	1 executed	1 passed	0 failed	0 skipped
23:22:23.034 Scenarios:	1 executed	1 passed	0 failed	0 skipped
23:22:23.034 
Total time taken: 2.953s
23:23:06.968 Gauge Install ID: c2df18fd-009c-47d7-a7c5-41270e8387d0
23:23:08.657 Checking updates...
23:23:10.731 # Create a user and login Specification
23:23:10.733 
   |username |password |
   |---------|---------|
   |kj@kj.com|Test@1234|
23:23:10.733 ## Create new users
23:23:10.734 * Click on Login
23:23:12.397 * Click on Create New User link
23:23:12.623 * Enter user details <username> and <password>
23:23:13.156 * User should be logged in with "MY ACCOUNT"

23:23:13.210 * Log out of the app
23:23:13.557 * Close the browser
23:23:13.633 * Quit the browser
23:23:13.656 
   |username |password |
   |---------|---------|
   |kj@fd.com|Test@1234|
23:23:13.656 ## Create new users
23:23:13.657 * Click on Login
23:23:14.284 Failed Step: Click on Login
23:23:14.284 Error Message: org.openqa.selenium.remote.SessionNotFoundException: Session ID is null. Using WebDriver after calling quit()?
Build info: version: '2.53.1', revision: 'a36b8b1', time: '2016-06-30 17:32:46'
System info: host: 'in-apreeti.local', ip: '192.168.0.18', os.name: 'Mac OS X', os.arch: 'x86_64', os.version: '10.12.6', java.version: '1.8.0_102'
Driver info: driver.version: RemoteWebDriver
23:23:14.284 Specification: specs/createUserWithSpecialParams.spec:13
23:23:14.284 Stacktrace: 
org.openqa.selenium.remote.HttpCommandExecutor.execute(HttpCommandExecutor.java:134)
org.openqa.selenium.remote.service.DriverCommandExecutor.execute(DriverCommandExecutor.java:82)
org.openqa.selenium.remote.RemoteWebDriver.execute(RemoteWebDriver.java:644)
org.openqa.selenium.remote.RemoteWebDriver.findElement(RemoteWebDriver.java:363)
org.openqa.selenium.remote.RemoteWebDriver.findElementById(RemoteWebDriver.java:413)
org.openqa.selenium.By$ById.findElement(By.java:218)
org.openqa.selenium.remote.RemoteWebDriver.findElement(RemoteWebDriver.java:355)
org.openqa.selenium.support.pagefactory.DefaultElementLocator.findElement(DefaultElementLocator.java:69)
org.openqa.selenium.support.pagefactory.internal.LocatingElementHandler.invoke(LocatingElementHandler.java:38)
com.sun.proxy.$Proxy3.click(Unknown Source)
pageObjects.HomePage.clickOnLogin(HomePage.java:37)
StepImplementation.CreateNewUserSteps.clickOnLogin(CreateNewUserSteps.java:15)
23:23:14.285 
   |username |password |
   |---------|---------|
   |kj@ew.com|Test@1234|
23:23:14.285 ## Create new users
23:23:14.285 * Click on Login
23:23:14.524 Failed Step: Click on Login
23:23:14.524 Error Message: org.openqa.selenium.remote.SessionNotFoundException: Session ID is null. Using WebDriver after calling quit()?
Build info: version: '2.53.1', revision: 'a36b8b1', time: '2016-06-30 17:32:46'
System info: host: 'in-apreeti.local', ip: '192.168.0.18', os.name: 'Mac OS X', os.arch: 'x86_64', os.version: '10.12.6', java.version: '1.8.0_102'
Driver info: driver.version: RemoteWebDriver
23:23:14.524 Specification: specs/createUserWithSpecialParams.spec:13
23:23:14.524 Stacktrace: 
org.openqa.selenium.remote.HttpCommandExecutor.execute(HttpCommandExecutor.java:134)
org.openqa.selenium.remote.service.DriverCommandExecutor.execute(DriverCommandExecutor.java:82)
org.openqa.selenium.remote.RemoteWebDriver.execute(RemoteWebDriver.java:644)
org.openqa.selenium.remote.RemoteWebDriver.findElement(RemoteWebDriver.java:363)
org.openqa.selenium.remote.RemoteWebDriver.findElementById(RemoteWebDriver.java:413)
org.openqa.selenium.By$ById.findElement(By.java:218)
org.openqa.selenium.remote.RemoteWebDriver.findElement(RemoteWebDriver.java:355)
org.openqa.selenium.support.pagefactory.DefaultElementLocator.findElement(DefaultElementLocator.java:69)
org.openqa.selenium.support.pagefactory.internal.LocatingElementHandler.invoke(LocatingElementHandler.java:38)
com.sun.proxy.$Proxy3.click(Unknown Source)
pageObjects.HomePage.clickOnLogin(HomePage.java:37)
StepImplementation.CreateNewUserSteps.clickOnLogin(CreateNewUserSteps.java:15)
23:23:14.629 Plugin [Html Report] with pid [19636] has exited
23:23:15.032 Specifications:	1 executed	0 passed	1 failed	0 skipped
23:23:15.032 Scenarios:	1 executed	0 passed	1 failed	0 skipped
23:23:15.032 
Total time taken: 3.816s
23:24:02.824 Gauge Install ID: c2df18fd-009c-47d7-a7c5-41270e8387d0
23:24:04.466 Checking updates...
23:24:06.573 # Create a user and login Specification
23:24:06.574 
   |username |password |
   |---------|---------|
   |kj@k.vcom|Test@1234|
23:24:06.574 ## Create new users
23:24:06.576 * Click on Login
23:24:08.254 * Click on Create New User link
23:24:08.464 * Enter user details <username> and <password>
23:24:08.997 * User should be logged in with "MY ACCOUNT"

23:24:09.046 * Log out of the app
23:24:09.401 
   |username |password |
   |---------|---------|
   |kj@fd.com|Test@1234|
23:24:09.401 ## Create new users
23:24:09.402 * Click on Login
23:24:09.612 * Click on Create New User link
23:24:09.841 * Enter user details <username> and <password>
23:24:10.338 * User should be logged in with "MY ACCOUNT"

23:24:10.378 * Log out of the app
23:24:10.722 
   |username |password |
   |---------|---------|
   |kj@ew.com|Test@1234|
23:24:10.722 ## Create new users
23:24:10.722 * Click on Login
23:24:10.940 * Click on Create New User link
23:24:11.174 * Enter user details <username> and <password>
23:24:11.643 * User should be logged in with "MY ACCOUNT"

23:24:11.680 * Log out of the app
23:24:12.137 Plugin [Html Report] with pid [19664] has exited
23:24:12.541 Specifications:	1 executed	1 passed	0 failed	0 skipped
23:24:12.541 Scenarios:	1 executed	1 passed	0 failed	0 skipped
23:24:12.541 
Total time taken: 5.481s
23:30:36.908 Gauge Install ID: c2df18fd-009c-47d7-a7c5-41270e8387d0
23:30:37.371 The following specifications satisfy filter criteria:
23:30:37.371 specs/searchWithTags.spec
23:30:38.912 Checking updates...
23:30:40.681 # Search Specification
23:30:40.683 ## Successful search
23:30:40.684 * Search for product "Mug"
23:30:42.489 * Search results should have the products with the text "Mug" in their names

23:30:42.638 Plugin [Html Report] with pid [19698] has exited
23:30:43.042 Specifications:	1 executed	1 passed	0 failed	0 skipped
23:30:43.042 Scenarios:	1 executed	1 passed	0 failed	0 skipped
23:30:43.042 
Total time taken: 1.872s
23:30:56.822 Gauge Install ID: c2df18fd-009c-47d7-a7c5-41270e8387d0
23:30:57.184 The following specifications satisfy filter criteria:
23:30:57.184 specs/searchWithTags.spec
23:30:58.480 Checking updates...
23:31:00.295 # Search Specification
23:31:00.297 ## Successful search
23:31:00.298 * Search for product "Mug"
23:31:02.113 * Search results should have the products with the text "Mug" in their names

23:31:02.264 Plugin [Html Report] with pid [19727] has exited
23:31:02.666 Specifications:	1 executed	1 passed	0 failed	0 skipped
23:31:02.667 Scenarios:	1 executed	1 passed	0 failed	0 skipped
23:31:02.667 
Total time taken: 1.903s
23:31:07.708 Gauge Install ID: c2df18fd-009c-47d7-a7c5-41270e8387d0
23:31:08.038 The following specifications satisfy filter criteria:
23:31:08.038 specs/searchWithTags.spec
23:31:09.325 Checking updates...
23:31:11.172 # Search Specification
23:31:11.174 ## Successful search
23:31:11.175 * Search for product "Mug"
23:31:13.018 * Search results should have the products with the text "Mug" in their names

23:31:13.054 ## Unsuccessful search
23:31:13.055 * Search for product "Unknown"
23:31:13.317 * 'No products found' message should be displayed

23:31:13.343 * Close the browser
23:31:13.424 * Quit the browser
23:31:13.553 Plugin [Html Report] with pid [19755] has exited
23:31:13.654 Specifications:	1 executed	1 passed	0 failed	0 skipped
23:31:13.654 Scenarios:	2 executed	2 passed	0 failed	0 skipped
23:31:13.654 
Total time taken: 2.298s
23:38:10.751 Gauge Install ID: c2df18fd-009c-47d7-a7c5-41270e8387d0
23:38:12.363 Checking updates...
23:38:14.600 Executing in 4 parallel streams.
23:38:14.600 Incorrect value for enable_multithreading in property file. Cannot convert  to boolean.
23:38:14.600 Using default value false for property enable_multithreading.
23:38:23.343 # Create a user and login Specification
23:38:23.345 
   |username |password |
   |---------|---------|
   |kl@ka.com|Test@1234|
23:38:23.345 ## 1_Create new users from table
23:38:23.347 * Click on Login
23:38:23.352 # Create a user and login Specification
23:38:23.353 # Create a user and login Specification
23:38:23.354 
   |username |password |
   |---------|---------|
   |uy@um.com|Test@1234|
23:38:23.355 ## Create new users
23:38:23.355 
   |username |password |
   |---------|---------|
   |kj@um.com|Test@1234|
23:38:23.355 ## Create new users
23:38:23.356 * Click on Login
23:38:23.357 * Click on Login
23:38:24.027 # Create a user and login Specification
23:38:24.029 
   |username |password |
   |---------|---------|
   |kj@k.vcom|Test@1234|
23:38:24.029 ## Create new users
23:38:24.031 * Click on Login
23:38:28.793 * Click on Create New User link
23:38:28.858 * Click on Create New User link
23:38:28.923 * Click on Create New User link
23:38:28.996 * Click on Create New User link
23:38:29.528 * Enter user details <username> and <password>
23:38:29.590 * Enter user details <username> and <password>
23:38:29.661 * Enter user details <username> and <password>
23:38:29.744 * Enter user details <username> and <password>
23:38:30.399 * User should be logged in with "MY ACCOUNT"

23:38:30.495 * User should be logged in with "MY ACCOUNT"

23:38:30.589 * User should be logged in with "MY ACCOUNT"

23:38:30.706 * User should be logged in with "MY ACCOUNT"

23:38:31.427 
Failed Step: User should be logged in with "MY ACCOUNT"
23:38:31.429 Specification: specs/createUserWithSpecialParams.spec:16
23:38:31.429 Error Message: org.openqa.selenium.NoSuchElementException: no such element: Unable to locate element: {"method":"link text","selector":"MY ACCOUNT"}
  (Session info: chrome=63.0.3239.132)
  (Driver info: chromedriver=2.35.528157 (4429ca2590d6988c0745c24c8858745aaaec01ef),platform=Mac OS X 10.12.6 x86_64) (WARNING: The server did not provide any stacktrace information)
Command duration or timeout: 18 milliseconds
For documentation on this error, please visit: http://seleniumhq.org/exceptions/no_such_element.html
Build info: version: '2.53.1', revision: 'a36b8b1', time: '2016-06-30 17:32:46'
System info: host: 'in-apreeti.local', ip: '192.168.0.18', os.name: 'Mac OS X', os.arch: 'x86_64', os.version: '10.12.6', java.version: '1.8.0_102'
Driver info: org.openqa.selenium.chrome.ChromeDriver
Capabilities [{applicationCacheEnabled=false, rotatable=false, mobileEmulationEnabled=false, networkConnectionEnabled=false, chrome={chromedriverVersion=2.35.528157 (4429ca2590d6988c0745c24c8858745aaaec01ef), userDataDir=/var/folders/pg/xwtm6n891c396r0d9nywntwr0000gn/T/.org.chromium.Chromium.WFdqS7}, takesHeapSnapshot=true, pageLoadStrategy=normal, databaseEnabled=false, handlesAlerts=true, hasTouchScreen=false, version=63.0.3239.132, platform=MAC, browserConnectionEnabled=false, nativeEvents=true, acceptSslCerts=false, acceptInsecureCerts=false, locationContextEnabled=true, webStorageEnabled=true, browserName=chrome, takesScreenshot=true, javascriptEnabled=true, cssSelectorsEnabled=true, setWindowRect=true, unexpectedAlertBehaviour=}]
Session ID: f38627c8aed9d077df315c8a8a2a1386
*** Element info: {Using=link text, value=MY ACCOUNT}
23:38:31.429 Stacktrace: 
sun.reflect.NativeConstructorAccessorImpl.newInstance0(Native Method)
sun.reflect.NativeConstructorAccessorImpl.newInstance(NativeConstructorAccessorImpl.java:62)
sun.reflect.DelegatingConstructorAccessorImpl.newInstance(DelegatingConstructorAccessorImpl.java:45)
java.lang.reflect.Constructor.newInstance(Constructor.java:423)
org.openqa.selenium.remote.ErrorHandler.createThrowable(ErrorHandler.java:206)
org.openqa.selenium.remote.ErrorHandler.throwIfResponseFailed(ErrorHandler.java:158)
org.openqa.selenium.remote.RemoteWebDriver.execute(RemoteWebDriver.java:678)
org.openqa.selenium.remote.RemoteWebDriver.findElement(RemoteWebDriver.java:363)
org.openqa.selenium.remote.RemoteWebDriver.findElementByLinkText(RemoteWebDriver.java:428)
org.openqa.selenium.By$ByLinkText.findElement(By.java:246)
org.openqa.selenium.remote.RemoteWebDriver.findElement(RemoteWebDriver.java:355)
org.openqa.selenium.support.pagefactory.DefaultElementLocator.findElement(DefaultElementLocator.java:69)
org.openqa.selenium.support.pagefactory.internal.LocatingElementHandler.invoke(LocatingElementHandler.java:38)
com.sun.proxy.$Proxy3.getText(Unknown Source)
pageObjects.HomePage.getMyAccountText(HomePage.java:45)
StepImplementation.CreateNewUserSteps.verifyMessage(CreateNewUserSteps.java:30)
23:38:31.431 # Create a user and login Specification
23:38:31.432 
   |username |password |
   |---------|---------|
   |kj@fd.com|Test@1234|
23:38:31.432 ## Create new users
23:38:31.433 * Click on Login
23:38:31.662 
Failed Step: User should be logged in with "MY ACCOUNT"
23:38:31.662 Specification: specs/createUserWithSpecialParams.spec:16
23:38:31.662 Error Message: org.openqa.selenium.NoSuchElementException: no such element: Unable to locate element: {"method":"link text","selector":"MY ACCOUNT"}
  (Session info: chrome=63.0.3239.132)
  (Driver info: chromedriver=2.35.528157 (4429ca2590d6988c0745c24c8858745aaaec01ef),platform=Mac OS X 10.12.6 x86_64) (WARNING: The server did not provide any stacktrace information)
Command duration or timeout: 24 milliseconds
For documentation on this error, please visit: http://seleniumhq.org/exceptions/no_such_element.html
Build info: version: '2.53.1', revision: 'a36b8b1', time: '2016-06-30 17:32:46'
System info: host: 'in-apreeti.local', ip: '192.168.0.18', os.name: 'Mac OS X', os.arch: 'x86_64', os.version: '10.12.6', java.version: '1.8.0_102'
Driver info: org.openqa.selenium.chrome.ChromeDriver
Capabilities [{applicationCacheEnabled=false, rotatable=false, mobileEmulationEnabled=false, networkConnectionEnabled=false, chrome={chromedriverVersion=2.35.528157 (4429ca2590d6988c0745c24c8858745aaaec01ef), userDataDir=/var/folders/pg/xwtm6n891c396r0d9nywntwr0000gn/T/.org.chromium.Chromium.CUCp2z}, takesHeapSnapshot=true, pageLoadStrategy=normal, databaseEnabled=false, handlesAlerts=true, hasTouchScreen=false, version=63.0.3239.132, platform=MAC, browserConnectionEnabled=false, nativeEvents=true, acceptSslCerts=false, acceptInsecureCerts=false, locationContextEnabled=true, webStorageEnabled=true, browserName=chrome, takesScreenshot=true, javascriptEnabled=true, cssSelectorsEnabled=true, setWindowRect=true, unexpectedAlertBehaviour=}]
Session ID: b140105753087309773bbe90326b840d
*** Element info: {Using=link text, value=MY ACCOUNT}
23:38:31.662 Stacktrace: 
sun.reflect.NativeConstructorAccessorImpl.newInstance0(Native Method)
sun.reflect.NativeConstructorAccessorImpl.newInstance(NativeConstructorAccessorImpl.java:62)
sun.reflect.DelegatingConstructorAccessorImpl.newInstance(DelegatingConstructorAccessorImpl.java:45)
java.lang.reflect.Constructor.newInstance(Constructor.java:423)
org.openqa.selenium.remote.ErrorHandler.createThrowable(ErrorHandler.java:206)
org.openqa.selenium.remote.ErrorHandler.throwIfResponseFailed(ErrorHandler.java:158)
org.openqa.selenium.remote.RemoteWebDriver.execute(RemoteWebDriver.java:678)
org.openqa.selenium.remote.RemoteWebDriver.findElement(RemoteWebDriver.java:363)
org.openqa.selenium.remote.RemoteWebDriver.findElementByLinkText(RemoteWebDriver.java:428)
org.openqa.selenium.By$ByLinkText.findElement(By.java:246)
org.openqa.selenium.remote.RemoteWebDriver.findElement(RemoteWebDriver.java:355)
org.openqa.selenium.support.pagefactory.DefaultElementLocator.findElement(DefaultElementLocator.java:69)
org.openqa.selenium.support.pagefactory.internal.LocatingElementHandler.invoke(LocatingElementHandler.java:38)
com.sun.proxy.$Proxy3.getText(Unknown Source)
pageObjects.HomePage.getMyAccountText(HomePage.java:45)
StepImplementation.CreateNewUserSteps.verifyMessage(CreateNewUserSteps.java:30)
23:38:31.665 # Create a user and login Specification
23:38:31.666 
   |username |password |
   |---------|---------|
   |kj@ew.com|Test@1234|
23:38:31.666 ## Create new users
23:38:31.666 * Click on Login
23:38:31.691 
Failed Step: User should be logged in with "MY ACCOUNT"
23:38:31.691 Specification: specs/createUserWithInlineTable.spec:18
23:38:31.691 Error Message: org.openqa.selenium.NoSuchElementException: no such element: Unable to locate element: {"method":"link text","selector":"MY ACCOUNT"}
  (Session info: chrome=63.0.3239.132)
  (Driver info: chromedriver=2.35.528157 (4429ca2590d6988c0745c24c8858745aaaec01ef),platform=Mac OS X 10.12.6 x86_64) (WARNING: The server did not provide any stacktrace information)
Command duration or timeout: 33 milliseconds
For documentation on this error, please visit: http://seleniumhq.org/exceptions/no_such_element.html
Build info: version: '2.53.1', revision: 'a36b8b1', time: '2016-06-30 17:32:46'
System info: host: 'in-apreeti.local', ip: '192.168.0.18', os.name: 'Mac OS X', os.arch: 'x86_64', os.version: '10.12.6', java.version: '1.8.0_102'
Driver info: org.openqa.selenium.chrome.ChromeDriver
Capabilities [{applicationCacheEnabled=false, rotatable=false, mobileEmulationEnabled=false, networkConnectionEnabled=false, chrome={chromedriverVersion=2.35.528157 (4429ca2590d6988c0745c24c8858745aaaec01ef), userDataDir=/var/folders/pg/xwtm6n891c396r0d9nywntwr0000gn/T/.org.chromium.Chromium.1yRte4}, takesHeapSnapshot=true, pageLoadStrategy=normal, databaseEnabled=false, handlesAlerts=true, hasTouchScreen=false, version=63.0.3239.132, platform=MAC, browserConnectionEnabled=false, nativeEvents=true, acceptSslCerts=false, acceptInsecureCerts=false, locationContextEnabled=true, webStorageEnabled=true, browserName=chrome, takesScreenshot=true, javascriptEnabled=true, cssSelectorsEnabled=true, setWindowRect=true, unexpectedAlertBehaviour=}]
Session ID: d9fdb5a6b8aa30c98cc830765e4741fa
*** Element info: {Using=link text, value=MY ACCOUNT}
23:38:31.691 Stacktrace: 
sun.reflect.NativeConstructorAccessorImpl.newInstance0(Native Method)
sun.reflect.NativeConstructorAccessorImpl.newInstance(NativeConstructorAccessorImpl.java:62)
sun.reflect.DelegatingConstructorAccessorImpl.newInstance(DelegatingConstructorAccessorImpl.java:45)
java.lang.reflect.Constructor.newInstance(Constructor.java:423)
org.openqa.selenium.remote.ErrorHandler.createThrowable(ErrorHandler.java:206)
org.openqa.selenium.remote.ErrorHandler.throwIfResponseFailed(ErrorHandler.java:158)
org.openqa.selenium.remote.RemoteWebDriver.execute(RemoteWebDriver.java:678)
org.openqa.selenium.remote.RemoteWebDriver.findElement(RemoteWebDriver.java:363)
org.openqa.selenium.remote.RemoteWebDriver.findElementByLinkText(RemoteWebDriver.java:428)
org.openqa.selenium.By$ByLinkText.findElement(By.java:246)
org.openqa.selenium.remote.RemoteWebDriver.findElement(RemoteWebDriver.java:355)
org.openqa.selenium.support.pagefactory.DefaultElementLocator.findElement(DefaultElementLocator.java:69)
org.openqa.selenium.support.pagefactory.internal.LocatingElementHandler.invoke(LocatingElementHandler.java:38)
com.sun.proxy.$Proxy3.getText(Unknown Source)
pageObjects.HomePage.getMyAccountText(HomePage.java:45)
StepImplementation.CreateNewUserSteps.verifyMessage(CreateNewUserSteps.java:30)
23:38:31.696 # Create a user and login Specification
23:38:31.697 
   |username |password |
   |---------|---------|
   |kj@fd.com|Test@1234|
23:38:31.697 ## Create new users
23:38:31.697 * Click on Login
23:38:31.780 * Click on Create New User link
23:38:31.799 
Failed Step: User should be logged in with "MY ACCOUNT"
23:38:31.799 Specification: specs/createUserWithSpecialParams.spec:16
23:38:31.799 Error Message: org.openqa.selenium.NoSuchElementException: no such element: Unable to locate element: {"method":"link text","selector":"MY ACCOUNT"}
  (Session info: chrome=63.0.3239.132)
  (Driver info: chromedriver=2.35.528157 (4429ca2590d6988c0745c24c8858745aaaec01ef),platform=Mac OS X 10.12.6 x86_64) (WARNING: The server did not provide any stacktrace information)
Command duration or timeout: 30 milliseconds
For documentation on this error, please visit: http://seleniumhq.org/exceptions/no_such_element.html
Build info: version: '2.53.1', revision: 'a36b8b1', time: '2016-06-30 17:32:46'
System info: host: 'in-apreeti.local', ip: '192.168.0.18', os.name: 'Mac OS X', os.arch: 'x86_64', os.version: '10.12.6', java.version: '1.8.0_102'
Driver info: org.openqa.selenium.chrome.ChromeDriver
Capabilities [{applicationCacheEnabled=false, rotatable=false, mobileEmulationEnabled=false, networkConnectionEnabled=false, chrome={chromedriverVersion=2.35.528157 (4429ca2590d6988c0745c24c8858745aaaec01ef), userDataDir=/var/folders/pg/xwtm6n891c396r0d9nywntwr0000gn/T/.org.chromium.Chromium.LsrNVr}, takesHeapSnapshot=true, pageLoadStrategy=normal, databaseEnabled=false, handlesAlerts=true, hasTouchScreen=false, version=63.0.3239.132, platform=MAC, browserConnectionEnabled=false, nativeEvents=true, acceptSslCerts=false, acceptInsecureCerts=false, locationContextEnabled=true, webStorageEnabled=true, browserName=chrome, takesScreenshot=true, javascriptEnabled=true, cssSelectorsEnabled=true, setWindowRect=true, unexpectedAlertBehaviour=}]
Session ID: 6ba7b171486cf5a4762b546a777833e0
*** Element info: {Using=link text, value=MY ACCOUNT}
23:38:31.799 Stacktrace: 
sun.reflect.NativeConstructorAccessorImpl.newInstance0(Native Method)
sun.reflect.NativeConstructorAccessorImpl.newInstance(NativeConstructorAccessorImpl.java:62)
sun.reflect.DelegatingConstructorAccessorImpl.newInstance(DelegatingConstructorAccessorImpl.java:45)
java.lang.reflect.Constructor.newInstance(Constructor.java:423)
org.openqa.selenium.remote.ErrorHandler.createThrowable(ErrorHandler.java:206)
org.openqa.selenium.remote.ErrorHandler.throwIfResponseFailed(ErrorHandler.java:158)
org.openqa.selenium.remote.RemoteWebDriver.execute(RemoteWebDriver.java:678)
org.openqa.selenium.remote.RemoteWebDriver.findElement(RemoteWebDriver.java:363)
org.openqa.selenium.remote.RemoteWebDriver.findElementByLinkText(RemoteWebDriver.java:428)
org.openqa.selenium.By$ByLinkText.findElement(By.java:246)
org.openqa.selenium.remote.RemoteWebDriver.findElement(RemoteWebDriver.java:355)
org.openqa.selenium.support.pagefactory.DefaultElementLocator.findElement(DefaultElementLocator.java:69)
org.openqa.selenium.support.pagefactory.internal.LocatingElementHandler.invoke(LocatingElementHandler.java:38)
com.sun.proxy.$Proxy3.getText(Unknown Source)
pageObjects.HomePage.getMyAccountText(HomePage.java:45)
StepImplementation.CreateNewUserSteps.verifyMessage(CreateNewUserSteps.java:30)
23:38:31.802 # Login using concepts
23:38:31.802 
   |username |password |
   |---------|---------|
   |uy@um.com|Test@1234|
23:38:31.803 ## Successful login
23:38:31.803 * Login as user <username> and <password>

23:38:31.803 * Enter log in details <username> and password <password>
23:38:32.287 * Click on Create New User link
23:38:32.346 * Click on Create New User link
23:38:32.399 * Enter user details <username> and <password>
23:38:32.580 * Submit the form
23:38:32.980 * Enter user details <username> and <password>
23:38:33.080 * Enter user details <username> and <password>
23:38:33.213 * User should be logged in with "MY ACCOUNT"

23:38:33.569 
Failed Step: User should be logged in with "MY ACCOUNT"
23:38:33.569 Specification: specs/createUserWithSpecialParams.spec:16
23:38:33.570 Error Message: org.openqa.selenium.NoSuchElementException: no such element: Unable to locate element: {"method":"link text","selector":"MY ACCOUNT"}
  (Session info: chrome=63.0.3239.132)
  (Driver info: chromedriver=2.35.528157 (4429ca2590d6988c0745c24c8858745aaaec01ef),platform=Mac OS X 10.12.6 x86_64) (WARNING: The server did not provide any stacktrace information)
Command duration or timeout: 11 milliseconds
For documentation on this error, please visit: http://seleniumhq.org/exceptions/no_such_element.html
Build info: version: '2.53.1', revision: 'a36b8b1', time: '2016-06-30 17:32:46'
System info: host: 'in-apreeti.local', ip: '192.168.0.18', os.name: 'Mac OS X', os.arch: 'x86_64', os.version: '10.12.6', java.version: '1.8.0_102'
Driver info: org.openqa.selenium.chrome.ChromeDriver
Capabilities [{applicationCacheEnabled=false, rotatable=false, mobileEmulationEnabled=false, networkConnectionEnabled=false, chrome={chromedriverVersion=2.35.528157 (4429ca2590d6988c0745c24c8858745aaaec01ef), userDataDir=/var/folders/pg/xwtm6n891c396r0d9nywntwr0000gn/T/.org.chromium.Chromium.WFdqS7}, takesHeapSnapshot=true, pageLoadStrategy=normal, databaseEnabled=false, handlesAlerts=true, hasTouchScreen=false, version=63.0.3239.132, platform=MAC, browserConnectionEnabled=false, nativeEvents=true, acceptSslCerts=false, acceptInsecureCerts=false, locationContextEnabled=true, webStorageEnabled=true, browserName=chrome, takesScreenshot=true, javascriptEnabled=true, cssSelectorsEnabled=true, setWindowRect=true, unexpectedAlertBehaviour=}]
Session ID: f38627c8aed9d077df315c8a8a2a1386
*** Element info: {Using=link text, value=MY ACCOUNT}
23:38:33.570 Stacktrace: 
sun.reflect.NativeConstructorAccessorImpl.newInstance0(Native Method)
sun.reflect.NativeConstructorAccessorImpl.newInstance(NativeConstructorAccessorImpl.java:62)
sun.reflect.DelegatingConstructorAccessorImpl.newInstance(DelegatingConstructorAccessorImpl.java:45)
java.lang.reflect.Constructor.newInstance(Constructor.java:423)
org.openqa.selenium.remote.ErrorHandler.createThrowable(ErrorHandler.java:206)
org.openqa.selenium.remote.ErrorHandler.throwIfResponseFailed(ErrorHandler.java:158)
org.openqa.selenium.remote.RemoteWebDriver.execute(RemoteWebDriver.java:678)
org.openqa.selenium.remote.RemoteWebDriver.findElement(RemoteWebDriver.java:363)
org.openqa.selenium.remote.RemoteWebDriver.findElementByLinkText(RemoteWebDriver.java:428)
org.openqa.selenium.By$ByLinkText.findElement(By.java:246)
org.openqa.selenium.remote.RemoteWebDriver.findElement(RemoteWebDriver.java:355)
org.openqa.selenium.support.pagefactory.DefaultElementLocator.findElement(DefaultElementLocator.java:69)
org.openqa.selenium.support.pagefactory.internal.LocatingElementHandler.invoke(LocatingElementHandler.java:38)
com.sun.proxy.$Proxy3.getText(Unknown Source)
pageObjects.HomePage.getMyAccountText(HomePage.java:45)
StepImplementation.CreateNewUserSteps.verifyMessage(CreateNewUserSteps.java:30)
23:38:33.570 # Login using concepts
23:38:33.571 
   |username |password |
   |---------|---------|
   |kj@um.com|Test@1234|
23:38:33.571 ## Successful login
23:38:33.571 * Login as user <username> and <password>

23:38:33.571 * Enter log in details <username> and password <password>
23:38:33.755 * User should be logged in with message "MY ACCOUNT"
23:38:33.783 * Close the browser
23:38:33.825 * User should be logged in with "MY ACCOUNT"

23:38:33.860 * Quit the browser
23:38:33.886 # Login using concepts
23:38:33.887 
   |username |password |
   |---------|---------|
   |kj@k.vcom|Test@1234|
23:38:33.887 ## Successful login
23:38:33.887 * Login as user <username> and <password>

23:38:33.887 * Enter log in details <username> and password <password>
23:38:34.051 * User should be logged in with "MY ACCOUNT"

23:38:34.266 
Failed Step: User should be logged in with "MY ACCOUNT"
23:38:34.266 Specification: specs/createUserWithSpecialParams.spec:16
23:38:34.266 Error Message: org.openqa.selenium.NoSuchElementException: no such element: Unable to locate element: {"method":"link text","selector":"MY ACCOUNT"}
  (Session info: chrome=63.0.3239.132)
  (Driver info: chromedriver=2.35.528157 (4429ca2590d6988c0745c24c8858745aaaec01ef),platform=Mac OS X 10.12.6 x86_64) (WARNING: The server did not provide any stacktrace information)
Command duration or timeout: 21 milliseconds
For documentation on this error, please visit: http://seleniumhq.org/exceptions/no_such_element.html
Build info: version: '2.53.1', revision: 'a36b8b1', time: '2016-06-30 17:32:46'
System info: host: 'in-apreeti.local', ip: '192.168.0.18', os.name: 'Mac OS X', os.arch: 'x86_64', os.version: '10.12.6', java.version: '1.8.0_102'
Driver info: org.openqa.selenium.chrome.ChromeDriver
Capabilities [{applicationCacheEnabled=false, rotatable=false, mobileEmulationEnabled=false, networkConnectionEnabled=false, chrome={chromedriverVersion=2.35.528157 (4429ca2590d6988c0745c24c8858745aaaec01ef), userDataDir=/var/folders/pg/xwtm6n891c396r0d9nywntwr0000gn/T/.org.chromium.Chromium.CUCp2z}, takesHeapSnapshot=true, pageLoadStrategy=normal, databaseEnabled=false, handlesAlerts=true, hasTouchScreen=false, version=63.0.3239.132, platform=MAC, browserConnectionEnabled=false, nativeEvents=true, acceptSslCerts=false, acceptInsecureCerts=false, locationContextEnabled=true, webStorageEnabled=true, browserName=chrome, takesScreenshot=true, javascriptEnabled=true, cssSelectorsEnabled=true, setWindowRect=true, unexpectedAlertBehaviour=}]
Session ID: b140105753087309773bbe90326b840d
*** Element info: {Using=link text, value=MY ACCOUNT}
23:38:34.266 Stacktrace: 
sun.reflect.NativeConstructorAccessorImpl.newInstance0(Native Method)
sun.reflect.NativeConstructorAccessorImpl.newInstance(NativeConstructorAccessorImpl.java:62)
sun.reflect.DelegatingConstructorAccessorImpl.newInstance(DelegatingConstructorAccessorImpl.java:45)
java.lang.reflect.Constructor.newInstance(Constructor.java:423)
org.openqa.selenium.remote.ErrorHandler.createThrowable(ErrorHandler.java:206)
org.openqa.selenium.remote.ErrorHandler.throwIfResponseFailed(ErrorHandler.java:158)
org.openqa.selenium.remote.RemoteWebDriver.execute(RemoteWebDriver.java:678)
org.openqa.selenium.remote.RemoteWebDriver.findElement(RemoteWebDriver.java:363)
org.openqa.selenium.remote.RemoteWebDriver.findElementByLinkText(RemoteWebDriver.java:428)
org.openqa.selenium.By$ByLinkText.findElement(By.java:246)
org.openqa.selenium.remote.RemoteWebDriver.findElement(RemoteWebDriver.java:355)
org.openqa.selenium.support.pagefactory.DefaultElementLocator.findElement(DefaultElementLocator.java:69)
org.openqa.selenium.support.pagefactory.internal.LocatingElementHandler.invoke(LocatingElementHandler.java:38)
com.sun.proxy.$Proxy3.getText(Unknown Source)
pageObjects.HomePage.getMyAccountText(HomePage.java:45)
StepImplementation.CreateNewUserSteps.verifyMessage(CreateNewUserSteps.java:30)
23:38:34.268 # Login using concepts
23:38:34.268 
   |username |password |
   |---------|---------|
   |kj@fd.com|Test@1234|
23:38:34.268 ## Successful login
23:38:34.269 * Login as user <username> and <password>

23:38:34.269 * Enter log in details <username> and password <password>
23:38:34.436 
Failed Step: Enter log in details <username> and password <password>
23:38:34.437 Specification: specs/loginUsingConcepts.spec
23:38:34.437 Error Message: org.openqa.selenium.remote.SessionNotFoundException: Session ID is null. Using WebDriver after calling quit()?
Build info: version: '2.53.1', revision: 'a36b8b1', time: '2016-06-30 17:32:46'
System info: host: 'in-apreeti.local', ip: '192.168.0.18', os.name: 'Mac OS X', os.arch: 'x86_64', os.version: '10.12.6', java.version: '1.8.0_102'
Driver info: driver.version: RemoteWebDriver
23:38:34.437 Stacktrace: 
org.openqa.selenium.remote.HttpCommandExecutor.execute(HttpCommandExecutor.java:134)
org.openqa.selenium.remote.service.DriverCommandExecutor.execute(DriverCommandExecutor.java:82)
org.openqa.selenium.remote.RemoteWebDriver.execute(RemoteWebDriver.java:644)
org.openqa.selenium.remote.RemoteWebDriver.findElement(RemoteWebDriver.java:363)
org.openqa.selenium.remote.RemoteWebDriver.findElementById(RemoteWebDriver.java:413)
org.openqa.selenium.By$ById.findElement(By.java:218)
org.openqa.selenium.remote.RemoteWebDriver.findElement(RemoteWebDriver.java:355)
org.openqa.selenium.support.pagefactory.DefaultElementLocator.findElement(DefaultElementLocator.java:69)
org.openqa.selenium.support.pagefactory.internal.LocatingElementHandler.invoke(LocatingElementHandler.java:38)
com.sun.proxy.$Proxy3.click(Unknown Source)
pageObjects.HomePage.clickOnLogin(HomePage.java:37)
StepImplementation.LoginSteps.enterLoginDetails(LoginSteps.java:24)
23:38:34.439 # Login using concepts
23:38:34.444 
   |username |password |
   |---------|---------|
   |kj@ew.com|Test@1234|
23:38:34.444 ## Successful login
23:38:34.446 * Login as user <username> and <password>

23:38:34.447 * Enter log in details <username> and password <password>
23:38:34.488 * Submit the form
23:38:34.652 
Failed Step: User should be logged in with "MY ACCOUNT"
23:38:34.652 Specification: specs/createUserWithSpecialParams.spec:16
23:38:34.652 Error Message: org.openqa.selenium.NoSuchElementException: no such element: Unable to locate element: {"method":"link text","selector":"MY ACCOUNT"}
  (Session info: chrome=63.0.3239.132)
  (Driver info: chromedriver=2.35.528157 (4429ca2590d6988c0745c24c8858745aaaec01ef),platform=Mac OS X 10.12.6 x86_64) (WARNING: The server did not provide any stacktrace information)
Command duration or timeout: 14 milliseconds
For documentation on this error, please visit: http://seleniumhq.org/exceptions/no_such_element.html
Build info: version: '2.53.1', revision: 'a36b8b1', time: '2016-06-30 17:32:46'
System info: host: 'in-apreeti.local', ip: '192.168.0.18', os.name: 'Mac OS X', os.arch: 'x86_64', os.version: '10.12.6', java.version: '1.8.0_102'
Driver info: org.openqa.selenium.chrome.ChromeDriver
Capabilities [{applicationCacheEnabled=false, rotatable=false, mobileEmulationEnabled=false, networkConnectionEnabled=false, chrome={chromedriverVersion=2.35.528157 (4429ca2590d6988c0745c24c8858745aaaec01ef), userDataDir=/var/folders/pg/xwtm6n891c396r0d9nywntwr0000gn/T/.org.chromium.Chromium.1yRte4}, takesHeapSnapshot=true, pageLoadStrategy=normal, databaseEnabled=false, handlesAlerts=true, hasTouchScreen=false, version=63.0.3239.132, platform=MAC, browserConnectionEnabled=false, nativeEvents=true, acceptSslCerts=false, acceptInsecureCerts=false, locationContextEnabled=true, webStorageEnabled=true, browserName=chrome, takesScreenshot=true, javascriptEnabled=true, cssSelectorsEnabled=true, setWindowRect=true, unexpectedAlertBehaviour=}]
Session ID: d9fdb5a6b8aa30c98cc830765e4741fa
*** Element info: {Using=link text, value=MY ACCOUNT}
23:38:34.652 Stacktrace: 
sun.reflect.NativeConstructorAccessorImpl.newInstance0(Native Method)
sun.reflect.NativeConstructorAccessorImpl.newInstance(NativeConstructorAccessorImpl.java:62)
sun.reflect.DelegatingConstructorAccessorImpl.newInstance(DelegatingConstructorAccessorImpl.java:45)
java.lang.reflect.Constructor.newInstance(Constructor.java:423)
org.openqa.selenium.remote.ErrorHandler.createThrowable(ErrorHandler.java:206)
org.openqa.selenium.remote.ErrorHandler.throwIfResponseFailed(ErrorHandler.java:158)
org.openqa.selenium.remote.RemoteWebDriver.execute(RemoteWebDriver.java:678)
org.openqa.selenium.remote.RemoteWebDriver.findElement(RemoteWebDriver.java:363)
org.openqa.selenium.remote.RemoteWebDriver.findElementByLinkText(RemoteWebDriver.java:428)
org.openqa.selenium.By$ByLinkText.findElement(By.java:246)
org.openqa.selenium.remote.RemoteWebDriver.findElement(RemoteWebDriver.java:355)
org.openqa.selenium.support.pagefactory.DefaultElementLocator.findElement(DefaultElementLocator.java:69)
org.openqa.selenium.support.pagefactory.internal.LocatingElementHandler.invoke(LocatingElementHandler.java:38)
com.sun.proxy.$Proxy3.getText(Unknown Source)
pageObjects.HomePage.getMyAccountText(HomePage.java:45)
StepImplementation.CreateNewUserSteps.verifyMessage(CreateNewUserSteps.java:30)
23:38:34.653 # Login using concepts
23:38:34.653 
   |username |password |
   |---------|---------|
   |kj@fd.com|Test@1234|
23:38:34.653 ## Successful login
23:38:34.654 * Login as user <username> and <password>

23:38:34.654 * Enter log in details <username> and password <password>
23:38:34.886 * Submit the form
23:38:35.027 
Failed Step: Enter log in details <username> and password <password>
23:38:35.027 Specification: specs/loginUsingConcepts.spec
23:38:35.027 Error Message: org.openqa.selenium.remote.SessionNotFoundException: Session ID is null. Using WebDriver after calling quit()?
Build info: version: '2.53.1', revision: 'a36b8b1', time: '2016-06-30 17:32:46'
System info: host: 'in-apreeti.local', ip: '192.168.0.18', os.name: 'Mac OS X', os.arch: 'x86_64', os.version: '10.12.6', java.version: '1.8.0_102'
Driver info: driver.version: RemoteWebDriver
23:38:35.027 Stacktrace: 
org.openqa.selenium.remote.HttpCommandExecutor.execute(HttpCommandExecutor.java:134)
org.openqa.selenium.remote.service.DriverCommandExecutor.execute(DriverCommandExecutor.java:82)
org.openqa.selenium.remote.RemoteWebDriver.execute(RemoteWebDriver.java:644)
org.openqa.selenium.remote.RemoteWebDriver.findElement(RemoteWebDriver.java:363)
org.openqa.selenium.remote.RemoteWebDriver.findElementById(RemoteWebDriver.java:413)
org.openqa.selenium.By$ById.findElement(By.java:218)
org.openqa.selenium.remote.RemoteWebDriver.findElement(RemoteWebDriver.java:355)
org.openqa.selenium.support.pagefactory.DefaultElementLocator.findElement(DefaultElementLocator.java:69)
org.openqa.selenium.support.pagefactory.internal.LocatingElementHandler.invoke(LocatingElementHandler.java:38)
com.sun.proxy.$Proxy3.click(Unknown Source)
pageObjects.HomePage.clickOnLogin(HomePage.java:37)
StepImplementation.LoginSteps.enterLoginDetails(LoginSteps.java:24)
23:38:35.028 # Search Specification
23:38:35.028 ## Successful search
23:38:35.029 * Search for product "Mug"
23:38:35.246 * User should be logged in with message "MY ACCOUNT"
23:38:35.281 * Close the browser
23:38:35.293 
Failed Step: Enter log in details <username> and password <password>
23:38:35.293 Specification: specs/loginUsingConcepts.spec
23:38:35.293 Error Message: org.openqa.selenium.NoSuchWindowException: no such window: target window already closed
from unknown error: web view not found
  (Session info: chrome=63.0.3239.132)
  (Driver info: chromedriver=2.35.528157 (4429ca2590d6988c0745c24c8858745aaaec01ef),platform=Mac OS X 10.12.6 x86_64) (WARNING: The server did not provide any stacktrace information)
Command duration or timeout: 8 milliseconds
Build info: version: '2.53.1', revision: 'a36b8b1', time: '2016-06-30 17:32:46'
System info: host: 'in-apreeti.local', ip: '192.168.0.18', os.name: 'Mac OS X', os.arch: 'x86_64', os.version: '10.12.6', java.version: '1.8.0_102'
Driver info: org.openqa.selenium.chrome.ChromeDriver
Capabilities [{applicationCacheEnabled=false, rotatable=false, mobileEmulationEnabled=false, networkConnectionEnabled=false, chrome={chromedriverVersion=2.35.528157 (4429ca2590d6988c0745c24c8858745aaaec01ef), userDataDir=/var/folders/pg/xwtm6n891c396r0d9nywntwr0000gn/T/.org.chromium.Chromium.1yRte4}, takesHeapSnapshot=true, pageLoadStrategy=normal, databaseEnabled=false, handlesAlerts=true, hasTouchScreen=false, version=63.0.3239.132, platform=MAC, browserConnectionEnabled=false, nativeEvents=true, acceptSslCerts=false, acceptInsecureCerts=false, locationContextEnabled=true, webStorageEnabled=true, browserName=chrome, takesScreenshot=true, javascriptEnabled=true, cssSelectorsEnabled=true, setWindowRect=true, unexpectedAlertBehaviour=}]
Session ID: d9fdb5a6b8aa30c98cc830765e4741fa
*** Element info: {Using=id, value=spree_user_email}
23:38:35.293 Stacktrace: 
sun.reflect.NativeConstructorAccessorImpl.newInstance0(Native Method)
sun.reflect.NativeConstructorAccessorImpl.newInstance(NativeConstructorAccessorImpl.java:62)
sun.reflect.DelegatingConstructorAccessorImpl.newInstance(DelegatingConstructorAccessorImpl.java:45)
java.lang.reflect.Constructor.newInstance(Constructor.java:423)
org.openqa.selenium.remote.ErrorHandler.createThrowable(ErrorHandler.java:206)
org.openqa.selenium.remote.ErrorHandler.throwIfResponseFailed(ErrorHandler.java:158)
org.openqa.selenium.remote.RemoteWebDriver.execute(RemoteWebDriver.java:678)
org.openqa.selenium.remote.RemoteWebDriver.findElement(RemoteWebDriver.java:363)
org.openqa.selenium.remote.RemoteWebDriver.findElementById(RemoteWebDriver.java:413)
org.openqa.selenium.By$ById.findElement(By.java:218)
org.openqa.selenium.remote.RemoteWebDriver.findElement(RemoteWebDriver.java:355)
org.openqa.selenium.support.pagefactory.DefaultElementLocator.findElement(DefaultElementLocator.java:69)
org.openqa.selenium.support.pagefactory.internal.LocatingElementHandler.invoke(LocatingElementHandler.java:38)
com.sun.proxy.$Proxy3.sendKeys(Unknown Source)
pageObjects.LoginPage.enterLoginDetails(LoginPage.java:43)
StepImplementation.LoginSteps.enterLoginDetails(LoginSteps.java:25)
23:38:35.295 # Context and Tear Down Specification
23:38:35.298 ## Successful search
23:38:35.299 * Search for product "Mug"
23:38:35.437 * Quit the browser
23:38:35.470 # Search Specification
23:38:35.471 ## Successful search
23:38:35.472 * Search for product "Mug"
23:38:35.626 
Failed Step: Search for product "Mug"
23:38:35.626 Specification: specs/search.spec:11
23:38:35.626 Error Message: org.openqa.selenium.remote.SessionNotFoundException: Session ID is null. Using WebDriver after calling quit()?
Build info: version: '2.53.1', revision: 'a36b8b1', time: '2016-06-30 17:32:46'
System info: host: 'in-apreeti.local', ip: '192.168.0.18', os.name: 'Mac OS X', os.arch: 'x86_64', os.version: '10.12.6', java.version: '1.8.0_102'
Driver info: driver.version: RemoteWebDriver
23:38:35.626 Stacktrace: 
org.openqa.selenium.remote.HttpCommandExecutor.execute(HttpCommandExecutor.java:134)
org.openqa.selenium.remote.service.DriverCommandExecutor.execute(DriverCommandExecutor.java:82)
org.openqa.selenium.remote.RemoteWebDriver.execute(RemoteWebDriver.java:644)
org.openqa.selenium.remote.RemoteWebDriver.findElement(RemoteWebDriver.java:363)
org.openqa.selenium.remote.RemoteWebDriver.findElementById(RemoteWebDriver.java:413)
org.openqa.selenium.By$ById.findElement(By.java:218)
org.openqa.selenium.remote.RemoteWebDriver.findElement(RemoteWebDriver.java:355)
org.openqa.selenium.support.pagefactory.DefaultElementLocator.findElement(DefaultElementLocator.java:69)
org.openqa.selenium.support.pagefactory.internal.LocatingElementHandler.invoke(LocatingElementHandler.java:38)
com.sun.proxy.$Proxy3.sendKeys(Unknown Source)
pageObjects.HomePage.searchForKeyword(HomePage.java:49)
StepImplementation.SearchSteps.searchForKeyword(SearchSteps.java:15)
23:38:35.626 ## Unsuccessful search
23:38:35.627 * Search for product "Unknown"
23:38:35.806 * User should be logged in with message "MY ACCOUNT"
23:38:35.846 * Close the browser
23:38:35.966 
Failed Step: Search for product "Mug"
23:38:35.966 Specification: specs/searchWithContextAndTearDown.spec:13
23:38:35.966 Error Message: org.openqa.selenium.NoSuchWindowException: no such window: target window already closed
from unknown error: web view not found
  (Session info: chrome=63.0.3239.132)
  (Driver info: chromedriver=2.35.528157 (4429ca2590d6988c0745c24c8858745aaaec01ef),platform=Mac OS X 10.12.6 x86_64) (WARNING: The server did not provide any stacktrace information)
Command duration or timeout: 7 milliseconds
Build info: version: '2.53.1', revision: 'a36b8b1', time: '2016-06-30 17:32:46'
System info: host: 'in-apreeti.local', ip: '192.168.0.18', os.name: 'Mac OS X', os.arch: 'x86_64', os.version: '10.12.6', java.version: '1.8.0_102'
Driver info: org.openqa.selenium.chrome.ChromeDriver
Capabilities [{applicationCacheEnabled=false, rotatable=false, mobileEmulationEnabled=false, networkConnectionEnabled=false, chrome={chromedriverVersion=2.35.528157 (4429ca2590d6988c0745c24c8858745aaaec01ef), userDataDir=/var/folders/pg/xwtm6n891c396r0d9nywntwr0000gn/T/.org.chromium.Chromium.1yRte4}, takesHeapSnapshot=true, pageLoadStrategy=normal, databaseEnabled=false, handlesAlerts=true, hasTouchScreen=false, version=63.0.3239.132, platform=MAC, browserConnectionEnabled=false, nativeEvents=true, acceptSslCerts=false, acceptInsecureCerts=false, locationContextEnabled=true, webStorageEnabled=true, browserName=chrome, takesScreenshot=true, javascriptEnabled=true, cssSelectorsEnabled=true, setWindowRect=true, unexpectedAlertBehaviour=}]
Session ID: d9fdb5a6b8aa30c98cc830765e4741fa
*** Element info: {Using=id, value=keywords}
23:38:35.966 Stacktrace: 
sun.reflect.NativeConstructorAccessorImpl.newInstance0(Native Method)
sun.reflect.NativeConstructorAccessorImpl.newInstance(NativeConstructorAccessorImpl.java:62)
sun.reflect.DelegatingConstructorAccessorImpl.newInstance(DelegatingConstructorAccessorImpl.java:45)
java.lang.reflect.Constructor.newInstance(Constructor.java:423)
org.openqa.selenium.remote.ErrorHandler.createThrowable(ErrorHandler.java:206)
org.openqa.selenium.remote.ErrorHandler.throwIfResponseFailed(ErrorHandler.java:158)
org.openqa.selenium.remote.RemoteWebDriver.execute(RemoteWebDriver.java:678)
org.openqa.selenium.remote.RemoteWebDriver.findElement(RemoteWebDriver.java:363)
org.openqa.selenium.remote.RemoteWebDriver.findElementById(RemoteWebDriver.java:413)
org.openqa.selenium.By$ById.findElement(By.java:218)
org.openqa.selenium.remote.RemoteWebDriver.findElement(RemoteWebDriver.java:355)
org.openqa.selenium.support.pagefactory.DefaultElementLocator.findElement(DefaultElementLocator.java:69)
org.openqa.selenium.support.pagefactory.internal.LocatingElementHandler.invoke(LocatingElementHandler.java:38)
com.sun.proxy.$Proxy3.sendKeys(Unknown Source)
pageObjects.HomePage.searchForKeyword(HomePage.java:49)
StepImplementation.SearchSteps.searchForKeyword(SearchSteps.java:15)
23:38:35.967 ## Unsuccessful search
23:38:35.968 * Search for product "Unknown"
23:38:35.976 * Quit the browser
23:38:35.993 
Failed Step: Search for product "Mug"
23:38:35.993 Specification: specs/searchWithTags.spec:16
23:38:35.993 Error Message: org.openqa.selenium.remote.SessionNotFoundException: Session ID is null. Using WebDriver after calling quit()?
Build info: version: '2.53.1', revision: 'a36b8b1', time: '2016-06-30 17:32:46'
System info: host: 'in-apreeti.local', ip: '192.168.0.18', os.name: 'Mac OS X', os.arch: 'x86_64', os.version: '10.12.6', java.version: '1.8.0_102'
Driver info: driver.version: RemoteWebDriver
23:38:35.993 Stacktrace: 
org.openqa.selenium.remote.HttpCommandExecutor.execute(HttpCommandExecutor.java:134)
org.openqa.selenium.remote.service.DriverCommandExecutor.execute(DriverCommandExecutor.java:82)
org.openqa.selenium.remote.RemoteWebDriver.execute(RemoteWebDriver.java:644)
org.openqa.selenium.remote.RemoteWebDriver.findElement(RemoteWebDriver.java:363)
org.openqa.selenium.remote.RemoteWebDriver.findElementById(RemoteWebDriver.java:413)
org.openqa.selenium.By$ById.findElement(By.java:218)
org.openqa.selenium.remote.RemoteWebDriver.findElement(RemoteWebDriver.java:355)
org.openqa.selenium.support.pagefactory.DefaultElementLocator.findElement(DefaultElementLocator.java:69)
org.openqa.selenium.support.pagefactory.internal.LocatingElementHandler.invoke(LocatingElementHandler.java:38)
com.sun.proxy.$Proxy3.sendKeys(Unknown Source)
pageObjects.HomePage.searchForKeyword(HomePage.java:49)
StepImplementation.SearchSteps.searchForKeyword(SearchSteps.java:15)
23:38:35.993 ## Unsuccessful search
23:38:35.994 * Search for product "Unknown"
23:38:36.235 
Failed Step: Search for product "Unknown"
23:38:36.235 Specification: specs/search.spec:16
23:38:36.235 Error Message: org.openqa.selenium.remote.SessionNotFoundException: Session ID is null. Using WebDriver after calling quit()?
Build info: version: '2.53.1', revision: 'a36b8b1', time: '2016-06-30 17:32:46'
System info: host: 'in-apreeti.local', ip: '192.168.0.18', os.name: 'Mac OS X', os.arch: 'x86_64', os.version: '10.12.6', java.version: '1.8.0_102'
Driver info: driver.version: RemoteWebDriver
23:38:36.235 Stacktrace: 
org.openqa.selenium.remote.HttpCommandExecutor.execute(HttpCommandExecutor.java:134)
org.openqa.selenium.remote.service.DriverCommandExecutor.execute(DriverCommandExecutor.java:82)
org.openqa.selenium.remote.RemoteWebDriver.execute(RemoteWebDriver.java:644)
org.openqa.selenium.remote.RemoteWebDriver.findElement(RemoteWebDriver.java:363)
org.openqa.selenium.remote.RemoteWebDriver.findElementById(RemoteWebDriver.java:413)
org.openqa.selenium.By$ById.findElement(By.java:218)
org.openqa.selenium.remote.RemoteWebDriver.findElement(RemoteWebDriver.java:355)
org.openqa.selenium.support.pagefactory.DefaultElementLocator.findElement(DefaultElementLocator.java:69)
org.openqa.selenium.support.pagefactory.internal.LocatingElementHandler.invoke(LocatingElementHandler.java:38)
com.sun.proxy.$Proxy3.sendKeys(Unknown Source)
pageObjects.HomePage.searchForKeyword(HomePage.java:49)
StepImplementation.SearchSteps.searchForKeyword(SearchSteps.java:15)
23:38:36.443 
Failed Step: Search for product "Unknown"
23:38:36.443 Specification: specs/searchWithContextAndTearDown.spec:18
23:38:36.443 Error Message: org.openqa.selenium.NoSuchWindowException: no such window: target window already closed
from unknown error: web view not found
  (Session info: chrome=63.0.3239.132)
  (Driver info: chromedriver=2.35.528157 (4429ca2590d6988c0745c24c8858745aaaec01ef),platform=Mac OS X 10.12.6 x86_64) (WARNING: The server did not provide any stacktrace information)
Command duration or timeout: 4 milliseconds
Build info: version: '2.53.1', revision: 'a36b8b1', time: '2016-06-30 17:32:46'
System info: host: 'in-apreeti.local', ip: '192.168.0.18', os.name: 'Mac OS X', os.arch: 'x86_64', os.version: '10.12.6', java.version: '1.8.0_102'
Driver info: org.openqa.selenium.chrome.ChromeDriver
Capabilities [{applicationCacheEnabled=false, rotatable=false, mobileEmulationEnabled=false, networkConnectionEnabled=false, chrome={chromedriverVersion=2.35.528157 (4429ca2590d6988c0745c24c8858745aaaec01ef), userDataDir=/var/folders/pg/xwtm6n891c396r0d9nywntwr0000gn/T/.org.chromium.Chromium.1yRte4}, takesHeapSnapshot=true, pageLoadStrategy=normal, databaseEnabled=false, handlesAlerts=true, hasTouchScreen=false, version=63.0.3239.132, platform=MAC, browserConnectionEnabled=false, nativeEvents=true, acceptSslCerts=false, acceptInsecureCerts=false, locationContextEnabled=true, webStorageEnabled=true, browserName=chrome, takesScreenshot=true, javascriptEnabled=true, cssSelectorsEnabled=true, setWindowRect=true, unexpectedAlertBehaviour=}]
Session ID: d9fdb5a6b8aa30c98cc830765e4741fa
*** Element info: {Using=id, value=keywords}
23:38:36.443 Stacktrace: 
sun.reflect.NativeConstructorAccessorImpl.newInstance0(Native Method)
sun.reflect.NativeConstructorAccessorImpl.newInstance(NativeConstructorAccessorImpl.java:62)
sun.reflect.DelegatingConstructorAccessorImpl.newInstance(DelegatingConstructorAccessorImpl.java:45)
java.lang.reflect.Constructor.newInstance(Constructor.java:423)
org.openqa.selenium.remote.ErrorHandler.createThrowable(ErrorHandler.java:206)
org.openqa.selenium.remote.ErrorHandler.throwIfResponseFailed(ErrorHandler.java:158)
org.openqa.selenium.remote.RemoteWebDriver.execute(RemoteWebDriver.java:678)
org.openqa.selenium.remote.RemoteWebDriver.findElement(RemoteWebDriver.java:363)
org.openqa.selenium.remote.RemoteWebDriver.findElementById(RemoteWebDriver.java:413)
org.openqa.selenium.By$ById.findElement(By.java:218)
org.openqa.selenium.remote.RemoteWebDriver.findElement(RemoteWebDriver.java:355)
org.openqa.selenium.support.pagefactory.DefaultElementLocator.findElement(DefaultElementLocator.java:69)
org.openqa.selenium.support.pagefactory.internal.LocatingElementHandler.invoke(LocatingElementHandler.java:38)
com.sun.proxy.$Proxy3.sendKeys(Unknown Source)
pageObjects.HomePage.searchForKeyword(HomePage.java:49)
StepImplementation.SearchSteps.searchForKeyword(SearchSteps.java:15)
23:38:36.474 
Failed Step: Search for product "Unknown"
23:38:36.474 Specification: specs/searchWithTags.spec:24
23:38:36.474 Error Message: org.openqa.selenium.remote.SessionNotFoundException: Session ID is null. Using WebDriver after calling quit()?
Build info: version: '2.53.1', revision: 'a36b8b1', time: '2016-06-30 17:32:46'
System info: host: 'in-apreeti.local', ip: '192.168.0.18', os.name: 'Mac OS X', os.arch: 'x86_64', os.version: '10.12.6', java.version: '1.8.0_102'
Driver info: driver.version: RemoteWebDriver
23:38:36.474 Stacktrace: 
org.openqa.selenium.remote.HttpCommandExecutor.execute(HttpCommandExecutor.java:134)
org.openqa.selenium.remote.service.DriverCommandExecutor.execute(DriverCommandExecutor.java:82)
org.openqa.selenium.remote.RemoteWebDriver.execute(RemoteWebDriver.java:644)
org.openqa.selenium.remote.RemoteWebDriver.findElement(RemoteWebDriver.java:363)
org.openqa.selenium.remote.RemoteWebDriver.findElementById(RemoteWebDriver.java:413)
org.openqa.selenium.By$ById.findElement(By.java:218)
org.openqa.selenium.remote.RemoteWebDriver.findElement(RemoteWebDriver.java:355)
org.openqa.selenium.support.pagefactory.DefaultElementLocator.findElement(DefaultElementLocator.java:69)
org.openqa.selenium.support.pagefactory.internal.LocatingElementHandler.invoke(LocatingElementHandler.java:38)
com.sun.proxy.$Proxy3.sendKeys(Unknown Source)
pageObjects.HomePage.searchForKeyword(HomePage.java:49)
StepImplementation.SearchSteps.searchForKeyword(SearchSteps.java:15)
23:38:37.040 Plugin [Html Report] with pid [19842] has exited
23:38:37.041 Specifications:	6 executed	0 passed	6 failed	0 skipped
23:38:37.041 Scenarios:	9 executed	0 passed	9 failed	0 skipped
23:38:37.041 
Total time taken: 22.287s
23:39:34.445 Gauge Install ID: c2df18fd-009c-47d7-a7c5-41270e8387d0
23:39:36.106 Checking updates...
23:39:38.332 # Create a user and login Specification
23:39:38.334 
   |username |password |
   |---------|---------|
   |kl@ka.com|Test@1234|
23:39:38.334 ## 1_Create new users from table
23:39:38.335 * Click on Login
23:39:40.006 * Click on Create New User link
23:39:40.247 * Enter user details <username> and <password>
23:39:40.642 * User should be logged in with "MY ACCOUNT"

23:39:41.148 Failed Step: User should be logged in with "MY ACCOUNT"
23:39:41.148 Error Message: org.openqa.selenium.NoSuchElementException: no such element: Unable to locate element: {"method":"link text","selector":"MY ACCOUNT"}
  (Session info: chrome=63.0.3239.132)
  (Driver info: chromedriver=2.35.528157 (4429ca2590d6988c0745c24c8858745aaaec01ef),platform=Mac OS X 10.12.6 x86_64) (WARNING: The server did not provide any stacktrace information)
Command duration or timeout: 18 milliseconds
For documentation on this error, please visit: http://seleniumhq.org/exceptions/no_such_element.html
Build info: version: '2.53.1', revision: 'a36b8b1', time: '2016-06-30 17:32:46'
System info: host: 'in-apreeti.local', ip: '192.168.0.18', os.name: 'Mac OS X', os.arch: 'x86_64', os.version: '10.12.6', java.version: '1.8.0_102'
Driver info: org.openqa.selenium.chrome.ChromeDriver
Capabilities [{applicationCacheEnabled=false, rotatable=false, mobileEmulationEnabled=false, networkConnectionEnabled=false, chrome={chromedriverVersion=2.35.528157 (4429ca2590d6988c0745c24c8858745aaaec01ef), userDataDir=/var/folders/pg/xwtm6n891c396r0d9nywntwr0000gn/T/.org.chromium.Chromium.7EHql1}, takesHeapSnapshot=true, pageLoadStrategy=normal, databaseEnabled=false, handlesAlerts=true, hasTouchScreen=false, version=63.0.3239.132, platform=MAC, browserConnectionEnabled=false, nativeEvents=true, acceptSslCerts=false, acceptInsecureCerts=false, locationContextEnabled=true, webStorageEnabled=true, browserName=chrome, takesScreenshot=true, javascriptEnabled=true, cssSelectorsEnabled=true, setWindowRect=true, unexpectedAlertBehaviour=}]
Session ID: fc52fbc89a58a1fa14533053fe0ad134
*** Element info: {Using=link text, value=MY ACCOUNT}
23:39:41.148 Specification: specs/createUserWithInlineTable.spec:18
23:39:41.148 Stacktrace: 
sun.reflect.NativeConstructorAccessorImpl.newInstance0(Native Method)
sun.reflect.NativeConstructorAccessorImpl.newInstance(NativeConstructorAccessorImpl.java:62)
sun.reflect.DelegatingConstructorAccessorImpl.newInstance(DelegatingConstructorAccessorImpl.java:45)
java.lang.reflect.Constructor.newInstance(Constructor.java:423)
org.openqa.selenium.remote.ErrorHandler.createThrowable(ErrorHandler.java:206)
org.openqa.selenium.remote.ErrorHandler.throwIfResponseFailed(ErrorHandler.java:158)
org.openqa.selenium.remote.RemoteWebDriver.execute(RemoteWebDriver.java:678)
org.openqa.selenium.remote.RemoteWebDriver.findElement(RemoteWebDriver.java:363)
org.openqa.selenium.remote.RemoteWebDriver.findElementByLinkText(RemoteWebDriver.java:428)
org.openqa.selenium.By$ByLinkText.findElement(By.java:246)
org.openqa.selenium.remote.RemoteWebDriver.findElement(RemoteWebDriver.java:355)
org.openqa.selenium.support.pagefactory.DefaultElementLocator.findElement(DefaultElementLocator.java:69)
org.openqa.selenium.support.pagefactory.internal.LocatingElementHandler.invoke(LocatingElementHandler.java:38)
com.sun.proxy.$Proxy3.getText(Unknown Source)
pageObjects.HomePage.getMyAccountText(HomePage.java:45)
StepImplementation.CreateNewUserSteps.verifyMessage(CreateNewUserSteps.java:30)
23:39:41.150 # Create a user and login Specification
23:39:41.151 
   |username |password |
   |---------|---------|
   |uy@um.com|Test@1234|
23:39:41.151 ## Create new users
23:39:41.151 * Click on Login
23:39:41.368 * Click on Create New User link
23:39:41.594 * Enter user details <username> and <password>
23:39:41.954 * User should be logged in with "MY ACCOUNT"

23:39:42.250 Failed Step: User should be logged in with "MY ACCOUNT"
23:39:42.250 Error Message: org.openqa.selenium.NoSuchElementException: no such element: Unable to locate element: {"method":"link text","selector":"MY ACCOUNT"}
  (Session info: chrome=63.0.3239.132)
  (Driver info: chromedriver=2.35.528157 (4429ca2590d6988c0745c24c8858745aaaec01ef),platform=Mac OS X 10.12.6 x86_64) (WARNING: The server did not provide any stacktrace information)
Command duration or timeout: 11 milliseconds
For documentation on this error, please visit: http://seleniumhq.org/exceptions/no_such_element.html
Build info: version: '2.53.1', revision: 'a36b8b1', time: '2016-06-30 17:32:46'
System info: host: 'in-apreeti.local', ip: '192.168.0.18', os.name: 'Mac OS X', os.arch: 'x86_64', os.version: '10.12.6', java.version: '1.8.0_102'
Driver info: org.openqa.selenium.chrome.ChromeDriver
Capabilities [{applicationCacheEnabled=false, rotatable=false, mobileEmulationEnabled=false, networkConnectionEnabled=false, chrome={chromedriverVersion=2.35.528157 (4429ca2590d6988c0745c24c8858745aaaec01ef), userDataDir=/var/folders/pg/xwtm6n891c396r0d9nywntwr0000gn/T/.org.chromium.Chromium.7EHql1}, takesHeapSnapshot=true, pageLoadStrategy=normal, databaseEnabled=false, handlesAlerts=true, hasTouchScreen=false, version=63.0.3239.132, platform=MAC, browserConnectionEnabled=false, nativeEvents=true, acceptSslCerts=false, acceptInsecureCerts=false, locationContextEnabled=true, webStorageEnabled=true, browserName=chrome, takesScreenshot=true, javascriptEnabled=true, cssSelectorsEnabled=true, setWindowRect=true, unexpectedAlertBehaviour=}]
Session ID: fc52fbc89a58a1fa14533053fe0ad134
*** Element info: {Using=link text, value=MY ACCOUNT}
23:39:42.250 Specification: specs/createUserWithSpecialParams.spec:16
23:39:42.250 Stacktrace: 
sun.reflect.NativeConstructorAccessorImpl.newInstance0(Native Method)
sun.reflect.NativeConstructorAccessorImpl.newInstance(NativeConstructorAccessorImpl.java:62)
sun.reflect.DelegatingConstructorAccessorImpl.newInstance(DelegatingConstructorAccessorImpl.java:45)
java.lang.reflect.Constructor.newInstance(Constructor.java:423)
org.openqa.selenium.remote.ErrorHandler.createThrowable(ErrorHandler.java:206)
org.openqa.selenium.remote.ErrorHandler.throwIfResponseFailed(ErrorHandler.java:158)
org.openqa.selenium.remote.RemoteWebDriver.execute(RemoteWebDriver.java:678)
org.openqa.selenium.remote.RemoteWebDriver.findElement(RemoteWebDriver.java:363)
org.openqa.selenium.remote.RemoteWebDriver.findElementByLinkText(RemoteWebDriver.java:428)
org.openqa.selenium.By$ByLinkText.findElement(By.java:246)
org.openqa.selenium.remote.RemoteWebDriver.findElement(RemoteWebDriver.java:355)
org.openqa.selenium.support.pagefactory.DefaultElementLocator.findElement(DefaultElementLocator.java:69)
org.openqa.selenium.support.pagefactory.internal.LocatingElementHandler.invoke(LocatingElementHandler.java:38)
com.sun.proxy.$Proxy3.getText(Unknown Source)
pageObjects.HomePage.getMyAccountText(HomePage.java:45)
StepImplementation.CreateNewUserSteps.verifyMessage(CreateNewUserSteps.java:30)
23:39:42.251 
   |username |password |
   |---------|---------|
   |kj@um.com|Test@1234|
23:39:42.251 ## Create new users
23:39:42.251 * Click on Login
23:39:42.458 * Click on Create New User link
23:39:42.687 * Enter user details <username> and <password>
23:39:43.049 * User should be logged in with "MY ACCOUNT"

23:39:43.347 Failed Step: User should be logged in with "MY ACCOUNT"
23:39:43.347 Error Message: org.openqa.selenium.NoSuchElementException: no such element: Unable to locate element: {"method":"link text","selector":"MY ACCOUNT"}
  (Session info: chrome=63.0.3239.132)
  (Driver info: chromedriver=2.35.528157 (4429ca2590d6988c0745c24c8858745aaaec01ef),platform=Mac OS X 10.12.6 x86_64) (WARNING: The server did not provide any stacktrace information)
Command duration or timeout: 10 milliseconds
For documentation on this error, please visit: http://seleniumhq.org/exceptions/no_such_element.html
Build info: version: '2.53.1', revision: 'a36b8b1', time: '2016-06-30 17:32:46'
System info: host: 'in-apreeti.local', ip: '192.168.0.18', os.name: 'Mac OS X', os.arch: 'x86_64', os.version: '10.12.6', java.version: '1.8.0_102'
Driver info: org.openqa.selenium.chrome.ChromeDriver
Capabilities [{applicationCacheEnabled=false, rotatable=false, mobileEmulationEnabled=false, networkConnectionEnabled=false, chrome={chromedriverVersion=2.35.528157 (4429ca2590d6988c0745c24c8858745aaaec01ef), userDataDir=/var/folders/pg/xwtm6n891c396r0d9nywntwr0000gn/T/.org.chromium.Chromium.7EHql1}, takesHeapSnapshot=true, pageLoadStrategy=normal, databaseEnabled=false, handlesAlerts=true, hasTouchScreen=false, version=63.0.3239.132, platform=MAC, browserConnectionEnabled=false, nativeEvents=true, acceptSslCerts=false, acceptInsecureCerts=false, locationContextEnabled=true, webStorageEnabled=true, browserName=chrome, takesScreenshot=true, javascriptEnabled=true, cssSelectorsEnabled=true, setWindowRect=true, unexpectedAlertBehaviour=}]
Session ID: fc52fbc89a58a1fa14533053fe0ad134
*** Element info: {Using=link text, value=MY ACCOUNT}
23:39:43.347 Specification: specs/createUserWithSpecialParams.spec:16
23:39:43.347 Stacktrace: 
sun.reflect.NativeConstructorAccessorImpl.newInstance0(Native Method)
sun.reflect.NativeConstructorAccessorImpl.newInstance(NativeConstructorAccessorImpl.java:62)
sun.reflect.DelegatingConstructorAccessorImpl.newInstance(DelegatingConstructorAccessorImpl.java:45)
java.lang.reflect.Constructor.newInstance(Constructor.java:423)
org.openqa.selenium.remote.ErrorHandler.createThrowable(ErrorHandler.java:206)
org.openqa.selenium.remote.ErrorHandler.throwIfResponseFailed(ErrorHandler.java:158)
org.openqa.selenium.remote.RemoteWebDriver.execute(RemoteWebDriver.java:678)
org.openqa.selenium.remote.RemoteWebDriver.findElement(RemoteWebDriver.java:363)
org.openqa.selenium.remote.RemoteWebDriver.findElementByLinkText(RemoteWebDriver.java:428)
org.openqa.selenium.By$ByLinkText.findElement(By.java:246)
org.openqa.selenium.remote.RemoteWebDriver.findElement(RemoteWebDriver.java:355)
org.openqa.selenium.support.pagefactory.DefaultElementLocator.findElement(DefaultElementLocator.java:69)
org.openqa.selenium.support.pagefactory.internal.LocatingElementHandler.invoke(LocatingElementHandler.java:38)
com.sun.proxy.$Proxy3.getText(Unknown Source)
pageObjects.HomePage.getMyAccountText(HomePage.java:45)
StepImplementation.CreateNewUserSteps.verifyMessage(CreateNewUserSteps.java:30)
23:39:43.348 
   |username |password |
   |---------|---------|
   |kj@k.vcom|Test@1234|
23:39:43.348 ## Create new users
23:39:43.348 * Click on Login
23:39:43.554 * Click on Create New User link
23:39:43.771 * Enter user details <username> and <password>
23:39:44.137 * User should be logged in with "MY ACCOUNT"

23:39:44.432 Failed Step: User should be logged in with "MY ACCOUNT"
23:39:44.432 Error Message: org.openqa.selenium.NoSuchElementException: no such element: Unable to locate element: {"method":"link text","selector":"MY ACCOUNT"}
  (Session info: chrome=63.0.3239.132)
  (Driver info: chromedriver=2.35.528157 (4429ca2590d6988c0745c24c8858745aaaec01ef),platform=Mac OS X 10.12.6 x86_64) (WARNING: The server did not provide any stacktrace information)
Command duration or timeout: 13 milliseconds
For documentation on this error, please visit: http://seleniumhq.org/exceptions/no_such_element.html
Build info: version: '2.53.1', revision: 'a36b8b1', time: '2016-06-30 17:32:46'
System info: host: 'in-apreeti.local', ip: '192.168.0.18', os.name: 'Mac OS X', os.arch: 'x86_64', os.version: '10.12.6', java.version: '1.8.0_102'
Driver info: org.openqa.selenium.chrome.ChromeDriver
Capabilities [{applicationCacheEnabled=false, rotatable=false, mobileEmulationEnabled=false, networkConnectionEnabled=false, chrome={chromedriverVersion=2.35.528157 (4429ca2590d6988c0745c24c8858745aaaec01ef), userDataDir=/var/folders/pg/xwtm6n891c396r0d9nywntwr0000gn/T/.org.chromium.Chromium.7EHql1}, takesHeapSnapshot=true, pageLoadStrategy=normal, databaseEnabled=false, handlesAlerts=true, hasTouchScreen=false, version=63.0.3239.132, platform=MAC, browserConnectionEnabled=false, nativeEvents=true, acceptSslCerts=false, acceptInsecureCerts=false, locationContextEnabled=true, webStorageEnabled=true, browserName=chrome, takesScreenshot=true, javascriptEnabled=true, cssSelectorsEnabled=true, setWindowRect=true, unexpectedAlertBehaviour=}]
Session ID: fc52fbc89a58a1fa14533053fe0ad134
*** Element info: {Using=link text, value=MY ACCOUNT}
23:39:44.432 Specification: specs/createUserWithSpecialParams.spec:16
23:39:44.432 Stacktrace: 
sun.reflect.NativeConstructorAccessorImpl.newInstance0(Native Method)
sun.reflect.NativeConstructorAccessorImpl.newInstance(NativeConstructorAccessorImpl.java:62)
sun.reflect.DelegatingConstructorAccessorImpl.newInstance(DelegatingConstructorAccessorImpl.java:45)
java.lang.reflect.Constructor.newInstance(Constructor.java:423)
org.openqa.selenium.remote.ErrorHandler.createThrowable(ErrorHandler.java:206)
org.openqa.selenium.remote.ErrorHandler.throwIfResponseFailed(ErrorHandler.java:158)
org.openqa.selenium.remote.RemoteWebDriver.execute(RemoteWebDriver.java:678)
org.openqa.selenium.remote.RemoteWebDriver.findElement(RemoteWebDriver.java:363)
org.openqa.selenium.remote.RemoteWebDriver.findElementByLinkText(RemoteWebDriver.java:428)
org.openqa.selenium.By$ByLinkText.findElement(By.java:246)
org.openqa.selenium.remote.RemoteWebDriver.findElement(RemoteWebDriver.java:355)
org.openqa.selenium.support.pagefactory.DefaultElementLocator.findElement(DefaultElementLocator.java:69)
org.openqa.selenium.support.pagefactory.internal.LocatingElementHandler.invoke(LocatingElementHandler.java:38)
com.sun.proxy.$Proxy3.getText(Unknown Source)
pageObjects.HomePage.getMyAccountText(HomePage.java:45)
StepImplementation.CreateNewUserSteps.verifyMessage(CreateNewUserSteps.java:30)
23:39:44.432 
   |username |password |
   |---------|---------|
   |kj@fd.com|Test@1234|
23:39:44.432 ## Create new users
23:39:44.433 * Click on Login
23:39:44.667 * Click on Create New User link
23:39:44.891 * Enter user details <username> and <password>
23:39:45.234 * User should be logged in with "MY ACCOUNT"

23:39:45.546 Failed Step: User should be logged in with "MY ACCOUNT"
23:39:45.546 Error Message: org.openqa.selenium.NoSuchElementException: no such element: Unable to locate element: {"method":"link text","selector":"MY ACCOUNT"}
  (Session info: chrome=63.0.3239.132)
  (Driver info: chromedriver=2.35.528157 (4429ca2590d6988c0745c24c8858745aaaec01ef),platform=Mac OS X 10.12.6 x86_64) (WARNING: The server did not provide any stacktrace information)
Command duration or timeout: 9 milliseconds
For documentation on this error, please visit: http://seleniumhq.org/exceptions/no_such_element.html
Build info: version: '2.53.1', revision: 'a36b8b1', time: '2016-06-30 17:32:46'
System info: host: 'in-apreeti.local', ip: '192.168.0.18', os.name: 'Mac OS X', os.arch: 'x86_64', os.version: '10.12.6', java.version: '1.8.0_102'
Driver info: org.openqa.selenium.chrome.ChromeDriver
Capabilities [{applicationCacheEnabled=false, rotatable=false, mobileEmulationEnabled=false, networkConnectionEnabled=false, chrome={chromedriverVersion=2.35.528157 (4429ca2590d6988c0745c24c8858745aaaec01ef), userDataDir=/var/folders/pg/xwtm6n891c396r0d9nywntwr0000gn/T/.org.chromium.Chromium.7EHql1}, takesHeapSnapshot=true, pageLoadStrategy=normal, databaseEnabled=false, handlesAlerts=true, hasTouchScreen=false, version=63.0.3239.132, platform=MAC, browserConnectionEnabled=false, nativeEvents=true, acceptSslCerts=false, acceptInsecureCerts=false, locationContextEnabled=true, webStorageEnabled=true, browserName=chrome, takesScreenshot=true, javascriptEnabled=true, cssSelectorsEnabled=true, setWindowRect=true, unexpectedAlertBehaviour=}]
Session ID: fc52fbc89a58a1fa14533053fe0ad134
*** Element info: {Using=link text, value=MY ACCOUNT}
23:39:45.546 Specification: specs/createUserWithSpecialParams.spec:16
23:39:45.546 Stacktrace: 
sun.reflect.NativeConstructorAccessorImpl.newInstance0(Native Method)
sun.reflect.NativeConstructorAccessorImpl.newInstance(NativeConstructorAccessorImpl.java:62)
sun.reflect.DelegatingConstructorAccessorImpl.newInstance(DelegatingConstructorAccessorImpl.java:45)
java.lang.reflect.Constructor.newInstance(Constructor.java:423)
org.openqa.selenium.remote.ErrorHandler.createThrowable(ErrorHandler.java:206)
org.openqa.selenium.remote.ErrorHandler.throwIfResponseFailed(ErrorHandler.java:158)
org.openqa.selenium.remote.RemoteWebDriver.execute(RemoteWebDriver.java:678)
org.openqa.selenium.remote.RemoteWebDriver.findElement(RemoteWebDriver.java:363)
org.openqa.selenium.remote.RemoteWebDriver.findElementByLinkText(RemoteWebDriver.java:428)
org.openqa.selenium.By$ByLinkText.findElement(By.java:246)
org.openqa.selenium.remote.RemoteWebDriver.findElement(RemoteWebDriver.java:355)
org.openqa.selenium.support.pagefactory.DefaultElementLocator.findElement(DefaultElementLocator.java:69)
org.openqa.selenium.support.pagefactory.internal.LocatingElementHandler.invoke(LocatingElementHandler.java:38)
com.sun.proxy.$Proxy3.getText(Unknown Source)
pageObjects.HomePage.getMyAccountText(HomePage.java:45)
StepImplementation.CreateNewUserSteps.verifyMessage(CreateNewUserSteps.java:30)
23:39:45.546 
   |username |password |
   |---------|---------|
   |kj@ew.com|Test@1234|
23:39:45.546 ## Create new users
23:39:45.547 * Click on Login
23:39:45.752 * Click on Create New User link
23:39:45.983 * Enter user details <username> and <password>
23:39:46.321 * User should be logged in with "MY ACCOUNT"

23:39:46.629 Failed Step: User should be logged in with "MY ACCOUNT"
23:39:46.629 Error Message: org.openqa.selenium.NoSuchElementException: no such element: Unable to locate element: {"method":"link text","selector":"MY ACCOUNT"}
  (Session info: chrome=63.0.3239.132)
  (Driver info: chromedriver=2.35.528157 (4429ca2590d6988c0745c24c8858745aaaec01ef),platform=Mac OS X 10.12.6 x86_64) (WARNING: The server did not provide any stacktrace information)
Command duration or timeout: 13 milliseconds
For documentation on this error, please visit: http://seleniumhq.org/exceptions/no_such_element.html
Build info: version: '2.53.1', revision: 'a36b8b1', time: '2016-06-30 17:32:46'
System info: host: 'in-apreeti.local', ip: '192.168.0.18', os.name: 'Mac OS X', os.arch: 'x86_64', os.version: '10.12.6', java.version: '1.8.0_102'
Driver info: org.openqa.selenium.chrome.ChromeDriver
Capabilities [{applicationCacheEnabled=false, rotatable=false, mobileEmulationEnabled=false, networkConnectionEnabled=false, chrome={chromedriverVersion=2.35.528157 (4429ca2590d6988c0745c24c8858745aaaec01ef), userDataDir=/var/folders/pg/xwtm6n891c396r0d9nywntwr0000gn/T/.org.chromium.Chromium.7EHql1}, takesHeapSnapshot=true, pageLoadStrategy=normal, databaseEnabled=false, handlesAlerts=true, hasTouchScreen=false, version=63.0.3239.132, platform=MAC, browserConnectionEnabled=false, nativeEvents=true, acceptSslCerts=false, acceptInsecureCerts=false, locationContextEnabled=true, webStorageEnabled=true, browserName=chrome, takesScreenshot=true, javascriptEnabled=true, cssSelectorsEnabled=true, setWindowRect=true, unexpectedAlertBehaviour=}]
Session ID: fc52fbc89a58a1fa14533053fe0ad134
*** Element info: {Using=link text, value=MY ACCOUNT}
23:39:46.629 Specification: specs/createUserWithSpecialParams.spec:16
23:39:46.629 Stacktrace: 
sun.reflect.NativeConstructorAccessorImpl.newInstance0(Native Method)
sun.reflect.NativeConstructorAccessorImpl.newInstance(NativeConstructorAccessorImpl.java:62)
sun.reflect.DelegatingConstructorAccessorImpl.newInstance(DelegatingConstructorAccessorImpl.java:45)
java.lang.reflect.Constructor.newInstance(Constructor.java:423)
org.openqa.selenium.remote.ErrorHandler.createThrowable(ErrorHandler.java:206)
org.openqa.selenium.remote.ErrorHandler.throwIfResponseFailed(ErrorHandler.java:158)
org.openqa.selenium.remote.RemoteWebDriver.execute(RemoteWebDriver.java:678)
org.openqa.selenium.remote.RemoteWebDriver.findElement(RemoteWebDriver.java:363)
org.openqa.selenium.remote.RemoteWebDriver.findElementByLinkText(RemoteWebDriver.java:428)
org.openqa.selenium.By$ByLinkText.findElement(By.java:246)
org.openqa.selenium.remote.RemoteWebDriver.findElement(RemoteWebDriver.java:355)
org.openqa.selenium.support.pagefactory.DefaultElementLocator.findElement(DefaultElementLocator.java:69)
org.openqa.selenium.support.pagefactory.internal.LocatingElementHandler.invoke(LocatingElementHandler.java:38)
com.sun.proxy.$Proxy3.getText(Unknown Source)
pageObjects.HomePage.getMyAccountText(HomePage.java:45)
StepImplementation.CreateNewUserSteps.verifyMessage(CreateNewUserSteps.java:30)
23:39:46.630 
   |username |password |
   |---------|---------|
   |kj@fd.com|Test@1234|
23:39:46.630 ## Create new users
23:39:46.630 * Click on Login
23:39:46.835 * Click on Create New User link
23:39:47.051 * Enter user details <username> and <password>
23:39:47.394 * User should be logged in with "MY ACCOUNT"

23:39:47.701 Failed Step: User should be logged in with "MY ACCOUNT"
23:39:47.701 Error Message: org.openqa.selenium.NoSuchElementException: no such element: Unable to locate element: {"method":"link text","selector":"MY ACCOUNT"}
  (Session info: chrome=63.0.3239.132)
  (Driver info: chromedriver=2.35.528157 (4429ca2590d6988c0745c24c8858745aaaec01ef),platform=Mac OS X 10.12.6 x86_64) (WARNING: The server did not provide any stacktrace information)
Command duration or timeout: 11 milliseconds
For documentation on this error, please visit: http://seleniumhq.org/exceptions/no_such_element.html
Build info: version: '2.53.1', revision: 'a36b8b1', time: '2016-06-30 17:32:46'
System info: host: 'in-apreeti.local', ip: '192.168.0.18', os.name: 'Mac OS X', os.arch: 'x86_64', os.version: '10.12.6', java.version: '1.8.0_102'
Driver info: org.openqa.selenium.chrome.ChromeDriver
Capabilities [{applicationCacheEnabled=false, rotatable=false, mobileEmulationEnabled=false, networkConnectionEnabled=false, chrome={chromedriverVersion=2.35.528157 (4429ca2590d6988c0745c24c8858745aaaec01ef), userDataDir=/var/folders/pg/xwtm6n891c396r0d9nywntwr0000gn/T/.org.chromium.Chromium.7EHql1}, takesHeapSnapshot=true, pageLoadStrategy=normal, databaseEnabled=false, handlesAlerts=true, hasTouchScreen=false, version=63.0.3239.132, platform=MAC, browserConnectionEnabled=false, nativeEvents=true, acceptSslCerts=false, acceptInsecureCerts=false, locationContextEnabled=true, webStorageEnabled=true, browserName=chrome, takesScreenshot=true, javascriptEnabled=true, cssSelectorsEnabled=true, setWindowRect=true, unexpectedAlertBehaviour=}]
Session ID: fc52fbc89a58a1fa14533053fe0ad134
*** Element info: {Using=link text, value=MY ACCOUNT}
23:39:47.701 Specification: specs/createUserWithSpecialParams.spec:16
23:39:47.701 Stacktrace: 
sun.reflect.NativeConstructorAccessorImpl.newInstance0(Native Method)
sun.reflect.NativeConstructorAccessorImpl.newInstance(NativeConstructorAccessorImpl.java:62)
sun.reflect.DelegatingConstructorAccessorImpl.newInstance(DelegatingConstructorAccessorImpl.java:45)
java.lang.reflect.Constructor.newInstance(Constructor.java:423)
org.openqa.selenium.remote.ErrorHandler.createThrowable(ErrorHandler.java:206)
org.openqa.selenium.remote.ErrorHandler.throwIfResponseFailed(ErrorHandler.java:158)
org.openqa.selenium.remote.RemoteWebDriver.execute(RemoteWebDriver.java:678)
org.openqa.selenium.remote.RemoteWebDriver.findElement(RemoteWebDriver.java:363)
org.openqa.selenium.remote.RemoteWebDriver.findElementByLinkText(RemoteWebDriver.java:428)
org.openqa.selenium.By$ByLinkText.findElement(By.java:246)
org.openqa.selenium.remote.RemoteWebDriver.findElement(RemoteWebDriver.java:355)
org.openqa.selenium.support.pagefactory.DefaultElementLocator.findElement(DefaultElementLocator.java:69)
org.openqa.selenium.support.pagefactory.internal.LocatingElementHandler.invoke(LocatingElementHandler.java:38)
com.sun.proxy.$Proxy3.getText(Unknown Source)
pageObjects.HomePage.getMyAccountText(HomePage.java:45)
StepImplementation.CreateNewUserSteps.verifyMessage(CreateNewUserSteps.java:30)
23:39:47.701 # Login using concepts
23:39:47.702 
   |username |password |
   |---------|---------|
   |uy@um.com|Test@1234|
23:39:47.702 ## Successful login
23:39:47.702 * Login as user <username> and <password>

23:39:47.702 * Enter log in details <username> and password <password>
23:39:47.989 * Submit the form
23:39:48.326 * User should be logged in with message "MY ACCOUNT"
23:39:48.353 * Close the browser
23:39:48.424 * Quit the browser
23:39:48.449 
   |username |password |
   |---------|---------|
   |kj@um.com|Test@1234|
23:39:48.449 ## Successful login
23:39:48.449 * Login as user <username> and <password>

23:39:48.449 * Enter log in details <username> and password <password>
23:39:48.749 Failed Step: Enter log in details <username> and password <password>
23:39:48.750 Error Message: org.openqa.selenium.remote.SessionNotFoundException: Session ID is null. Using WebDriver after calling quit()?
Build info: version: '2.53.1', revision: 'a36b8b1', time: '2016-06-30 17:32:46'
System info: host: 'in-apreeti.local', ip: '192.168.0.18', os.name: 'Mac OS X', os.arch: 'x86_64', os.version: '10.12.6', java.version: '1.8.0_102'
Driver info: driver.version: RemoteWebDriver
23:39:48.750 Specification: specs/loginUsingConcepts.spec
23:39:48.750 Stacktrace: 
org.openqa.selenium.remote.HttpCommandExecutor.execute(HttpCommandExecutor.java:134)
org.openqa.selenium.remote.service.DriverCommandExecutor.execute(DriverCommandExecutor.java:82)
org.openqa.selenium.remote.RemoteWebDriver.execute(RemoteWebDriver.java:644)
org.openqa.selenium.remote.RemoteWebDriver.findElement(RemoteWebDriver.java:363)
org.openqa.selenium.remote.RemoteWebDriver.findElementById(RemoteWebDriver.java:413)
org.openqa.selenium.By$ById.findElement(By.java:218)
org.openqa.selenium.remote.RemoteWebDriver.findElement(RemoteWebDriver.java:355)
org.openqa.selenium.support.pagefactory.DefaultElementLocator.findElement(DefaultElementLocator.java:69)
org.openqa.selenium.support.pagefactory.internal.LocatingElementHandler.invoke(LocatingElementHandler.java:38)
com.sun.proxy.$Proxy3.click(Unknown Source)
pageObjects.HomePage.clickOnLogin(HomePage.java:37)
StepImplementation.LoginSteps.enterLoginDetails(LoginSteps.java:24)
23:39:48.751 
   |username |password |
   |---------|---------|
   |kj@k.vcom|Test@1234|
23:39:48.751 ## Successful login
23:39:48.751 * Login as user <username> and <password>

23:39:48.751 * Enter log in details <username> and password <password>
23:39:49.053 Failed Step: Enter log in details <username> and password <password>
23:39:49.053 Error Message: org.openqa.selenium.remote.SessionNotFoundException: Session ID is null. Using WebDriver after calling quit()?
Build info: version: '2.53.1', revision: 'a36b8b1', time: '2016-06-30 17:32:46'
System info: host: 'in-apreeti.local', ip: '192.168.0.18', os.name: 'Mac OS X', os.arch: 'x86_64', os.version: '10.12.6', java.version: '1.8.0_102'
Driver info: driver.version: RemoteWebDriver
23:39:49.053 Specification: specs/loginUsingConcepts.spec
23:39:49.053 Stacktrace: 
org.openqa.selenium.remote.HttpCommandExecutor.execute(HttpCommandExecutor.java:134)
org.openqa.selenium.remote.service.DriverCommandExecutor.execute(DriverCommandExecutor.java:82)
org.openqa.selenium.remote.RemoteWebDriver.execute(RemoteWebDriver.java:644)
org.openqa.selenium.remote.RemoteWebDriver.findElement(RemoteWebDriver.java:363)
org.openqa.selenium.remote.RemoteWebDriver.findElementById(RemoteWebDriver.java:413)
org.openqa.selenium.By$ById.findElement(By.java:218)
org.openqa.selenium.remote.RemoteWebDriver.findElement(RemoteWebDriver.java:355)
org.openqa.selenium.support.pagefactory.DefaultElementLocator.findElement(DefaultElementLocator.java:69)
org.openqa.selenium.support.pagefactory.internal.LocatingElementHandler.invoke(LocatingElementHandler.java:38)
com.sun.proxy.$Proxy3.click(Unknown Source)
pageObjects.HomePage.clickOnLogin(HomePage.java:37)
StepImplementation.LoginSteps.enterLoginDetails(LoginSteps.java:24)
23:39:49.054 
   |username |password |
   |---------|---------|
   |kj@fd.com|Test@1234|
23:39:49.054 ## Successful login
23:39:49.054 * Login as user <username> and <password>

23:39:49.054 * Enter log in details <username> and password <password>
23:39:49.324 Failed Step: Enter log in details <username> and password <password>
23:39:49.324 Error Message: org.openqa.selenium.remote.SessionNotFoundException: Session ID is null. Using WebDriver after calling quit()?
Build info: version: '2.53.1', revision: 'a36b8b1', time: '2016-06-30 17:32:46'
System info: host: 'in-apreeti.local', ip: '192.168.0.18', os.name: 'Mac OS X', os.arch: 'x86_64', os.version: '10.12.6', java.version: '1.8.0_102'
Driver info: driver.version: RemoteWebDriver
23:39:49.324 Specification: specs/loginUsingConcepts.spec
23:39:49.324 Stacktrace: 
org.openqa.selenium.remote.HttpCommandExecutor.execute(HttpCommandExecutor.java:134)
org.openqa.selenium.remote.service.DriverCommandExecutor.execute(DriverCommandExecutor.java:82)
org.openqa.selenium.remote.RemoteWebDriver.execute(RemoteWebDriver.java:644)
org.openqa.selenium.remote.RemoteWebDriver.findElement(RemoteWebDriver.java:363)
org.openqa.selenium.remote.RemoteWebDriver.findElementById(RemoteWebDriver.java:413)
org.openqa.selenium.By$ById.findElement(By.java:218)
org.openqa.selenium.remote.RemoteWebDriver.findElement(RemoteWebDriver.java:355)
org.openqa.selenium.support.pagefactory.DefaultElementLocator.findElement(DefaultElementLocator.java:69)
org.openqa.selenium.support.pagefactory.internal.LocatingElementHandler.invoke(LocatingElementHandler.java:38)
com.sun.proxy.$Proxy3.click(Unknown Source)
pageObjects.HomePage.clickOnLogin(HomePage.java:37)
StepImplementation.LoginSteps.enterLoginDetails(LoginSteps.java:24)
23:39:49.324 
   |username |password |
   |---------|---------|
   |kj@ew.com|Test@1234|
23:39:49.324 ## Successful login
23:39:49.325 * Login as user <username> and <password>

23:39:49.325 * Enter log in details <username> and password <password>
23:39:49.619 Failed Step: Enter log in details <username> and password <password>
23:39:49.619 Error Message: org.openqa.selenium.remote.SessionNotFoundException: Session ID is null. Using WebDriver after calling quit()?
Build info: version: '2.53.1', revision: 'a36b8b1', time: '2016-06-30 17:32:46'
System info: host: 'in-apreeti.local', ip: '192.168.0.18', os.name: 'Mac OS X', os.arch: 'x86_64', os.version: '10.12.6', java.version: '1.8.0_102'
Driver info: driver.version: RemoteWebDriver
23:39:49.619 Specification: specs/loginUsingConcepts.spec
23:39:49.619 Stacktrace: 
org.openqa.selenium.remote.HttpCommandExecutor.execute(HttpCommandExecutor.java:134)
org.openqa.selenium.remote.service.DriverCommandExecutor.execute(DriverCommandExecutor.java:82)
org.openqa.selenium.remote.RemoteWebDriver.execute(RemoteWebDriver.java:644)
org.openqa.selenium.remote.RemoteWebDriver.findElement(RemoteWebDriver.java:363)
org.openqa.selenium.remote.RemoteWebDriver.findElementById(RemoteWebDriver.java:413)
org.openqa.selenium.By$ById.findElement(By.java:218)
org.openqa.selenium.remote.RemoteWebDriver.findElement(RemoteWebDriver.java:355)
org.openqa.selenium.support.pagefactory.DefaultElementLocator.findElement(DefaultElementLocator.java:69)
org.openqa.selenium.support.pagefactory.internal.LocatingElementHandler.invoke(LocatingElementHandler.java:38)
com.sun.proxy.$Proxy3.click(Unknown Source)
pageObjects.HomePage.clickOnLogin(HomePage.java:37)
StepImplementation.LoginSteps.enterLoginDetails(LoginSteps.java:24)
23:39:49.620 
   |username |password |
   |---------|---------|
   |kj@fd.com|Test@1234|
23:39:49.620 ## Successful login
23:39:49.620 * Login as user <username> and <password>

23:39:49.620 * Enter log in details <username> and password <password>
23:39:49.900 Failed Step: Enter log in details <username> and password <password>
23:39:49.900 Error Message: org.openqa.selenium.remote.SessionNotFoundException: Session ID is null. Using WebDriver after calling quit()?
Build info: version: '2.53.1', revision: 'a36b8b1', time: '2016-06-30 17:32:46'
System info: host: 'in-apreeti.local', ip: '192.168.0.18', os.name: 'Mac OS X', os.arch: 'x86_64', os.version: '10.12.6', java.version: '1.8.0_102'
Driver info: driver.version: RemoteWebDriver
23:39:49.900 Specification: specs/loginUsingConcepts.spec
23:39:49.900 Stacktrace: 
org.openqa.selenium.remote.HttpCommandExecutor.execute(HttpCommandExecutor.java:134)
org.openqa.selenium.remote.service.DriverCommandExecutor.execute(DriverCommandExecutor.java:82)
org.openqa.selenium.remote.RemoteWebDriver.execute(RemoteWebDriver.java:644)
org.openqa.selenium.remote.RemoteWebDriver.findElement(RemoteWebDriver.java:363)
org.openqa.selenium.remote.RemoteWebDriver.findElementById(RemoteWebDriver.java:413)
org.openqa.selenium.By$ById.findElement(By.java:218)
org.openqa.selenium.remote.RemoteWebDriver.findElement(RemoteWebDriver.java:355)
org.openqa.selenium.support.pagefactory.DefaultElementLocator.findElement(DefaultElementLocator.java:69)
org.openqa.selenium.support.pagefactory.internal.LocatingElementHandler.invoke(LocatingElementHandler.java:38)
com.sun.proxy.$Proxy3.click(Unknown Source)
pageObjects.HomePage.clickOnLogin(HomePage.java:37)
StepImplementation.LoginSteps.enterLoginDetails(LoginSteps.java:24)
23:39:49.901 # Search Specification
23:39:49.902 ## Successful search
23:39:49.902 * Search for product "Mug"
23:39:50.178 Failed Step: Search for product "Mug"
23:39:50.178 Error Message: org.openqa.selenium.remote.SessionNotFoundException: Session ID is null. Using WebDriver after calling quit()?
Build info: version: '2.53.1', revision: 'a36b8b1', time: '2016-06-30 17:32:46'
System info: host: 'in-apreeti.local', ip: '192.168.0.18', os.name: 'Mac OS X', os.arch: 'x86_64', os.version: '10.12.6', java.version: '1.8.0_102'
Driver info: driver.version: RemoteWebDriver
23:39:50.178 Specification: specs/search.spec:11
23:39:50.178 Stacktrace: 
org.openqa.selenium.remote.HttpCommandExecutor.execute(HttpCommandExecutor.java:134)
org.openqa.selenium.remote.service.DriverCommandExecutor.execute(DriverCommandExecutor.java:82)
org.openqa.selenium.remote.RemoteWebDriver.execute(RemoteWebDriver.java:644)
org.openqa.selenium.remote.RemoteWebDriver.findElement(RemoteWebDriver.java:363)
org.openqa.selenium.remote.RemoteWebDriver.findElementById(RemoteWebDriver.java:413)
org.openqa.selenium.By$ById.findElement(By.java:218)
org.openqa.selenium.remote.RemoteWebDriver.findElement(RemoteWebDriver.java:355)
org.openqa.selenium.support.pagefactory.DefaultElementLocator.findElement(DefaultElementLocator.java:69)
org.openqa.selenium.support.pagefactory.internal.LocatingElementHandler.invoke(LocatingElementHandler.java:38)
com.sun.proxy.$Proxy3.sendKeys(Unknown Source)
pageObjects.HomePage.searchForKeyword(HomePage.java:49)
StepImplementation.SearchSteps.searchForKeyword(SearchSteps.java:15)
23:39:50.178 ## Unsuccessful search
23:39:50.179 * Search for product "Unknown"
23:39:50.430 Failed Step: Search for product "Unknown"
23:39:50.431 Error Message: org.openqa.selenium.remote.SessionNotFoundException: Session ID is null. Using WebDriver after calling quit()?
Build info: version: '2.53.1', revision: 'a36b8b1', time: '2016-06-30 17:32:46'
System info: host: 'in-apreeti.local', ip: '192.168.0.18', os.name: 'Mac OS X', os.arch: 'x86_64', os.version: '10.12.6', java.version: '1.8.0_102'
Driver info: driver.version: RemoteWebDriver
23:39:50.431 Specification: specs/search.spec:16
23:39:50.431 Stacktrace: 
org.openqa.selenium.remote.HttpCommandExecutor.execute(HttpCommandExecutor.java:134)
org.openqa.selenium.remote.service.DriverCommandExecutor.execute(DriverCommandExecutor.java:82)
org.openqa.selenium.remote.RemoteWebDriver.execute(RemoteWebDriver.java:644)
org.openqa.selenium.remote.RemoteWebDriver.findElement(RemoteWebDriver.java:363)
org.openqa.selenium.remote.RemoteWebDriver.findElementById(RemoteWebDriver.java:413)
org.openqa.selenium.By$ById.findElement(By.java:218)
org.openqa.selenium.remote.RemoteWebDriver.findElement(RemoteWebDriver.java:355)
org.openqa.selenium.support.pagefactory.DefaultElementLocator.findElement(DefaultElementLocator.java:69)
org.openqa.selenium.support.pagefactory.internal.LocatingElementHandler.invoke(LocatingElementHandler.java:38)
com.sun.proxy.$Proxy3.sendKeys(Unknown Source)
pageObjects.HomePage.searchForKeyword(HomePage.java:49)
StepImplementation.SearchSteps.searchForKeyword(SearchSteps.java:15)
23:39:50.431 # Context and Tear Down Specification
23:39:50.432 ## Successful search
23:39:50.432 * Search for product "Mug"
23:39:50.713 Failed Step: Search for product "Mug"
23:39:50.713 Error Message: org.openqa.selenium.remote.SessionNotFoundException: Session ID is null. Using WebDriver after calling quit()?
Build info: version: '2.53.1', revision: 'a36b8b1', time: '2016-06-30 17:32:46'
System info: host: 'in-apreeti.local', ip: '192.168.0.18', os.name: 'Mac OS X', os.arch: 'x86_64', os.version: '10.12.6', java.version: '1.8.0_102'
Driver info: driver.version: RemoteWebDriver
23:39:50.713 Specification: specs/searchWithContextAndTearDown.spec:13
23:39:50.713 Stacktrace: 
org.openqa.selenium.remote.HttpCommandExecutor.execute(HttpCommandExecutor.java:134)
org.openqa.selenium.remote.service.DriverCommandExecutor.execute(DriverCommandExecutor.java:82)
org.openqa.selenium.remote.RemoteWebDriver.execute(RemoteWebDriver.java:644)
org.openqa.selenium.remote.RemoteWebDriver.findElement(RemoteWebDriver.java:363)
org.openqa.selenium.remote.RemoteWebDriver.findElementById(RemoteWebDriver.java:413)
org.openqa.selenium.By$ById.findElement(By.java:218)
org.openqa.selenium.remote.RemoteWebDriver.findElement(RemoteWebDriver.java:355)
org.openqa.selenium.support.pagefactory.DefaultElementLocator.findElement(DefaultElementLocator.java:69)
org.openqa.selenium.support.pagefactory.internal.LocatingElementHandler.invoke(LocatingElementHandler.java:38)
com.sun.proxy.$Proxy3.sendKeys(Unknown Source)
pageObjects.HomePage.searchForKeyword(HomePage.java:49)
StepImplementation.SearchSteps.searchForKeyword(SearchSteps.java:15)
23:39:50.714 ## Unsuccessful search
23:39:50.714 * Search for product "Unknown"
23:39:50.983 Failed Step: Search for product "Unknown"
23:39:50.983 Error Message: org.openqa.selenium.remote.SessionNotFoundException: Session ID is null. Using WebDriver after calling quit()?
Build info: version: '2.53.1', revision: 'a36b8b1', time: '2016-06-30 17:32:46'
System info: host: 'in-apreeti.local', ip: '192.168.0.18', os.name: 'Mac OS X', os.arch: 'x86_64', os.version: '10.12.6', java.version: '1.8.0_102'
Driver info: driver.version: RemoteWebDriver
23:39:50.983 Specification: specs/searchWithContextAndTearDown.spec:18
23:39:50.983 Stacktrace: 
org.openqa.selenium.remote.HttpCommandExecutor.execute(HttpCommandExecutor.java:134)
org.openqa.selenium.remote.service.DriverCommandExecutor.execute(DriverCommandExecutor.java:82)
org.openqa.selenium.remote.RemoteWebDriver.execute(RemoteWebDriver.java:644)
org.openqa.selenium.remote.RemoteWebDriver.findElement(RemoteWebDriver.java:363)
org.openqa.selenium.remote.RemoteWebDriver.findElementById(RemoteWebDriver.java:413)
org.openqa.selenium.By$ById.findElement(By.java:218)
org.openqa.selenium.remote.RemoteWebDriver.findElement(RemoteWebDriver.java:355)
org.openqa.selenium.support.pagefactory.DefaultElementLocator.findElement(DefaultElementLocator.java:69)
org.openqa.selenium.support.pagefactory.internal.LocatingElementHandler.invoke(LocatingElementHandler.java:38)
com.sun.proxy.$Proxy3.sendKeys(Unknown Source)
pageObjects.HomePage.searchForKeyword(HomePage.java:49)
StepImplementation.SearchSteps.searchForKeyword(SearchSteps.java:15)
23:39:50.984 # Search Specification
23:39:50.984 ## Successful search
23:39:50.985 * Search for product "Mug"
23:39:51.255 Failed Step: Search for product "Mug"
23:39:51.255 Error Message: org.openqa.selenium.remote.SessionNotFoundException: Session ID is null. Using WebDriver after calling quit()?
Build info: version: '2.53.1', revision: 'a36b8b1', time: '2016-06-30 17:32:46'
System info: host: 'in-apreeti.local', ip: '192.168.0.18', os.name: 'Mac OS X', os.arch: 'x86_64', os.version: '10.12.6', java.version: '1.8.0_102'
Driver info: driver.version: RemoteWebDriver
23:39:51.255 Specification: specs/searchWithTags.spec:16
23:39:51.255 Stacktrace: 
org.openqa.selenium.remote.HttpCommandExecutor.execute(HttpCommandExecutor.java:134)
org.openqa.selenium.remote.service.DriverCommandExecutor.execute(DriverCommandExecutor.java:82)
org.openqa.selenium.remote.RemoteWebDriver.execute(RemoteWebDriver.java:644)
org.openqa.selenium.remote.RemoteWebDriver.findElement(RemoteWebDriver.java:363)
org.openqa.selenium.remote.RemoteWebDriver.findElementById(RemoteWebDriver.java:413)
org.openqa.selenium.By$ById.findElement(By.java:218)
org.openqa.selenium.remote.RemoteWebDriver.findElement(RemoteWebDriver.java:355)
org.openqa.selenium.support.pagefactory.DefaultElementLocator.findElement(DefaultElementLocator.java:69)
org.openqa.selenium.support.pagefactory.internal.LocatingElementHandler.invoke(LocatingElementHandler.java:38)
com.sun.proxy.$Proxy3.sendKeys(Unknown Source)
pageObjects.HomePage.searchForKeyword(HomePage.java:49)
StepImplementation.SearchSteps.searchForKeyword(SearchSteps.java:15)
23:39:51.255 ## Unsuccessful search
23:39:51.255 * Search for product "Unknown"
23:39:51.538 Failed Step: Search for product "Unknown"
23:39:51.538 Error Message: org.openqa.selenium.remote.SessionNotFoundException: Session ID is null. Using WebDriver after calling quit()?
Build info: version: '2.53.1', revision: 'a36b8b1', time: '2016-06-30 17:32:46'
System info: host: 'in-apreeti.local', ip: '192.168.0.18', os.name: 'Mac OS X', os.arch: 'x86_64', os.version: '10.12.6', java.version: '1.8.0_102'
Driver info: driver.version: RemoteWebDriver
23:39:51.538 Specification: specs/searchWithTags.spec:24
23:39:51.538 Stacktrace: 
org.openqa.selenium.remote.HttpCommandExecutor.execute(HttpCommandExecutor.java:134)
org.openqa.selenium.remote.service.DriverCommandExecutor.execute(DriverCommandExecutor.java:82)
org.openqa.selenium.remote.RemoteWebDriver.execute(RemoteWebDriver.java:644)
org.openqa.selenium.remote.RemoteWebDriver.findElement(RemoteWebDriver.java:363)
org.openqa.selenium.remote.RemoteWebDriver.findElementById(RemoteWebDriver.java:413)
org.openqa.selenium.By$ById.findElement(By.java:218)
org.openqa.selenium.remote.RemoteWebDriver.findElement(RemoteWebDriver.java:355)
org.openqa.selenium.support.pagefactory.DefaultElementLocator.findElement(DefaultElementLocator.java:69)
org.openqa.selenium.support.pagefactory.internal.LocatingElementHandler.invoke(LocatingElementHandler.java:38)
com.sun.proxy.$Proxy3.sendKeys(Unknown Source)
pageObjects.HomePage.searchForKeyword(HomePage.java:49)
StepImplementation.SearchSteps.searchForKeyword(SearchSteps.java:15)
23:39:51.675 Plugin [Html Report] with pid [19933] has exited
23:39:52.179 Specifications:	6 executed	0 passed	6 failed	0 skipped
23:39:52.179 Scenarios:	9 executed	0 passed	9 failed	0 skipped
23:39:52.179 
Total time taken: 13.227s
23:40:04.187 Gauge Install ID: c2df18fd-009c-47d7-a7c5-41270e8387d0
23:40:05.713 Checking updates...
23:40:07.962 # Create a user and login Specification
23:40:07.963 
   |username |password |
   |---------|---------|
   |kl@ka.com|Test@1234|
23:40:07.963 ## 1_Create new users from table
23:40:07.964 * Click on Login
23:40:09.647 * Click on Create New User link
23:40:09.870 * Enter user details <username> and <password>
23:40:10.265 * User should be logged in with "MY ACCOUNT"

23:40:10.773 Failed Step: User should be logged in with "MY ACCOUNT"
23:40:10.773 Error Message: org.openqa.selenium.NoSuchElementException: no such element: Unable to locate element: {"method":"link text","selector":"MY ACCOUNT"}
  (Session info: chrome=63.0.3239.132)
  (Driver info: chromedriver=2.35.528157 (4429ca2590d6988c0745c24c8858745aaaec01ef),platform=Mac OS X 10.12.6 x86_64) (WARNING: The server did not provide any stacktrace information)
Command duration or timeout: 17 milliseconds
For documentation on this error, please visit: http://seleniumhq.org/exceptions/no_such_element.html
Build info: version: '2.53.1', revision: 'a36b8b1', time: '2016-06-30 17:32:46'
System info: host: 'in-apreeti.local', ip: '192.168.0.18', os.name: 'Mac OS X', os.arch: 'x86_64', os.version: '10.12.6', java.version: '1.8.0_102'
Driver info: org.openqa.selenium.chrome.ChromeDriver
Capabilities [{applicationCacheEnabled=false, rotatable=false, mobileEmulationEnabled=false, networkConnectionEnabled=false, chrome={chromedriverVersion=2.35.528157 (4429ca2590d6988c0745c24c8858745aaaec01ef), userDataDir=/var/folders/pg/xwtm6n891c396r0d9nywntwr0000gn/T/.org.chromium.Chromium.aZoawe}, takesHeapSnapshot=true, pageLoadStrategy=normal, databaseEnabled=false, handlesAlerts=true, hasTouchScreen=false, version=63.0.3239.132, platform=MAC, browserConnectionEnabled=false, nativeEvents=true, acceptSslCerts=false, acceptInsecureCerts=false, locationContextEnabled=true, webStorageEnabled=true, browserName=chrome, takesScreenshot=true, javascriptEnabled=true, cssSelectorsEnabled=true, setWindowRect=true, unexpectedAlertBehaviour=}]
Session ID: a82e8ae5363693f12d8d936474630300
*** Element info: {Using=link text, value=MY ACCOUNT}
23:40:10.773 Specification: specs/createUserWithInlineTable.spec:18
23:40:10.773 Stacktrace: 
sun.reflect.NativeConstructorAccessorImpl.newInstance0(Native Method)
sun.reflect.NativeConstructorAccessorImpl.newInstance(NativeConstructorAccessorImpl.java:62)
sun.reflect.DelegatingConstructorAccessorImpl.newInstance(DelegatingConstructorAccessorImpl.java:45)
java.lang.reflect.Constructor.newInstance(Constructor.java:423)
org.openqa.selenium.remote.ErrorHandler.createThrowable(ErrorHandler.java:206)
org.openqa.selenium.remote.ErrorHandler.throwIfResponseFailed(ErrorHandler.java:158)
org.openqa.selenium.remote.RemoteWebDriver.execute(RemoteWebDriver.java:678)
org.openqa.selenium.remote.RemoteWebDriver.findElement(RemoteWebDriver.java:363)
org.openqa.selenium.remote.RemoteWebDriver.findElementByLinkText(RemoteWebDriver.java:428)
org.openqa.selenium.By$ByLinkText.findElement(By.java:246)
org.openqa.selenium.remote.RemoteWebDriver.findElement(RemoteWebDriver.java:355)
org.openqa.selenium.support.pagefactory.DefaultElementLocator.findElement(DefaultElementLocator.java:69)
org.openqa.selenium.support.pagefactory.internal.LocatingElementHandler.invoke(LocatingElementHandler.java:38)
com.sun.proxy.$Proxy3.getText(Unknown Source)
pageObjects.HomePage.getMyAccountText(HomePage.java:45)
StepImplementation.CreateNewUserSteps.verifyMessage(CreateNewUserSteps.java:30)
23:40:10.775 # Create a user and login Specification
23:40:10.776 
   |username |password |
   |---------|---------|
   |uy@um.com|Test@1234|
23:40:10.776 ## Create new users
23:40:10.776 * Click on Login
23:40:10.991 * Click on Create New User link
23:40:11.229 * Enter user details <username> and <password>
23:40:11.578 * User should be logged in with "MY ACCOUNT"

23:40:11.875 Failed Step: User should be logged in with "MY ACCOUNT"
23:40:11.875 Error Message: org.openqa.selenium.NoSuchElementException: no such element: Unable to locate element: {"method":"link text","selector":"MY ACCOUNT"}
  (Session info: chrome=63.0.3239.132)
  (Driver info: chromedriver=2.35.528157 (4429ca2590d6988c0745c24c8858745aaaec01ef),platform=Mac OS X 10.12.6 x86_64) (WARNING: The server did not provide any stacktrace information)
Command duration or timeout: 10 milliseconds
For documentation on this error, please visit: http://seleniumhq.org/exceptions/no_such_element.html
Build info: version: '2.53.1', revision: 'a36b8b1', time: '2016-06-30 17:32:46'
System info: host: 'in-apreeti.local', ip: '192.168.0.18', os.name: 'Mac OS X', os.arch: 'x86_64', os.version: '10.12.6', java.version: '1.8.0_102'
Driver info: org.openqa.selenium.chrome.ChromeDriver
Capabilities [{applicationCacheEnabled=false, rotatable=false, mobileEmulationEnabled=false, networkConnectionEnabled=false, chrome={chromedriverVersion=2.35.528157 (4429ca2590d6988c0745c24c8858745aaaec01ef), userDataDir=/var/folders/pg/xwtm6n891c396r0d9nywntwr0000gn/T/.org.chromium.Chromium.aZoawe}, takesHeapSnapshot=true, pageLoadStrategy=normal, databaseEnabled=false, handlesAlerts=true, hasTouchScreen=false, version=63.0.3239.132, platform=MAC, browserConnectionEnabled=false, nativeEvents=true, acceptSslCerts=false, acceptInsecureCerts=false, locationContextEnabled=true, webStorageEnabled=true, browserName=chrome, takesScreenshot=true, javascriptEnabled=true, cssSelectorsEnabled=true, setWindowRect=true, unexpectedAlertBehaviour=}]
Session ID: a82e8ae5363693f12d8d936474630300
*** Element info: {Using=link text, value=MY ACCOUNT}
23:40:11.875 Specification: specs/createUserWithSpecialParams.spec:16
23:40:11.875 Stacktrace: 
sun.reflect.NativeConstructorAccessorImpl.newInstance0(Native Method)
sun.reflect.NativeConstructorAccessorImpl.newInstance(NativeConstructorAccessorImpl.java:62)
sun.reflect.DelegatingConstructorAccessorImpl.newInstance(DelegatingConstructorAccessorImpl.java:45)
java.lang.reflect.Constructor.newInstance(Constructor.java:423)
org.openqa.selenium.remote.ErrorHandler.createThrowable(ErrorHandler.java:206)
org.openqa.selenium.remote.ErrorHandler.throwIfResponseFailed(ErrorHandler.java:158)
org.openqa.selenium.remote.RemoteWebDriver.execute(RemoteWebDriver.java:678)
org.openqa.selenium.remote.RemoteWebDriver.findElement(RemoteWebDriver.java:363)
org.openqa.selenium.remote.RemoteWebDriver.findElementByLinkText(RemoteWebDriver.java:428)
org.openqa.selenium.By$ByLinkText.findElement(By.java:246)
org.openqa.selenium.remote.RemoteWebDriver.findElement(RemoteWebDriver.java:355)
org.openqa.selenium.support.pagefactory.DefaultElementLocator.findElement(DefaultElementLocator.java:69)
org.openqa.selenium.support.pagefactory.internal.LocatingElementHandler.invoke(LocatingElementHandler.java:38)
com.sun.proxy.$Proxy3.getText(Unknown Source)
pageObjects.HomePage.getMyAccountText(HomePage.java:45)
StepImplementation.CreateNewUserSteps.verifyMessage(CreateNewUserSteps.java:30)
23:40:11.876 
   |username |password |
   |---------|---------|
   |kj@um.com|Test@1234|
23:40:11.876 ## Create new users
23:40:11.876 * Click on Login
23:40:12.109 * Click on Create New User link
23:40:12.347 * Enter user details <username> and <password>
23:40:12.714 * User should be logged in with "MY ACCOUNT"

23:40:13.022 Failed Step: User should be logged in with "MY ACCOUNT"
23:40:13.022 Error Message: org.openqa.selenium.NoSuchElementException: no such element: Unable to locate element: {"method":"link text","selector":"MY ACCOUNT"}
  (Session info: chrome=63.0.3239.132)
  (Driver info: chromedriver=2.35.528157 (4429ca2590d6988c0745c24c8858745aaaec01ef),platform=Mac OS X 10.12.6 x86_64) (WARNING: The server did not provide any stacktrace information)
Command duration or timeout: 11 milliseconds
For documentation on this error, please visit: http://seleniumhq.org/exceptions/no_such_element.html
Build info: version: '2.53.1', revision: 'a36b8b1', time: '2016-06-30 17:32:46'
System info: host: 'in-apreeti.local', ip: '192.168.0.18', os.name: 'Mac OS X', os.arch: 'x86_64', os.version: '10.12.6', java.version: '1.8.0_102'
Driver info: org.openqa.selenium.chrome.ChromeDriver
Capabilities [{applicationCacheEnabled=false, rotatable=false, mobileEmulationEnabled=false, networkConnectionEnabled=false, chrome={chromedriverVersion=2.35.528157 (4429ca2590d6988c0745c24c8858745aaaec01ef), userDataDir=/var/folders/pg/xwtm6n891c396r0d9nywntwr0000gn/T/.org.chromium.Chromium.aZoawe}, takesHeapSnapshot=true, pageLoadStrategy=normal, databaseEnabled=false, handlesAlerts=true, hasTouchScreen=false, version=63.0.3239.132, platform=MAC, browserConnectionEnabled=false, nativeEvents=true, acceptSslCerts=false, acceptInsecureCerts=false, locationContextEnabled=true, webStorageEnabled=true, browserName=chrome, takesScreenshot=true, javascriptEnabled=true, cssSelectorsEnabled=true, setWindowRect=true, unexpectedAlertBehaviour=}]
Session ID: a82e8ae5363693f12d8d936474630300
*** Element info: {Using=link text, value=MY ACCOUNT}
23:40:13.022 Specification: specs/createUserWithSpecialParams.spec:16
23:40:13.022 Stacktrace: 
sun.reflect.NativeConstructorAccessorImpl.newInstance0(Native Method)
sun.reflect.NativeConstructorAccessorImpl.newInstance(NativeConstructorAccessorImpl.java:62)
sun.reflect.DelegatingConstructorAccessorImpl.newInstance(DelegatingConstructorAccessorImpl.java:45)
java.lang.reflect.Constructor.newInstance(Constructor.java:423)
org.openqa.selenium.remote.ErrorHandler.createThrowable(ErrorHandler.java:206)
org.openqa.selenium.remote.ErrorHandler.throwIfResponseFailed(ErrorHandler.java:158)
org.openqa.selenium.remote.RemoteWebDriver.execute(RemoteWebDriver.java:678)
org.openqa.selenium.remote.RemoteWebDriver.findElement(RemoteWebDriver.java:363)
org.openqa.selenium.remote.RemoteWebDriver.findElementByLinkText(RemoteWebDriver.java:428)
org.openqa.selenium.By$ByLinkText.findElement(By.java:246)
org.openqa.selenium.remote.RemoteWebDriver.findElement(RemoteWebDriver.java:355)
org.openqa.selenium.support.pagefactory.DefaultElementLocator.findElement(DefaultElementLocator.java:69)
org.openqa.selenium.support.pagefactory.internal.LocatingElementHandler.invoke(LocatingElementHandler.java:38)
com.sun.proxy.$Proxy3.getText(Unknown Source)
pageObjects.HomePage.getMyAccountText(HomePage.java:45)
StepImplementation.CreateNewUserSteps.verifyMessage(CreateNewUserSteps.java:30)
23:40:13.023 
   |username |password |
   |---------|---------|
   |kj@k.vcom|Test@1234|
23:40:13.023 ## Create new users
23:40:13.024 * Click on Login
23:40:13.242 * Click on Create New User link
23:40:13.545 * Enter user details <username> and <password>
23:40:13.912 * User should be logged in with "MY ACCOUNT"

23:40:14.230 Failed Step: User should be logged in with "MY ACCOUNT"
23:40:14.230 Error Message: org.openqa.selenium.NoSuchElementException: no such element: Unable to locate element: {"method":"link text","selector":"MY ACCOUNT"}
  (Session info: chrome=63.0.3239.132)
  (Driver info: chromedriver=2.35.528157 (4429ca2590d6988c0745c24c8858745aaaec01ef),platform=Mac OS X 10.12.6 x86_64) (WARNING: The server did not provide any stacktrace information)
Command duration or timeout: 10 milliseconds
For documentation on this error, please visit: http://seleniumhq.org/exceptions/no_such_element.html
Build info: version: '2.53.1', revision: 'a36b8b1', time: '2016-06-30 17:32:46'
System info: host: 'in-apreeti.local', ip: '192.168.0.18', os.name: 'Mac OS X', os.arch: 'x86_64', os.version: '10.12.6', java.version: '1.8.0_102'
Driver info: org.openqa.selenium.chrome.ChromeDriver
Capabilities [{applicationCacheEnabled=false, rotatable=false, mobileEmulationEnabled=false, networkConnectionEnabled=false, chrome={chromedriverVersion=2.35.528157 (4429ca2590d6988c0745c24c8858745aaaec01ef), userDataDir=/var/folders/pg/xwtm6n891c396r0d9nywntwr0000gn/T/.org.chromium.Chromium.aZoawe}, takesHeapSnapshot=true, pageLoadStrategy=normal, databaseEnabled=false, handlesAlerts=true, hasTouchScreen=false, version=63.0.3239.132, platform=MAC, browserConnectionEnabled=false, nativeEvents=true, acceptSslCerts=false, acceptInsecureCerts=false, locationContextEnabled=true, webStorageEnabled=true, browserName=chrome, takesScreenshot=true, javascriptEnabled=true, cssSelectorsEnabled=true, setWindowRect=true, unexpectedAlertBehaviour=}]
Session ID: a82e8ae5363693f12d8d936474630300
*** Element info: {Using=link text, value=MY ACCOUNT}
23:40:14.230 Specification: specs/createUserWithSpecialParams.spec:16
23:40:14.230 Stacktrace: 
sun.reflect.NativeConstructorAccessorImpl.newInstance0(Native Method)
sun.reflect.NativeConstructorAccessorImpl.newInstance(NativeConstructorAccessorImpl.java:62)
sun.reflect.DelegatingConstructorAccessorImpl.newInstance(DelegatingConstructorAccessorImpl.java:45)
java.lang.reflect.Constructor.newInstance(Constructor.java:423)
org.openqa.selenium.remote.ErrorHandler.createThrowable(ErrorHandler.java:206)
org.openqa.selenium.remote.ErrorHandler.throwIfResponseFailed(ErrorHandler.java:158)
org.openqa.selenium.remote.RemoteWebDriver.execute(RemoteWebDriver.java:678)
org.openqa.selenium.remote.RemoteWebDriver.findElement(RemoteWebDriver.java:363)
org.openqa.selenium.remote.RemoteWebDriver.findElementByLinkText(RemoteWebDriver.java:428)
org.openqa.selenium.By$ByLinkText.findElement(By.java:246)
org.openqa.selenium.remote.RemoteWebDriver.findElement(RemoteWebDriver.java:355)
org.openqa.selenium.support.pagefactory.DefaultElementLocator.findElement(DefaultElementLocator.java:69)
org.openqa.selenium.support.pagefactory.internal.LocatingElementHandler.invoke(LocatingElementHandler.java:38)
com.sun.proxy.$Proxy3.getText(Unknown Source)
pageObjects.HomePage.getMyAccountText(HomePage.java:45)
StepImplementation.CreateNewUserSteps.verifyMessage(CreateNewUserSteps.java:30)
23:40:14.230 
   |username |password |
   |---------|---------|
   |kj@fd.com|Test@1234|
23:40:14.230 ## Create new users
23:40:14.231 * Click on Login
23:40:14.466 * Click on Create New User link
23:40:14.700 * Enter user details <username> and <password>
23:40:15.033 * User should be logged in with "MY ACCOUNT"

23:40:15.341 Failed Step: User should be logged in with "MY ACCOUNT"
23:40:15.341 Error Message: org.openqa.selenium.NoSuchElementException: no such element: Unable to locate element: {"method":"link text","selector":"MY ACCOUNT"}
  (Session info: chrome=63.0.3239.132)
  (Driver info: chromedriver=2.35.528157 (4429ca2590d6988c0745c24c8858745aaaec01ef),platform=Mac OS X 10.12.6 x86_64) (WARNING: The server did not provide any stacktrace information)
Command duration or timeout: 10 milliseconds
For documentation on this error, please visit: http://seleniumhq.org/exceptions/no_such_element.html
Build info: version: '2.53.1', revision: 'a36b8b1', time: '2016-06-30 17:32:46'
System info: host: 'in-apreeti.local', ip: '192.168.0.18', os.name: 'Mac OS X', os.arch: 'x86_64', os.version: '10.12.6', java.version: '1.8.0_102'
Driver info: org.openqa.selenium.chrome.ChromeDriver
Capabilities [{applicationCacheEnabled=false, rotatable=false, mobileEmulationEnabled=false, networkConnectionEnabled=false, chrome={chromedriverVersion=2.35.528157 (4429ca2590d6988c0745c24c8858745aaaec01ef), userDataDir=/var/folders/pg/xwtm6n891c396r0d9nywntwr0000gn/T/.org.chromium.Chromium.aZoawe}, takesHeapSnapshot=true, pageLoadStrategy=normal, databaseEnabled=false, handlesAlerts=true, hasTouchScreen=false, version=63.0.3239.132, platform=MAC, browserConnectionEnabled=false, nativeEvents=true, acceptSslCerts=false, acceptInsecureCerts=false, locationContextEnabled=true, webStorageEnabled=true, browserName=chrome, takesScreenshot=true, javascriptEnabled=true, cssSelectorsEnabled=true, setWindowRect=true, unexpectedAlertBehaviour=}]
Session ID: a82e8ae5363693f12d8d936474630300
*** Element info: {Using=link text, value=MY ACCOUNT}
23:40:15.341 Specification: specs/createUserWithSpecialParams.spec:16
23:40:15.341 Stacktrace: 
sun.reflect.NativeConstructorAccessorImpl.newInstance0(Native Method)
sun.reflect.NativeConstructorAccessorImpl.newInstance(NativeConstructorAccessorImpl.java:62)
sun.reflect.DelegatingConstructorAccessorImpl.newInstance(DelegatingConstructorAccessorImpl.java:45)
java.lang.reflect.Constructor.newInstance(Constructor.java:423)
org.openqa.selenium.remote.ErrorHandler.createThrowable(ErrorHandler.java:206)
org.openqa.selenium.remote.ErrorHandler.throwIfResponseFailed(ErrorHandler.java:158)
org.openqa.selenium.remote.RemoteWebDriver.execute(RemoteWebDriver.java:678)
org.openqa.selenium.remote.RemoteWebDriver.findElement(RemoteWebDriver.java:363)
org.openqa.selenium.remote.RemoteWebDriver.findElementByLinkText(RemoteWebDriver.java:428)
org.openqa.selenium.By$ByLinkText.findElement(By.java:246)
org.openqa.selenium.remote.RemoteWebDriver.findElement(RemoteWebDriver.java:355)
org.openqa.selenium.support.pagefactory.DefaultElementLocator.findElement(DefaultElementLocator.java:69)
org.openqa.selenium.support.pagefactory.internal.LocatingElementHandler.invoke(LocatingElementHandler.java:38)
com.sun.proxy.$Proxy3.getText(Unknown Source)
pageObjects.HomePage.getMyAccountText(HomePage.java:45)
StepImplementation.CreateNewUserSteps.verifyMessage(CreateNewUserSteps.java:30)
23:40:15.341 
   |username |password |
   |---------|---------|
   |kj@ew.com|Test@1234|
23:40:15.341 ## Create new users
23:40:15.342 * Click on Login
23:40:15.537 * Click on Create New User link
23:40:15.767 * Enter user details <username> and <password>
23:40:16.116 * User should be logged in with "MY ACCOUNT"

23:40:16.431 Failed Step: User should be logged in with "MY ACCOUNT"
23:40:16.431 Error Message: org.openqa.selenium.NoSuchElementException: no such element: Unable to locate element: {"method":"link text","selector":"MY ACCOUNT"}
  (Session info: chrome=63.0.3239.132)
  (Driver info: chromedriver=2.35.528157 (4429ca2590d6988c0745c24c8858745aaaec01ef),platform=Mac OS X 10.12.6 x86_64) (WARNING: The server did not provide any stacktrace information)
Command duration or timeout: 10 milliseconds
For documentation on this error, please visit: http://seleniumhq.org/exceptions/no_such_element.html
Build info: version: '2.53.1', revision: 'a36b8b1', time: '2016-06-30 17:32:46'
System info: host: 'in-apreeti.local', ip: '192.168.0.18', os.name: 'Mac OS X', os.arch: 'x86_64', os.version: '10.12.6', java.version: '1.8.0_102'
Driver info: org.openqa.selenium.chrome.ChromeDriver
Capabilities [{applicationCacheEnabled=false, rotatable=false, mobileEmulationEnabled=false, networkConnectionEnabled=false, chrome={chromedriverVersion=2.35.528157 (4429ca2590d6988c0745c24c8858745aaaec01ef), userDataDir=/var/folders/pg/xwtm6n891c396r0d9nywntwr0000gn/T/.org.chromium.Chromium.aZoawe}, takesHeapSnapshot=true, pageLoadStrategy=normal, databaseEnabled=false, handlesAlerts=true, hasTouchScreen=false, version=63.0.3239.132, platform=MAC, browserConnectionEnabled=false, nativeEvents=true, acceptSslCerts=false, acceptInsecureCerts=false, locationContextEnabled=true, webStorageEnabled=true, browserName=chrome, takesScreenshot=true, javascriptEnabled=true, cssSelectorsEnabled=true, setWindowRect=true, unexpectedAlertBehaviour=}]
Session ID: a82e8ae5363693f12d8d936474630300
*** Element info: {Using=link text, value=MY ACCOUNT}
23:40:16.431 Specification: specs/createUserWithSpecialParams.spec:16
23:40:16.431 Stacktrace: 
sun.reflect.NativeConstructorAccessorImpl.newInstance0(Native Method)
sun.reflect.NativeConstructorAccessorImpl.newInstance(NativeConstructorAccessorImpl.java:62)
sun.reflect.DelegatingConstructorAccessorImpl.newInstance(DelegatingConstructorAccessorImpl.java:45)
java.lang.reflect.Constructor.newInstance(Constructor.java:423)
org.openqa.selenium.remote.ErrorHandler.createThrowable(ErrorHandler.java:206)
org.openqa.selenium.remote.ErrorHandler.throwIfResponseFailed(ErrorHandler.java:158)
org.openqa.selenium.remote.RemoteWebDriver.execute(RemoteWebDriver.java:678)
org.openqa.selenium.remote.RemoteWebDriver.findElement(RemoteWebDriver.java:363)
org.openqa.selenium.remote.RemoteWebDriver.findElementByLinkText(RemoteWebDriver.java:428)
org.openqa.selenium.By$ByLinkText.findElement(By.java:246)
org.openqa.selenium.remote.RemoteWebDriver.findElement(RemoteWebDriver.java:355)
org.openqa.selenium.support.pagefactory.DefaultElementLocator.findElement(DefaultElementLocator.java:69)
org.openqa.selenium.support.pagefactory.internal.LocatingElementHandler.invoke(LocatingElementHandler.java:38)
com.sun.proxy.$Proxy3.getText(Unknown Source)
pageObjects.HomePage.getMyAccountText(HomePage.java:45)
StepImplementation.CreateNewUserSteps.verifyMessage(CreateNewUserSteps.java:30)
23:40:16.432 
   |username |password |
   |---------|---------|
   |kj@fd.com|Test@1234|
23:40:16.432 ## Create new users
23:40:16.432 * Click on Login
23:40:16.641 * Click on Create New User link
23:40:16.867 * Enter user details <username> and <password>
23:40:17.196 * User should be logged in with "MY ACCOUNT"

23:40:17.496 Failed Step: User should be logged in with "MY ACCOUNT"
23:40:17.496 Error Message: org.openqa.selenium.NoSuchElementException: no such element: Unable to locate element: {"method":"link text","selector":"MY ACCOUNT"}
  (Session info: chrome=63.0.3239.132)
  (Driver info: chromedriver=2.35.528157 (4429ca2590d6988c0745c24c8858745aaaec01ef),platform=Mac OS X 10.12.6 x86_64) (WARNING: The server did not provide any stacktrace information)
Command duration or timeout: 10 milliseconds
For documentation on this error, please visit: http://seleniumhq.org/exceptions/no_such_element.html
Build info: version: '2.53.1', revision: 'a36b8b1', time: '2016-06-30 17:32:46'
System info: host: 'in-apreeti.local', ip: '192.168.0.18', os.name: 'Mac OS X', os.arch: 'x86_64', os.version: '10.12.6', java.version: '1.8.0_102'
Driver info: org.openqa.selenium.chrome.ChromeDriver
Capabilities [{applicationCacheEnabled=false, rotatable=false, mobileEmulationEnabled=false, networkConnectionEnabled=false, chrome={chromedriverVersion=2.35.528157 (4429ca2590d6988c0745c24c8858745aaaec01ef), userDataDir=/var/folders/pg/xwtm6n891c396r0d9nywntwr0000gn/T/.org.chromium.Chromium.aZoawe}, takesHeapSnapshot=true, pageLoadStrategy=normal, databaseEnabled=false, handlesAlerts=true, hasTouchScreen=false, version=63.0.3239.132, platform=MAC, browserConnectionEnabled=false, nativeEvents=true, acceptSslCerts=false, acceptInsecureCerts=false, locationContextEnabled=true, webStorageEnabled=true, browserName=chrome, takesScreenshot=true, javascriptEnabled=true, cssSelectorsEnabled=true, setWindowRect=true, unexpectedAlertBehaviour=}]
Session ID: a82e8ae5363693f12d8d936474630300
*** Element info: {Using=link text, value=MY ACCOUNT}
23:40:17.496 Specification: specs/createUserWithSpecialParams.spec:16
23:40:17.496 Stacktrace: 
sun.reflect.NativeConstructorAccessorImpl.newInstance0(Native Method)
sun.reflect.NativeConstructorAccessorImpl.newInstance(NativeConstructorAccessorImpl.java:62)
sun.reflect.DelegatingConstructorAccessorImpl.newInstance(DelegatingConstructorAccessorImpl.java:45)
java.lang.reflect.Constructor.newInstance(Constructor.java:423)
org.openqa.selenium.remote.ErrorHandler.createThrowable(ErrorHandler.java:206)
org.openqa.selenium.remote.ErrorHandler.throwIfResponseFailed(ErrorHandler.java:158)
org.openqa.selenium.remote.RemoteWebDriver.execute(RemoteWebDriver.java:678)
org.openqa.selenium.remote.RemoteWebDriver.findElement(RemoteWebDriver.java:363)
org.openqa.selenium.remote.RemoteWebDriver.findElementByLinkText(RemoteWebDriver.java:428)
org.openqa.selenium.By$ByLinkText.findElement(By.java:246)
org.openqa.selenium.remote.RemoteWebDriver.findElement(RemoteWebDriver.java:355)
org.openqa.selenium.support.pagefactory.DefaultElementLocator.findElement(DefaultElementLocator.java:69)
org.openqa.selenium.support.pagefactory.internal.LocatingElementHandler.invoke(LocatingElementHandler.java:38)
com.sun.proxy.$Proxy3.getText(Unknown Source)
pageObjects.HomePage.getMyAccountText(HomePage.java:45)
StepImplementation.CreateNewUserSteps.verifyMessage(CreateNewUserSteps.java:30)
23:40:17.496 # Login using concepts
23:40:17.497 
   |username |password |
   |---------|---------|
   |uy@um.com|Test@1234|
23:40:17.497 ## Successful login
23:40:17.497 * Login as user <username> and <password>

23:40:17.497 * Enter log in details <username> and password <password>
23:40:17.788 * Submit the form
23:40:18.125 * User should be logged in with message "MY ACCOUNT"
23:40:18.147 * Close the browser
23:40:18.256 * Quit the browser
23:40:18.279 
   |username |password |
   |---------|---------|
   |kj@um.com|Test@1234|
23:40:18.279 ## Successful login
23:40:18.279 * Login as user <username> and <password>

23:40:18.279 * Enter log in details <username> and password <password>
23:40:18.575 Failed Step: Enter log in details <username> and password <password>
23:40:18.575 Error Message: org.openqa.selenium.remote.SessionNotFoundException: Session ID is null. Using WebDriver after calling quit()?
Build info: version: '2.53.1', revision: 'a36b8b1', time: '2016-06-30 17:32:46'
System info: host: 'in-apreeti.local', ip: '192.168.0.18', os.name: 'Mac OS X', os.arch: 'x86_64', os.version: '10.12.6', java.version: '1.8.0_102'
Driver info: driver.version: RemoteWebDriver
23:40:18.575 Specification: specs/loginUsingConcepts.spec
23:40:18.575 Stacktrace: 
org.openqa.selenium.remote.HttpCommandExecutor.execute(HttpCommandExecutor.java:134)
org.openqa.selenium.remote.service.DriverCommandExecutor.execute(DriverCommandExecutor.java:82)
org.openqa.selenium.remote.RemoteWebDriver.execute(RemoteWebDriver.java:644)
org.openqa.selenium.remote.RemoteWebDriver.findElement(RemoteWebDriver.java:363)
org.openqa.selenium.remote.RemoteWebDriver.findElementById(RemoteWebDriver.java:413)
org.openqa.selenium.By$ById.findElement(By.java:218)
org.openqa.selenium.remote.RemoteWebDriver.findElement(RemoteWebDriver.java:355)
org.openqa.selenium.support.pagefactory.DefaultElementLocator.findElement(DefaultElementLocator.java:69)
org.openqa.selenium.support.pagefactory.internal.LocatingElementHandler.invoke(LocatingElementHandler.java:38)
com.sun.proxy.$Proxy3.click(Unknown Source)
pageObjects.HomePage.clickOnLogin(HomePage.java:37)
StepImplementation.LoginSteps.enterLoginDetails(LoginSteps.java:24)
23:40:18.576 
   |username |password |
   |---------|---------|
   |kj@k.vcom|Test@1234|
23:40:18.576 ## Successful login
23:40:18.576 * Login as user <username> and <password>

23:40:18.576 * Enter log in details <username> and password <password>
23:40:18.866 Failed Step: Enter log in details <username> and password <password>
23:40:18.866 Error Message: org.openqa.selenium.remote.SessionNotFoundException: Session ID is null. Using WebDriver after calling quit()?
Build info: version: '2.53.1', revision: 'a36b8b1', time: '2016-06-30 17:32:46'
System info: host: 'in-apreeti.local', ip: '192.168.0.18', os.name: 'Mac OS X', os.arch: 'x86_64', os.version: '10.12.6', java.version: '1.8.0_102'
Driver info: driver.version: RemoteWebDriver
23:40:18.866 Specification: specs/loginUsingConcepts.spec
23:40:18.866 Stacktrace: 
org.openqa.selenium.remote.HttpCommandExecutor.execute(HttpCommandExecutor.java:134)
org.openqa.selenium.remote.service.DriverCommandExecutor.execute(DriverCommandExecutor.java:82)
org.openqa.selenium.remote.RemoteWebDriver.execute(RemoteWebDriver.java:644)
org.openqa.selenium.remote.RemoteWebDriver.findElement(RemoteWebDriver.java:363)
org.openqa.selenium.remote.RemoteWebDriver.findElementById(RemoteWebDriver.java:413)
org.openqa.selenium.By$ById.findElement(By.java:218)
org.openqa.selenium.remote.RemoteWebDriver.findElement(RemoteWebDriver.java:355)
org.openqa.selenium.support.pagefactory.DefaultElementLocator.findElement(DefaultElementLocator.java:69)
org.openqa.selenium.support.pagefactory.internal.LocatingElementHandler.invoke(LocatingElementHandler.java:38)
com.sun.proxy.$Proxy3.click(Unknown Source)
pageObjects.HomePage.clickOnLogin(HomePage.java:37)
StepImplementation.LoginSteps.enterLoginDetails(LoginSteps.java:24)
23:40:18.867 
   |username |password |
   |---------|---------|
   |kj@fd.com|Test@1234|
23:40:18.867 ## Successful login
23:40:18.867 * Login as user <username> and <password>

23:40:18.867 * Enter log in details <username> and password <password>
23:40:19.125 Failed Step: Enter log in details <username> and password <password>
23:40:19.125 Error Message: org.openqa.selenium.remote.SessionNotFoundException: Session ID is null. Using WebDriver after calling quit()?
Build info: version: '2.53.1', revision: 'a36b8b1', time: '2016-06-30 17:32:46'
System info: host: 'in-apreeti.local', ip: '192.168.0.18', os.name: 'Mac OS X', os.arch: 'x86_64', os.version: '10.12.6', java.version: '1.8.0_102'
Driver info: driver.version: RemoteWebDriver
23:40:19.125 Specification: specs/loginUsingConcepts.spec
23:40:19.125 Stacktrace: 
org.openqa.selenium.remote.HttpCommandExecutor.execute(HttpCommandExecutor.java:134)
org.openqa.selenium.remote.service.DriverCommandExecutor.execute(DriverCommandExecutor.java:82)
org.openqa.selenium.remote.RemoteWebDriver.execute(RemoteWebDriver.java:644)
org.openqa.selenium.remote.RemoteWebDriver.findElement(RemoteWebDriver.java:363)
org.openqa.selenium.remote.RemoteWebDriver.findElementById(RemoteWebDriver.java:413)
org.openqa.selenium.By$ById.findElement(By.java:218)
org.openqa.selenium.remote.RemoteWebDriver.findElement(RemoteWebDriver.java:355)
org.openqa.selenium.support.pagefactory.DefaultElementLocator.findElement(DefaultElementLocator.java:69)
org.openqa.selenium.support.pagefactory.internal.LocatingElementHandler.invoke(LocatingElementHandler.java:38)
com.sun.proxy.$Proxy3.click(Unknown Source)
pageObjects.HomePage.clickOnLogin(HomePage.java:37)
StepImplementation.LoginSteps.enterLoginDetails(LoginSteps.java:24)
23:40:19.125 
   |username |password |
   |---------|---------|
   |kj@ew.com|Test@1234|
23:40:19.125 ## Successful login
23:40:19.126 * Login as user <username> and <password>

23:40:19.126 * Enter log in details <username> and password <password>
23:40:19.406 Failed Step: Enter log in details <username> and password <password>
23:40:19.406 Error Message: org.openqa.selenium.remote.SessionNotFoundException: Session ID is null. Using WebDriver after calling quit()?
Build info: version: '2.53.1', revision: 'a36b8b1', time: '2016-06-30 17:32:46'
System info: host: 'in-apreeti.local', ip: '192.168.0.18', os.name: 'Mac OS X', os.arch: 'x86_64', os.version: '10.12.6', java.version: '1.8.0_102'
Driver info: driver.version: RemoteWebDriver
23:40:19.406 Specification: specs/loginUsingConcepts.spec
23:40:19.406 Stacktrace: 
org.openqa.selenium.remote.HttpCommandExecutor.execute(HttpCommandExecutor.java:134)
org.openqa.selenium.remote.service.DriverCommandExecutor.execute(DriverCommandExecutor.java:82)
org.openqa.selenium.remote.RemoteWebDriver.execute(RemoteWebDriver.java:644)
org.openqa.selenium.remote.RemoteWebDriver.findElement(RemoteWebDriver.java:363)
org.openqa.selenium.remote.RemoteWebDriver.findElementById(RemoteWebDriver.java:413)
org.openqa.selenium.By$ById.findElement(By.java:218)
org.openqa.selenium.remote.RemoteWebDriver.findElement(RemoteWebDriver.java:355)
org.openqa.selenium.support.pagefactory.DefaultElementLocator.findElement(DefaultElementLocator.java:69)
org.openqa.selenium.support.pagefactory.internal.LocatingElementHandler.invoke(LocatingElementHandler.java:38)
com.sun.proxy.$Proxy3.click(Unknown Source)
pageObjects.HomePage.clickOnLogin(HomePage.java:37)
StepImplementation.LoginSteps.enterLoginDetails(LoginSteps.java:24)
23:40:19.406 
   |username |password |
   |---------|---------|
   |kj@fd.com|Test@1234|
23:40:19.406 ## Successful login
23:40:19.407 * Login as user <username> and <password>

23:40:19.407 * Enter log in details <username> and password <password>
23:40:19.673 Failed Step: Enter log in details <username> and password <password>
23:40:19.673 Error Message: org.openqa.selenium.remote.SessionNotFoundException: Session ID is null. Using WebDriver after calling quit()?
Build info: version: '2.53.1', revision: 'a36b8b1', time: '2016-06-30 17:32:46'
System info: host: 'in-apreeti.local', ip: '192.168.0.18', os.name: 'Mac OS X', os.arch: 'x86_64', os.version: '10.12.6', java.version: '1.8.0_102'
Driver info: driver.version: RemoteWebDriver
23:40:19.673 Specification: specs/loginUsingConcepts.spec
23:40:19.673 Stacktrace: 
org.openqa.selenium.remote.HttpCommandExecutor.execute(HttpCommandExecutor.java:134)
org.openqa.selenium.remote.service.DriverCommandExecutor.execute(DriverCommandExecutor.java:82)
org.openqa.selenium.remote.RemoteWebDriver.execute(RemoteWebDriver.java:644)
org.openqa.selenium.remote.RemoteWebDriver.findElement(RemoteWebDriver.java:363)
org.openqa.selenium.remote.RemoteWebDriver.findElementById(RemoteWebDriver.java:413)
org.openqa.selenium.By$ById.findElement(By.java:218)
org.openqa.selenium.remote.RemoteWebDriver.findElement(RemoteWebDriver.java:355)
org.openqa.selenium.support.pagefactory.DefaultElementLocator.findElement(DefaultElementLocator.java:69)
org.openqa.selenium.support.pagefactory.internal.LocatingElementHandler.invoke(LocatingElementHandler.java:38)
com.sun.proxy.$Proxy3.click(Unknown Source)
pageObjects.HomePage.clickOnLogin(HomePage.java:37)
StepImplementation.LoginSteps.enterLoginDetails(LoginSteps.java:24)
23:40:19.674 # Search Specification
23:40:19.674 ## Successful search
23:40:19.674 * Search for product "Mug"
23:40:19.948 Failed Step: Search for product "Mug"
23:40:19.948 Error Message: org.openqa.selenium.remote.SessionNotFoundException: Session ID is null. Using WebDriver after calling quit()?
Build info: version: '2.53.1', revision: 'a36b8b1', time: '2016-06-30 17:32:46'
System info: host: 'in-apreeti.local', ip: '192.168.0.18', os.name: 'Mac OS X', os.arch: 'x86_64', os.version: '10.12.6', java.version: '1.8.0_102'
Driver info: driver.version: RemoteWebDriver
23:40:19.948 Specification: specs/search.spec:11
23:40:19.948 Stacktrace: 
org.openqa.selenium.remote.HttpCommandExecutor.execute(HttpCommandExecutor.java:134)
org.openqa.selenium.remote.service.DriverCommandExecutor.execute(DriverCommandExecutor.java:82)
org.openqa.selenium.remote.RemoteWebDriver.execute(RemoteWebDriver.java:644)
org.openqa.selenium.remote.RemoteWebDriver.findElement(RemoteWebDriver.java:363)
org.openqa.selenium.remote.RemoteWebDriver.findElementById(RemoteWebDriver.java:413)
org.openqa.selenium.By$ById.findElement(By.java:218)
org.openqa.selenium.remote.RemoteWebDriver.findElement(RemoteWebDriver.java:355)
org.openqa.selenium.support.pagefactory.DefaultElementLocator.findElement(DefaultElementLocator.java:69)
org.openqa.selenium.support.pagefactory.internal.LocatingElementHandler.invoke(LocatingElementHandler.java:38)
com.sun.proxy.$Proxy3.sendKeys(Unknown Source)
pageObjects.HomePage.searchForKeyword(HomePage.java:49)
StepImplementation.SearchSteps.searchForKeyword(SearchSteps.java:15)
23:40:19.949 ## Unsuccessful search
23:40:19.949 * Search for product "Unknown"
23:40:20.219 Failed Step: Search for product "Unknown"
23:40:20.219 Error Message: org.openqa.selenium.remote.SessionNotFoundException: Session ID is null. Using WebDriver after calling quit()?
Build info: version: '2.53.1', revision: 'a36b8b1', time: '2016-06-30 17:32:46'
System info: host: 'in-apreeti.local', ip: '192.168.0.18', os.name: 'Mac OS X', os.arch: 'x86_64', os.version: '10.12.6', java.version: '1.8.0_102'
Driver info: driver.version: RemoteWebDriver
23:40:20.219 Specification: specs/search.spec:16
23:40:20.219 Stacktrace: 
org.openqa.selenium.remote.HttpCommandExecutor.execute(HttpCommandExecutor.java:134)
org.openqa.selenium.remote.service.DriverCommandExecutor.execute(DriverCommandExecutor.java:82)
org.openqa.selenium.remote.RemoteWebDriver.execute(RemoteWebDriver.java:644)
org.openqa.selenium.remote.RemoteWebDriver.findElement(RemoteWebDriver.java:363)
org.openqa.selenium.remote.RemoteWebDriver.findElementById(RemoteWebDriver.java:413)
org.openqa.selenium.By$ById.findElement(By.java:218)
org.openqa.selenium.remote.RemoteWebDriver.findElement(RemoteWebDriver.java:355)
org.openqa.selenium.support.pagefactory.DefaultElementLocator.findElement(DefaultElementLocator.java:69)
org.openqa.selenium.support.pagefactory.internal.LocatingElementHandler.invoke(LocatingElementHandler.java:38)
com.sun.proxy.$Proxy3.sendKeys(Unknown Source)
pageObjects.HomePage.searchForKeyword(HomePage.java:49)
StepImplementation.SearchSteps.searchForKeyword(SearchSteps.java:15)
23:40:20.219 # Context and Tear Down Specification
23:40:20.220 ## Successful search
23:40:20.220 * Search for product "Mug"
23:40:20.496 Failed Step: Search for product "Mug"
23:40:20.496 Error Message: org.openqa.selenium.remote.SessionNotFoundException: Session ID is null. Using WebDriver after calling quit()?
Build info: version: '2.53.1', revision: 'a36b8b1', time: '2016-06-30 17:32:46'
System info: host: 'in-apreeti.local', ip: '192.168.0.18', os.name: 'Mac OS X', os.arch: 'x86_64', os.version: '10.12.6', java.version: '1.8.0_102'
Driver info: driver.version: RemoteWebDriver
23:40:20.496 Specification: specs/searchWithContextAndTearDown.spec:13
23:40:20.496 Stacktrace: 
org.openqa.selenium.remote.HttpCommandExecutor.execute(HttpCommandExecutor.java:134)
org.openqa.selenium.remote.service.DriverCommandExecutor.execute(DriverCommandExecutor.java:82)
org.openqa.selenium.remote.RemoteWebDriver.execute(RemoteWebDriver.java:644)
org.openqa.selenium.remote.RemoteWebDriver.findElement(RemoteWebDriver.java:363)
org.openqa.selenium.remote.RemoteWebDriver.findElementById(RemoteWebDriver.java:413)
org.openqa.selenium.By$ById.findElement(By.java:218)
org.openqa.selenium.remote.RemoteWebDriver.findElement(RemoteWebDriver.java:355)
org.openqa.selenium.support.pagefactory.DefaultElementLocator.findElement(DefaultElementLocator.java:69)
org.openqa.selenium.support.pagefactory.internal.LocatingElementHandler.invoke(LocatingElementHandler.java:38)
com.sun.proxy.$Proxy3.sendKeys(Unknown Source)
pageObjects.HomePage.searchForKeyword(HomePage.java:49)
StepImplementation.SearchSteps.searchForKeyword(SearchSteps.java:15)
23:40:20.496 ## Unsuccessful search
23:40:20.496 * Search for product "Unknown"
23:40:20.767 Failed Step: Search for product "Unknown"
23:40:20.767 Error Message: org.openqa.selenium.remote.SessionNotFoundException: Session ID is null. Using WebDriver after calling quit()?
Build info: version: '2.53.1', revision: 'a36b8b1', time: '2016-06-30 17:32:46'
System info: host: 'in-apreeti.local', ip: '192.168.0.18', os.name: 'Mac OS X', os.arch: 'x86_64', os.version: '10.12.6', java.version: '1.8.0_102'
Driver info: driver.version: RemoteWebDriver
23:40:20.767 Specification: specs/searchWithContextAndTearDown.spec:18
23:40:20.767 Stacktrace: 
org.openqa.selenium.remote.HttpCommandExecutor.execute(HttpCommandExecutor.java:134)
org.openqa.selenium.remote.service.DriverCommandExecutor.execute(DriverCommandExecutor.java:82)
org.openqa.selenium.remote.RemoteWebDriver.execute(RemoteWebDriver.java:644)
org.openqa.selenium.remote.RemoteWebDriver.findElement(RemoteWebDriver.java:363)
org.openqa.selenium.remote.RemoteWebDriver.findElementById(RemoteWebDriver.java:413)
org.openqa.selenium.By$ById.findElement(By.java:218)
org.openqa.selenium.remote.RemoteWebDriver.findElement(RemoteWebDriver.java:355)
org.openqa.selenium.support.pagefactory.DefaultElementLocator.findElement(DefaultElementLocator.java:69)
org.openqa.selenium.support.pagefactory.internal.LocatingElementHandler.invoke(LocatingElementHandler.java:38)
com.sun.proxy.$Proxy3.sendKeys(Unknown Source)
pageObjects.HomePage.searchForKeyword(HomePage.java:49)
StepImplementation.SearchSteps.searchForKeyword(SearchSteps.java:15)
23:40:20.767 # Search Specification
23:40:20.768 ## Successful search
23:40:20.768 * Search for product "Mug"
23:40:21.045 Failed Step: Search for product "Mug"
23:40:21.045 Error Message: org.openqa.selenium.remote.SessionNotFoundException: Session ID is null. Using WebDriver after calling quit()?
Build info: version: '2.53.1', revision: 'a36b8b1', time: '2016-06-30 17:32:46'
System info: host: 'in-apreeti.local', ip: '192.168.0.18', os.name: 'Mac OS X', os.arch: 'x86_64', os.version: '10.12.6', java.version: '1.8.0_102'
Driver info: driver.version: RemoteWebDriver
23:40:21.045 Specification: specs/searchWithTags.spec:16
23:40:21.045 Stacktrace: 
org.openqa.selenium.remote.HttpCommandExecutor.execute(HttpCommandExecutor.java:134)
org.openqa.selenium.remote.service.DriverCommandExecutor.execute(DriverCommandExecutor.java:82)
org.openqa.selenium.remote.RemoteWebDriver.execute(RemoteWebDriver.java:644)
org.openqa.selenium.remote.RemoteWebDriver.findElement(RemoteWebDriver.java:363)
org.openqa.selenium.remote.RemoteWebDriver.findElementById(RemoteWebDriver.java:413)
org.openqa.selenium.By$ById.findElement(By.java:218)
org.openqa.selenium.remote.RemoteWebDriver.findElement(RemoteWebDriver.java:355)
org.openqa.selenium.support.pagefactory.DefaultElementLocator.findElement(DefaultElementLocator.java:69)
org.openqa.selenium.support.pagefactory.internal.LocatingElementHandler.invoke(LocatingElementHandler.java:38)
com.sun.proxy.$Proxy3.sendKeys(Unknown Source)
pageObjects.HomePage.searchForKeyword(HomePage.java:49)
StepImplementation.SearchSteps.searchForKeyword(SearchSteps.java:15)
23:40:21.045 ## Unsuccessful search
23:40:21.046 * Search for product "Unknown"
23:40:21.321 Failed Step: Search for product "Unknown"
23:40:21.321 Error Message: org.openqa.selenium.remote.SessionNotFoundException: Session ID is null. Using WebDriver after calling quit()?
Build info: version: '2.53.1', revision: 'a36b8b1', time: '2016-06-30 17:32:46'
System info: host: 'in-apreeti.local', ip: '192.168.0.18', os.name: 'Mac OS X', os.arch: 'x86_64', os.version: '10.12.6', java.version: '1.8.0_102'
Driver info: driver.version: RemoteWebDriver
23:40:21.321 Specification: specs/searchWithTags.spec:24
23:40:21.321 Stacktrace: 
org.openqa.selenium.remote.HttpCommandExecutor.execute(HttpCommandExecutor.java:134)
org.openqa.selenium.remote.service.DriverCommandExecutor.execute(DriverCommandExecutor.java:82)
org.openqa.selenium.remote.RemoteWebDriver.execute(RemoteWebDriver.java:644)
org.openqa.selenium.remote.RemoteWebDriver.findElement(RemoteWebDriver.java:363)
org.openqa.selenium.remote.RemoteWebDriver.findElementById(RemoteWebDriver.java:413)
org.openqa.selenium.By$ById.findElement(By.java:218)
org.openqa.selenium.remote.RemoteWebDriver.findElement(RemoteWebDriver.java:355)
org.openqa.selenium.support.pagefactory.DefaultElementLocator.findElement(DefaultElementLocator.java:69)
org.openqa.selenium.support.pagefactory.internal.LocatingElementHandler.invoke(LocatingElementHandler.java:38)
com.sun.proxy.$Proxy3.sendKeys(Unknown Source)
pageObjects.HomePage.searchForKeyword(HomePage.java:49)
StepImplementation.SearchSteps.searchForKeyword(SearchSteps.java:15)
23:40:21.560 Plugin [Html Report] with pid [19961] has exited
23:40:22.064 Specifications:	6 executed	0 passed	6 failed	0 skipped
23:40:22.064 Scenarios:	9 executed	0 passed	9 failed	0 skipped
23:40:22.064 
Total time taken: 13.379s
10:49:13.884 Gauge Install ID: c2df18fd-009c-47d7-a7c5-41270e8387d0
10:49:15.719 Checking updates...
10:49:20.477 Plugin [Html Report] with pid [20322] has exited
10:49:20.980 Specifications:	1 executed	1 passed	0 failed	0 skipped
10:49:20.980 Scenarios:	2 executed	2 passed	0 failed	0 skipped
10:49:20.980 
Total time taken: 2.997s
10:52:26.617 Gauge Install ID: c2df18fd-009c-47d7-a7c5-41270e8387d0
10:52:28.347 Checking updates...
10:52:37.128 Plugin [Html Report] with pid [20347] has exited
10:52:37.637 Specifications:	1 executed	1 passed	0 failed	0 skipped
10:52:37.637 Scenarios:	2 executed	2 passed	0 failed	0 skipped
10:52:37.637 
Total time taken: 7.094s
11:01:05.406 Gauge Install ID: c2df18fd-009c-47d7-a7c5-41270e8387d0
11:01:05.692 Gauge daemon initialized and listening on port: 50321
11:06:11.497 Gauge Install ID: c2df18fd-009c-47d7-a7c5-41270e8387d0
11:06:12.987 Checking updates...
11:06:15.375 # Context and Tear Down Specification
11:06:15.479 Plugin [Html Report] with pid [20412] has exited
11:06:15.680 Specifications:	0 executed	0 passed	0 failed	1 skipped
11:06:15.680 Scenarios:	0 executed	0 passed	0 failed	0 skipped
11:06:15.680 
Total time taken: 26ms
11:09:01.817 Gauge Install ID: c2df18fd-009c-47d7-a7c5-41270e8387d0
11:09:03.517 Checking updates...
11:09:05.449 # Context and Tear Down Specification
11:09:05.450 ## Successful search
11:09:05.452 * Enter log in details "kl@ka.com" and password "Test@1234"
11:09:07.273 * Submit the form
11:09:07.636 * User should be logged in with message "MY ACCOUNT"

11:09:07.667 * Search for product "Mug"
11:09:08.008 * Search results should have the products with the text "Mug" in their names

11:09:08.037 * Clear the search field
11:09:08.062 * Log out
11:09:08.520 Plugin [Html Report] with pid [20425] has exited
11:09:08.923 Specifications:	1 executed	1 passed	0 failed	0 skipped
11:09:08.923 Scenarios:	1 executed	1 passed	0 failed	0 skipped
11:09:08.923 
Total time taken: 2.992s
13:23:27.919 Gauge Install ID: c2df18fd-009c-47d7-a7c5-41270e8387d0
13:23:28.185 Gauge daemon initialized and listening on port: 53434
17:51:31.536 Gauge Install ID: c2df18fd-009c-47d7-a7c5-41270e8387d0
17:51:31.866 Gauge daemon initialized and listening on port: 64633
